Sat Feb 04 17:11:38 2017: TLOPO_GAMESERVER = gs-3.piratesonline.co
Sat Feb 04 17:11:38 2017: TLOPO_PLAYCOOKIE = f2e3477d131d5817eb27394ac5ac7193
Sat Feb 04 17:11:38 2017: PLocalizer: Running in language: English
Sat Feb 04 17:11:38 2017: PiratesStart: Starting the game.
Sat Feb 04 17:11:46 2017: :PiratesStart: getDriverVendor NVIDIA Corporation
Sat Feb 04 17:11:46 2017: :PiratesStart: getDriverRenderer GeForce GTX 1060 3GB/PCIe/SSE2
Sat Feb 04 17:11:46 2017: :PiratesStart: getDriverVersion 4.5.0 NVIDIA 375.86
Sat Feb 04 17:11:46 2017: serverVersion:  tlopo-beta-v1.3.7
Sat Feb 04 17:11:48 2017: Initializing quest ladders...
Sat Feb 04 17:12:50 2017: Cannot configure initialisation option "scale" for DirectFrame
Sat Feb 04 17:12:52 2017: setActiveQuest: c2.9visitDarby
Sat Feb 04 17:14:01 2017: setActiveQuest: c2.10visitDockworker
Sat Feb 04 17:14:11 2017: setActiveQuest: c2.11visitBarbossa
Sat Feb 04 17:14:15 2017: Traceback (most recent call last):
Sat Feb 04 17:14:15 2017:   File "pirates.ship.DistributedPlayerSimpleShipOV", line 132, in _doTp
Sat Feb 04 17:14:15 2017:   File "pirates.teleport.TLOPOTeleportManager", line 65, in beginTeleport
Sat Feb 04 17:14:15 2017:   File "pirates.teleport.TLOPOTeleportManager", line 132, in __gotTarget
Sat Feb 04 17:14:15 2017:   File "pirates.ship.DistributedSimpleShip", line 736, in registerMainBuiltFunction
Sat Feb 04 17:14:15 2017:   File "pirates.pirate.LocalPirate", line 2491, in placeOnShip
Sat Feb 04 17:14:15 2017:   File "pirates.pirate.LocalPirate", line 1527, in b_setLocation
Sat Feb 04 17:14:15 2017:   File "pirates.pirate.LocalPirate", line 1532, in setLocation
Sat Feb 04 17:14:15 2017:   File "pirates.pirate.DistributedPlayerPirate", line 1096, in setLocation
Sat Feb 04 17:14:15 2017:   File "pirates.reputation.DistributedReputationAvatar", line 54, in setLocation
Sat Feb 04 17:14:15 2017:   File "pirates.movement.DistributedMovingObject", line 141, in setLocation
Sat Feb 04 17:14:15 2017:   File "direct.distributed.DistributedNode", line 49, in setLocation
Sat Feb 04 17:14:15 2017:   File "direct.distributed.DistributedObject", line 495, in setLocation
Sat Feb 04 17:14:15 2017:   File "direct.distributed.DoCollectionManager", line 359, in storeObjectLocation
Sat Feb 04 17:14:15 2017:   File "pirates.ship.DistributedSimpleShip", line 1560, in handleChildArrive
Sat Feb 04 17:14:15 2017:   File "pirates.pirate.LocalPirate", line 2465, in handleArrivedOnShip
Sat Feb 04 17:14:15 2017:   File "pirates.ship.DistributedSimpleShip", line 3253, in getMinimap
Sat Feb 04 17:14:15 2017: AttributeError: 'LocalPirate' object has no attribute 'getMinimap'
Sat Feb 04 17:14:15 2017: Traceback (most recent call last):
Sat Feb 04 17:14:15 2017:   File "pirates.piratesbase.PiratesStart", line 128, in garbageCollectStatesTask
Sat Feb 04 17:14:15 2017:   File "pirates.ship.DistributedPlayerSimpleShipOV", line 132, in _doTp
Sat Feb 04 17:14:15 2017:   File "pirates.teleport.TLOPOTeleportManager", line 65, in beginTeleport
Sat Feb 04 17:14:15 2017:   File "pirates.teleport.TLOPOTeleportManager", line 132, in __gotTarget
Sat Feb 04 17:14:15 2017:   File "pirates.ship.DistributedSimpleShip", line 736, in registerMainBuiltFunction
Sat Feb 04 17:14:15 2017:   File "pirates.pirate.LocalPirate", line 2491, in placeOnShip
Sat Feb 04 17:14:15 2017:   File "pirates.pirate.LocalPirate", line 1527, in b_setLocation
Sat Feb 04 17:14:15 2017:   File "pirates.pirate.LocalPirate", line 1532, in setLocation
Sat Feb 04 17:14:15 2017:   File "pirates.pirate.DistributedPlayerPirate", line 1096, in setLocation
Sat Feb 04 17:14:15 2017:   File "pirates.reputation.DistributedReputationAvatar", line 54, in setLocation
Sat Feb 04 17:14:15 2017:   File "pirates.movement.DistributedMovingObject", line 141, in setLocation
Sat Feb 04 17:14:15 2017:   File "direct.distributed.DistributedNode", line 49, in setLocation
Sat Feb 04 17:14:15 2017:   File "direct.distributed.DistributedObject", line 495, in setLocation
Sat Feb 04 17:14:15 2017:   File "direct.distributed.DoCollectionManager", line 359, in storeObjectLocation
Sat Feb 04 17:14:15 2017:   File "pirates.ship.DistributedSimpleShip", line 1560, in handleChildArrive
Sat Feb 04 17:14:15 2017:   File "pirates.pirate.LocalPirate", line 2465, in handleArrivedOnShip
Sat Feb 04 17:14:15 2017:   File "pirates.ship.DistributedSimpleShip", line 3253, in getMinimap
Sat Feb 04 17:14:15 2017: AttributeError: 'LocalPirate' object has no attribute 'getMinimap'
Sat Feb 04 17:14:15 2017: Traceback (most recent call last):
Sat Feb 04 17:14:15 2017:   File "direct.distributed.ClientRepositoryBase", line 558, in sendHeartbeatTask
Sat Feb 04 17:14:15 2017:   File "otp.distributed.OTPClientRepository", line 1887, in sendHeartbeat
Sat Feb 04 17:14:15 2017:   File "pirates.piratesbase.PiratesStart", line 128, in garbageCollectStatesTask
Sat Feb 04 17:14:15 2017:   File "pirates.ship.DistributedPlayerSimpleShipOV", line 132, in _doTp
Sat Feb 04 17:14:15 2017:   File "pirates.teleport.TLOPOTeleportManager", line 65, in beginTeleport
Sat Feb 04 17:14:15 2017:   File "pirates.teleport.TLOPOTeleportManager", line 132, in __gotTarget
Sat Feb 04 17:14:15 2017:   File "pirates.ship.DistributedSimpleShip", line 736, in registerMainBuiltFunction
Sat Feb 04 17:14:15 2017:   File "pirates.pirate.LocalPirate", line 2491, in placeOnShip
Sat Feb 04 17:14:15 2017:   File "pirates.pirate.LocalPirate", line 1527, in b_setLocation
Sat Feb 04 17:14:15 2017:   File "pirates.pirate.LocalPirate", line 1532, in setLocation
Sat Feb 04 17:14:15 2017:   File "pirates.pirate.DistributedPlayerPirate", line 1096, in setLocation
Sat Feb 04 17:14:15 2017:   File "pirates.reputation.DistributedReputationAvatar", line 54, in setLocation
Sat Feb 04 17:14:15 2017:   File "pirates.movement.DistributedMovingObject", line 141, in setLocation
Sat Feb 04 17:14:15 2017:   File "direct.distributed.DistributedNode", line 49, in setLocation
Sat Feb 04 17:14:15 2017:   File "direct.distributed.DistributedObject", line 495, in setLocation
Sat Feb 04 17:14:15 2017:   File "direct.distributed.DoCollectionManager", line 359, in storeObjectLocation
Sat Feb 04 17:14:15 2017:   File "pirates.ship.DistributedSimpleShip", line 1560, in handleChildArrive
Sat Feb 04 17:14:15 2017:   File "pirates.pirate.LocalPirate", line 2465, in handleArrivedOnShip
Sat Feb 04 17:14:15 2017:   File "pirates.ship.DistributedSimpleShip", line 3253, in getMinimap
Sat Feb 04 17:14:15 2017: AttributeError: 'LocalPirate' object has no attribute 'getMinimap'
Sat Feb 04 17:14:15 2017: :TaskManager: TaskManager.destroy()
