Fri Feb 10 16:54:02 2017: TLOPO_GAMESERVER = gs-2.piratesonline.co
Fri Feb 10 16:54:02 2017: TLOPO_PLAYCOOKIE = c954d32c5397feea31dbe6d75b903a06
Fri Feb 10 16:54:02 2017: PLocalizer: Running in language: English
Fri Feb 10 16:54:02 2017: PiratesStart: Starting the game.
Fri Feb 10 16:54:06 2017: :PiratesStart: getDriverVendor NVIDIA Corporation
Fri Feb 10 16:54:06 2017: :PiratesStart: getDriverRenderer GeForce GTX 1060 3GB/PCIe/SSE2
Fri Feb 10 16:54:06 2017: :PiratesStart: getDriverVersion 4.5.0 NVIDIA 376.53
Fri Feb 10 16:54:06 2017: serverVersion:  tlopo-beta-v1.3.8
Fri Feb 10 16:54:07 2017: Initializing quest ladders...
Fri Feb 10 16:54:27 2017: :TaskManager: TaskManager.destroy()
ePath.I
:text: Loading font /c/Program Files (x86)/TLOPO/resources/phase_2/models/fonts/BriosoPro_chipped_outline.bam
:prc(warning): changing type for ConfigVariable compressed-textures from bool to int.
:text: Loading font /c/Program Files (x86)/TLOPO/resources/phase_2/models/fonts/BardiT.bam
:display: Created output of type ParasiteBuffer
:text: Loading font /c/Program Files (x86)/TLOPO/resources/phase_2/models/fonts/BriosoPro_chipped.bam
:text(warning): Creating default TextProperties for name 'purple'
:text(warning): Creating default TextProperties for name 'orange'
:text(warning): Creating default TextProperties for name 'maroon'
:text(warning): Creating default TextProperties for name 'lightGold'
:downloader: [1F613F4C] begin CONNECT [ s://gs-2.piratesonline.co:7969 ]
:display: Created output of type ParasiteBuffer
:downloader: [1F613F4C] Timeout connecting to gs-2.piratesonline.co:7969 for s://gs-2.piratesonline.co:7969.
:display: Closing wglGraphicsWindow
