Fri Feb 10 08:38:26 2017: TLOPO_GAMESERVER = gs-2.piratesonline.co
Fri Feb 10 08:38:26 2017: TLOPO_PLAYCOOKIE = cd1c9a585f660ad309db74516f6e9501
Fri Feb 10 08:38:26 2017: PLocalizer: Running in language: English
Fri Feb 10 08:38:26 2017: PiratesStart: Starting the game.
Fri Feb 10 08:38:30 2017: :PiratesStart: getDriverVendor NVIDIA Corporation
Fri Feb 10 08:38:30 2017: :PiratesStart: getDriverRenderer GeForce GTX 1060 3GB/PCIe/SSE2
Fri Feb 10 08:38:30 2017: :PiratesStart: getDriverVersion 4.5.0 NVIDIA 376.53
Fri Feb 10 08:38:30 2017: serverVersion:  tlopo-beta-v1.3.8
Fri Feb 10 08:38:31 2017: Initializing quest ladders...
Fri Feb 10 08:39:06 2017: :TaskManager: TaskManager.destroy()
ePath.I
:text: Loading font /c/Program Files (x86)/TLOPO/resources/phase_2/models/fonts/BriosoPro_chipped_outline.bam
:prc(warning): changing type for ConfigVariable compressed-textures from bool to int.
:text: Loading font /c/Program Files (x86)/TLOPO/resources/phase_2/models/fonts/BardiT.bam
:display: Created output of type ParasiteBuffer
:text: Loading font /c/Program Files (x86)/TLOPO/resources/phase_2/models/fonts/BriosoPro_chipped.bam
:text(warning): Creating default TextProperties for name 'purple'
:text(warning): Creating default TextProperties for name 'orange'
:text(warning): Creating default TextProperties for name 'maroon'
:text(warning): Creating default TextProperties for name 'lightGold'
:downloader: [1DF9EAA4] begin CONNECT [ s://gs-2.piratesonline.co:7969 ]
:display: Created output of type ParasiteBuffer
:downloader: [1DF9EAA4] Timeout connecting to gs-2.piratesonline.co:7969 for s://gs-2.piratesonline.co:7969.
:downloader: [1D4018EC] begin CONNECT [ s://gs-2.piratesonline.co:7969 ]
Assertion failed: !is_empty() at line 1838 of c:\nirai\panda3d\panda\src\pgraph\nodePath.I
:downloader: [1D4018EC] Timeout connecting to gs-2.piratesonline.co:7969 for s://gs-2.piratesonline.co:7969.
:display: Created output of type ParasiteBuffer
