Tue Feb 07 18:42:39 2017: TLOPO_GAMESERVER = gs-3.piratesonline.co
Tue Feb 07 18:42:39 2017: TLOPO_PLAYCOOKIE = bb7b1bb9d756b5e2275097c6857af477
Tue Feb 07 18:42:39 2017: PLocalizer: Running in language: English
Tue Feb 07 18:42:40 2017: PiratesStart: Starting the game.
Tue Feb 07 18:42:44 2017: :PiratesStart: getDriverVendor NVIDIA Corporation
Tue Feb 07 18:42:44 2017: :PiratesStart: getDriverRenderer GeForce GTX 1060 3GB/PCIe/SSE2
Tue Feb 07 18:42:44 2017: :PiratesStart: getDriverVersion 4.5.0 NVIDIA 375.86
Tue Feb 07 18:42:45 2017: serverVersion:  tlopo-beta-v1.3.7
Tue Feb 07 18:42:46 2017: Initializing quest ladders...
Tue Feb 07 18:43:27 2017: Cannot configure initialisation option "scale" for DirectFrame
Tue Feb 07 18:43:29 2017: setActiveQuest: wkr4.1daggerMaterialsB
Tue Feb 07 18:46:29 2017: 0.12
Tue Feb 07 18:46:29 2017: 0.265957446809
Tue Feb 07 18:46:29 2017: 0.675675675676
Tue Feb 07 18:46:29 2017: 0.142857142857
Tue Feb 07 18:46:29 2017: 0.25
Tue Feb 07 18:46:29 2017: 0.25
Tue Feb 07 18:46:29 2017: 0.25
Tue Feb 07 18:46:29 2017: OnscreenText.configure: mayChange == 0
Tue Feb 07 18:47:02 2017: setActiveQuest: wk.4visitElizabeth
Tue Feb 07 18:47:04 2017: presentQuestReset None
Tue Feb 07 18:47:58 2017: setActiveQuest: wk.5recoverMessage
Tue Feb 07 18:48:05 2017: presentQuestReset None
Tue Feb 07 18:49:16 2017: setActiveQuest: dd1.recovercloth
Tue Feb 07 18:49:18 2017: presentQuestReset None
Tue Feb 07 18:55:13 2017: setActiveQuest: wk.5recoverMessage
Tue Feb 07 18:55:15 2017: presentQuestReset None
Tue Feb 07 18:55:19 2017: 0.12
Tue Feb 07 18:55:19 2017: 0.265957446809
Tue Feb 07 18:55:19 2017: 0.675675675676
Tue Feb 07 18:55:19 2017: 0.142857142857
Tue Feb 07 18:55:19 2017: 0.25
Tue Feb 07 18:55:19 2017: 0.25
Tue Feb 07 18:55:19 2017: 0.25
Tue Feb 07 18:55:19 2017: OnscreenText.configure: mayChange == 0
Tue Feb 07 18:56:33 2017: setActiveQuest: tptpr.2LucindasTrust
Tue Feb 07 18:56:36 2017: presentQuestReset None
Tue Feb 07 18:59:26 2017: 0.12
Tue Feb 07 18:59:26 2017: 0.265957446809
Tue Feb 07 18:59:26 2017: 0.675675675676
Tue Feb 07 18:59:26 2017: 0.142857142857
Tue Feb 07 18:59:26 2017: 0.25
Tue Feb 07 18:59:26 2017: 0.25
Tue Feb 07 18:59:26 2017: 0.25
Tue Feb 07 18:59:26 2017: OnscreenText.configure: mayChange == 0
Tue Feb 07 18:59:33 2017: OnscreenText.configure: mayChange == 0
Tue Feb 07 19:01:38 2017: setActiveQuest: wk.5recoverMessage
Tue Feb 07 19:27:27 2017: setActiveQuest: wk.6visitWill
Tue Feb 07 19:27:30 2017: presentQuestReset None
Tue Feb 07 19:28:19 2017: setActiveQuest: wk.7deliverKnives
Tue Feb 07 19:28:20 2017: presentQuestReset None
Tue Feb 07 19:29:13 2017: setActiveQuest: tptpr.2LucindasTrust
Tue Feb 07 19:29:16 2017: presentQuestReset None
eFrequency: 14318180
:display:windisplay: CPU frequency: 3917806828
:display:windisplay: start CPU ID
:display:windisplay: end CPU ID
:display:windisplay: 3 CPU cores, with 6 logical processors.
:display: Created output of type ParasiteBuffer
:display:gsg:glgsg: reloading texture prop_aztec_coin with mipmaps
Assertion failed: !is_empty() at line 1838 of c:\nirai\panda3d\panda\src\pgraph\nodePath.I
:text(warning): Unknown TextGraphic: badge-0-0
:text(warning): Unknown TextGraphic: badge-0-0
:text(warning): Unknown TextGraphic: badge-0-0
:text(warning): Unknown TextGraphic: badge-0-0
:text(warning): Unknown TextGraphic: badge-0-0
:text(warning): Unknown TextGraphic: badge-0-0
:text(warning): Unknown TextGraphic: badge-0-0
:text(warning): Unknown TextGraphic: badge-0-0
:text(warning): Unknown TextGraphic: badge-0-0
:text(warning): Unknown TextGraphic: badge-0-0
:text(warning): Unknown TextGraphic: badge-0-0
:text(warning): Unknown TextGraphic: badge-0-0
:text(warning): Unknown TextGraphic: badge-0-0
:text(warning): Unknown TextGraphic: badge-0-0
:text(warning): Unknown TextGraphic: badge-0-0
:text(warning): Unknown TextGraphic: badge-0-0
:text(warning): Unknown TextGraphic: badge-0-0
:text(warning): Unknown TextGraphic: badge-0-0
:text(warning): Unknown TextGraphic: badge-0-0
:text(warning): Unknown TextGraphic: badge-0-0
:text(warning): Unknown TextGraphic: badge-0-0
:text(warning): Unknown TextGraphic: badge-0-0
:text(warning): Unknown TextGraphic: badge-0-0
:text(warning): Unknown TextGraphic: badge-0-0
:text(warning): Unknown TextGraphic: badge-0-0
:text(warning): Unknown TextGraphic: badge-0-0
:text(warning): Unknown TextGraphic: badge-0-0
:text(warning): Unknown TextGraphic: badge-0-0
:text(warning): Unknown TextGraphic: badge-0-0
:text(warning): Unknown TextGraphic: badge-0-0
:text(warning): Unknown TextGraphic: badge-0-0
:text(warning): Unknown TextGraphic: badge-0-0
:text(warning): Unknown TextGraphic: badge-0-0
:text(warning): Unknown TextGraphic: badge-0-0
:text(warning): Unknown TextGraphic: badge-0-0
:text(warning): Unknown TextGraphic: badge-0-0
:text(warning): Unknown TextGraphic: badge-0-0
:text(warning): Unknown TextGraphic: badge-0-0
:text(warning): Unknown TextGraphic: badge-0-0
:text(warning): Unknown TextGraphic: badge-0-0
:display: Created output of type ParasiteBuffer
:display:gsg:glgsg: reloading texture particleSmoke with mipmaps
:display:gsg:glgsg: reloading texture particleSmoke with mipmaps
:text(warning): Unknown TextGraphic: badge-0-0
:text(warning): Unknown TextGraphic: badge-0-0
:text(warning): Unknown TextGraphic: badge-0-0
:text(warning): Unknown TextGraphic: badge-0-0
:text(warning): Unknown TextGraphic: badge-0-0
:text(warning): Unknown TextGraphic: badge-0-0
:text(warning): Unknown TextGraphic: badge-0-0
:text(warning): Unknown TextGraphic: badge-0-0
:text(warning): Unknown TextGraphic: badge-0-0
:text(warning): Unknown TextGraphic: badge-0-0
:text(warning): Unknown TextGraphic: badge-0-0
:text(warning): Unknown TextGraphic: badge-0-0
:text(warning): Unknown TextGraphic: badge-0-0
:text(warning): Unknown TextGraphic: badge-0-0
:text(warning): Unknown TextGraphic: badge-0-0
:text(warning): Unknown TextGraphic: badge-0-0
:text(warning): Unknown TextGraphic: badge-0-0
:text(warning): Unknown TextGraphic: badge-0-0
:text(warning): Unknown TextGraphic: badge-0-0
:text(warning): Unknown TextGraphic: badge-0-0
:text(warning): Unknown TextGraphic: badge-0-0
:text(warning): Unknown TextGraphic: badge-0-0
:text(warning): Unknown TextGraphic: badge-0-0
:text(warning): Unknown TextGraphic: badge-0-0
:display:gsg:glgsg: reloading texture ship_arms_props_palette_3cmla_1 with mipmaps
:display:gsg:glgsg: reloading texture effectWindBlur with mipmaps
:display:gsg:glgsg: reloading texture effectWindBlur with mipmaps
:display:gsg:glgsg: reloading texture ship_arms_props_palette_3cmla_1 with mipmaps
:display:gsg:glgsg: reloading texture particleSpark with mipmaps
:display:gsg:glgsg: reloading texture effectWindBlur with mipmaps
:display:gsg:glgsg: reloading texture effectWindBlur with mipmaps
:display:gsg:glgsg: reloading texture effectWindBlur with mipmaps
:display:gsg:glgsg: reloading texture effectWindBlur with mipmaps
:display:gsg:glgsg: reloading texture effects2_palette_3cmla_1 with mipmaps
:display:gsg:glgsg: reloading texture effects2_palette_3cmla_1 with mipmaps
:display:gsg:glgsg: reloading texture particleSplash with mipmaps
:display:gsg:glgsg: reloading texture particleSplash with mipmaps
:display:gsg:glgsg: reloading texture ship_arms_props_palette_4amla_1 with mipmaps
:display:gsg:glgsg: reloading texture swoosh with mipmaps
:display:gsg:glgsg: reloading texture ship_arms_props_palette_4amla_1 with mipmaps
:display:gsg:glgsg: reloading texture swoosh with mipmaps
:text(warning): Unknown TextGraphic: badge-0-0
:text(warning): Unknown TextGraphic: badge-0-0
:text(warning): Unknown TextGraphic: badge-0-0
:text(warning): Unknown TextGraphic: badge-0-0
:text(warning): Unknown TextGraphic: badge-0-0
:text(warning): Unknown TextGraphic: badge-0-0
:text(warning): Unknown TextGraphic: badge-0-0
:text(warning): Unknown TextGraphic: badge-0-0
:text(warning): Unknown TextGraphic: badge-0-0
:text(warning): Unknown TextGraphic: badge-0-0
:text(warning): Unknown TextGraphic: badge-0-0
:text(warning): Unknown TextGraphic: badge-0-0
:text(warning): Unknown TextGraphic: badge-0-0
:text(warning): Unknown TextGraphic: badge-0-0
:text(warning): Unknown TextGraphic: badge-0-0
:text(warning): Unknown TextGraphic: badge-0-0
:text(warning): Unknown TextGraphic: badge-0-0
:text(warning): Unknown TextGraphic: badge-0-0
:text(warning): Unknown TextGraphic: badge-0-0
:text(warning): Unknown TextGraphic: badge-0-0
:text(warning): Unknown TextGraphic: badge-0-0
:text(warning): Unknown TextGraphic: badge-0-0
:text(warning): Unknown TextGraphic: badge-0-0
:text(warning): Unknown TextGraphic: badge-0-0
:display:gsg:glgsg: reloading texture effectRedShockwave with mipmaps
:display:gsg:glgsg: reloading texture effectRedShockwave with mipmaps
:display:gsg:glgsg: reloading texture particleRockShower with mipmaps
:display:gsg:glgsg: reloading texture particleRockShower with mipmaps
Assertion failed: !is_empty() at line 1838 of c:\nirai\panda3d\panda\src\pgraph\nodePath.I
:text(warning): Unknown TextGraphic: badge-0-0
:text(warning): Unknown TextGraphic: badge-0-0
:text(warning): Unknown TextGraphic: badge-0-0
:display: Created output of type ParasiteBuffer
:display:gsg:glgsg: reloading texture PM_pant_long_pants_untucked_brownpatches with mipmaps
:display:gsg:glgsg: reloading texture PM_vest_long_closed_white_ropebelt with mipmaps
:display:gsg:glgsg: reloading texture PM_coat_long_braidsandfloralpattern with mipmaps
:display:gsg:glgsg: reloading texture PM_belt_strap_LeatherBrown with mipmaps
:display:gsg:glgsg: reloading texture PM_belt_buckle_SkullGold with mipmaps
:display:gsg:glgsg: reloading texture hat_barbossa with mipmaps
:display:gsg:glgsg: reloading texture hat_barbossa_feather with mipmaps
:display:gsg:glgsg: reloading texture FP_shirt_long_sleeve_collar_stitches with mipmaps
:display:gsg:glgsg: reloading texture FP_coat_long_advanced_outfit with mipmaps
:display:gsg:glgsg: reloading texture FP_pant_shorts_blue_stripes with mipmaps
:display:gsg:glgsg: reloading texture FP_shirt_long_sleeve_collar_stitches with mipmaps
:display:gsg:glgsg: reloading texture FP_belt_sash_blue_belt with mipmaps
:display:gsg:glgsg: reloading texture FP_shoe_medium_boots_black-topstitch with mipmaps
:display:gsg:glgsg: reloading texture FP_shirt_long_sleeve_collar_stitches with mipmaps
:display:gsg:glgsg: reloading texture FP_coat_long_advanced_outfit with mipmaps
:display:gsg:glgsg: reloading texture FP_pant_shorts_blue_stripes with mipmaps
:display:gsg:glgsg: reloading texture FP_shirt_long_sleeve_collar_stitches with mipmaps
:display:gsg:glgsg: reloading texture FP_belt_sash_blue_belt with mipmaps
:display:gsg:glgsg: reloading texture FP_shoe_medium_boots_black-topstitch with mipmaps
:display:gsg:glgsg: reloading texture FP_shirt_long_sleeve_collar_stitches with mipmaps
:display:gsg:glgsg: reloading texture FP_coat_long_advanced_outfit with mipmaps
:display:gsg:glgsg: reloading texture FP_pant_shorts_blue_stripes with mipmaps
:display:gsg:glgsg: reloading texture FP_shirt_long_sleeve_collar_stitches with mipmaps
:display:gsg:glgsg: reloading texture FP_belt_sash_blue_belt with mipmaps
:display:gsg:glgsg: reloading texture FP_shoe_medium_boots_black-topstitch with mipmaps
:display:gsg:glgsg: reloading texture FP_shirt_long_sleeve_collar_stitches with mipmaps
:display:gsg:glgsg: reloading texture FP_coat_long_advanced_outfit with mipmaps
:display:gsg:glgsg: reloading texture FP_pant_shorts_blue_stripes with mipmaps
:display:gsg:glgsg: reloading texture FP_shirt_long_sleeve_collar_stitches with mipmaps
:display:gsg:glgsg: reloading texture FP_belt_sash_blue_belt with mipmaps
:display:gsg:glgsg: reloading texture FP_shoe_medium_boots_black-topstitch with mipmaps
:display:gsg:glgsg: reloading texture FP_shirt_long_sleeve_collar_stitches with mipmaps
:display:gsg:glgsg: reloading texture FP_coat_long_advanced_outfit with mipmaps
:display:gsg:glgsg: reloading texture FP_pant_shorts_blue_stripes with mipmaps
:display:gsg:glgsg: reloading texture FP_shirt_long_sleeve_collar_stitches with mipmaps
:display:gsg:glgsg: reloading texture FP_belt_sash_blue_belt with mipmaps
:display:gsg:glgsg: reloading texture FP_shoe_medium_boots_black-topstitch with mipmaps
:display:gsg:glgsg: reloading texture FP_shirt_long_sleeve_collar_stitches with mipmaps
:display:gsg:glgsg: reloading texture FP_coat_long_advanced_outfit with mipmaps
:display:gsg:glgsg: reloading texture FP_pant_shorts_blue_stripes with mipmaps
:display:gsg:glgsg: reloading texture FP_shirt_long_sleeve_collar_stitches with mipmaps
:display:gsg:glgsg: reloading texture FP_belt_sash_blue_belt with mipmaps
:display:gsg:glgsg: reloading texture FP_shoe_medium_boots_black-topstitch with mipmaps
:display:gsg:glgsg: reloading texture props_shop_bsmith_palette_3cmla_1 with mipmaps
:display:gsg:glgsg: reloading texture pir_t_hnd_gun_musket_a with mipmaps
Assertion failed: !is_empty() at line 1838 of c:\nirai\panda3d\panda\src\pgraph\nodePath.I
:display: Created output of type ParasiteBuffer
:display:gsg:glgsg: reloading texture prop_dummy with mipmaps
:display:gsg:glgsg: reloading texture prop_dummy with mipmaps
:display:gsg:glgsg: reloading texture cast_wt_head with mipmaps
:display:gsg:glgsg: reloading texture cast_wt_alpha with mipmaps
:display:gsg:glgsg: reloading texture cast_wt_body with mipmaps
:interval(warning): CInterval::priv_finalize() called for LerpColorScaleInterval-1098 in state final.
:interval(warning): CLerpNodePathInterval::priv_step() called for LerpColorScaleInterval-1098 in state final.
:interval(warning): CInterval::priv_finalize() called for LerpScaleInterval-1097 in state final.
:interval(warning): CLerpNodePathInterval::priv_step() called for LerpScaleInterval-1097 in state final.
:interval(warning): CInterval::priv_finalize() called for LerpPosInterval-1096 in state final.
:interval(warning): CLerpNodePathInterval::priv_step() called for LerpPosInterval-1096 in state final.
Assertion failed: !is_empty() at line 1838 of c:\nirai\panda3d\panda\src\pgraph\nodePath.I
:display: Created output of type ParasiteBuffer
:display:gsg:glgsg: reloading texture PM_coat_long_cloth_lighttrim with mipmaps
:display:gsg:glgsg: reloading texture PM_coat_long_cloth_lighttrim with mipmaps
:display:gsg:glgsg: reloading texture PM_coat_long_cloth_lighttrim with mipmaps
:display:gsg:glgsg: reloading texture PM_coat_long_cloth_lighttrim with mipmaps
Assertion failed: !is_empty() at line 1838 of c:\nirai\panda3d\panda\src\pgraph\nodePath.I
:display: Created output of type ParasiteBuffer
:display:gsg:glgsg: reloading texture cast_es_alpha with mipmaps
:display:gsg:glgsg: reloading texture cast_es_head with mipmaps
:display:gsg:glgsg: reloading texture cast_es_body with mipmaps
:display:gsg:glgsg: reloading texture feather with mipmaps
:interval(warning): CInterval::priv_finalize() called for LerpColorScaleInterval-1903 in state final.
:interval(warning): CLerpNodePathInterval::priv_step() called for LerpColorScaleInterval-1903 in state final.
:interval(warning): CInterval::priv_finalize() called for LerpScaleInterval-1902 in state final.
:interval(warning): CLerpNodePathInterval::priv_step() called for LerpScaleInterval-1902 in state final.
:interval(warning): CInterval::priv_finalize() called for LerpPosInterval-1901 in state final.
:interval(warning): CLerpNodePathInterval::priv_step() called for LerpPosInterval-1901 in state final.
Assertion failed: !is_empty() at line 1838 of c:\nirai\panda3d\panda\src\pgraph\nodePath.I
:display: Created output of type ParasiteBuffer
:text(warning): Unknown TextGraphic: badge-0-0
:text(warning): Unknown TextGraphic: badge-0-0
:display:gsg:glgsg: reloading texture hand_held_palette_3cmla_1 with mipmaps
:display:gsg:glgsg: reloading texture FP_shoe_tall_boots_1buckle with mipmaps
:display:gsg:glgsg: reloading texture FP_shirt_short_sleeve_collar with mipmaps
:display:gsg:glgsg: reloading texture FP_shirt_short_sleeve_collar with mipmaps
:display:gsg:glgsg: reloading texture FP_hat_worker with mipmaps
:display:gsg:glgsg: reloading texture FP_bartender_dress_a with mipmaps
:display:gsg:glgsg: reloading texture PM_pant_apron with mipmaps
:display:gsg:glgsg: reloading texture PM_shirt_apron with mipmaps
:display:gsg:glgsg: reloading texture PM_pant_apron with mipmaps
Assertion failed: !is_empty() at line 1838 of c:\nirai\panda3d\panda\src\pgraph\nodePath.I
:text(warning): Unknown TextGraphic: badge-0-0
:text(warning): Unknown TextGraphic: badge-0-0
:text(warning): Unknown TextGraphic: badge-0-0
:text(warning): Unknown TextGraphic: badge-0-0
:text(warning): Unknown TextGraphic: badge-0-0
:text(warning): Unknown TextGraphic: badge-0-0
:text(warning): Unknown TextGraphic: badge-0-0
:text(warning): Unknown TextGraphic: badge-0-0
:text(warning): Unknown TextGraphic: badge-0-0
:text(warning): Unknown TextGraphic: badge-0-0
:text(warning): Unknown TextGraphic: badge-0-0
:text(warning): Unknown TextGraphic: badge-0-0
:text(warning): Unknown TextGraphic: badge-0-0
:text(warning): Unknown TextGraphic: badge-0-0
:text(warning): Unknown TextGraphic: badge-0-0
:text(warning): Unknown TextGraphic: badge-0-0
:text(warning): Unknown TextGraphic: badge-0-0
:text(warning): Unknown TextGraphic: badge-0-0
:text(warning): Unknown TextGraphic: badge-0-0
:text(warning): Unknown TextGraphic: badge-0-0
:text(warning): Unknown TextGraphic: badge-0-0
:text(warning): Unknown TextGraphic: badge-0-0
:text(warning): Unknown TextGraphic: badge-0-0
:text(warning): Unknown TextGraphic: badge-0-0
:text(warning): Unknown TextGraphic: badge-0-0
:text(warning): Unknown TextGraphic: badge-0-0
:text(warning): Unknown TextGraphic: badge-0-0
:text(warning): Unknown TextGraphic: badge-0-0
:text(warning): Unknown TextGraphic: badge-0-0
:text(warning): Unknown TextGraphic: badge-0-0
:text(warning): Unknown TextGraphic: badge-0-0
:text(warning): Unknown TextGraphic: badge-0-0
:text(warning): Unknown TextGraphic: badge-0-0
:text(warning): Unknown TextGraphic: badge-0-0
:text(warning): Unknown TextGraphic: badge-0-0
:text(warning): Unknown TextGraphic: badge-0-0
:text(warning): Unknown TextGraphic: badge-0-0
:text(warning): Unknown TextGraphic: badge-0-0
:text(warning): Unknown TextGraphic: badge-0-0
:text(warning): Unknown TextGraphic: badge-0-0
:text(warning): Unknown TextGraphic: badge-0-0
:text(warning): Unknown TextGraphic: badge-0-0
:text(warning): Unknown TextGraphic: badge-0-0
:text(warning): Unknown TextGraphic: badge-0-0
:text(warning): Unknown TextGraphic: badge-0-0
:text(warning): Unknown TextGraphic: badge-0-0
:text(warning): Unknown TextGraphic: badge-0-0
:text(warning): Unknown TextGraphic: badge-0-0
:text(warning): Unknown TextGraphic: badge-0-0
:text(warning): Unknown TextGraphic: badge-0-0
:text(warning): Unknown TextGraphic: badge-0-0
:text(warning): Unknown TextGraphic: badge-0-0
:text(warning): Unknown TextGraphic: badge-0-0
:text(warning): Unknown TextGraphic: badge-0-0
:text(warning): Unknown TextGraphic: badge-0-0
:text(warning): Unknown TextGraphic: badge-0-0
:text(warning): Unknown TextGraphic: badge-0-0
:text(warning): Unknown TextGraphic: badge-0-0
:text(warning): Unknown TextGraphic: badge-0-0
:text(warning): Unknown TextGraphic: badge-0-0
:text(warning): Unknown TextGraphic: badge-0-0
:text(warning): Unknown TextGraphic: badge-0-0
:display: Created output of type ParasiteBuffer
:text(warning): Unknown TextGraphic: badge-0-0
:text(warning): Unknown TextGraphic: badge-0-0
:display:gsg:glgsg: reloading texture water_ripple3 with mipmaps
:display:gsg:glgsg: reloading texture water_ripple3 with mipmaps
:text(warning): Unknown TextGraphic: badge-0-0
:text(warning): Unknown TextGraphic: badge-0-0
:interval(warning): CLerpNodePathInterval::priv_initialize() called for LerpColorScaleInterval-2500 in state started.
:interval(warning): CLerpNodePathInterval::priv_step() called for LerpColorScaleInterval-2500 in state final.
:text(warning): Unknown TextGraphic: badge-0-0
:text(warning): Unknown TextGraphic: badge-0-0
:text(warning): Unknown TextGraphic: badge-0-0
:text(warning): Unknown TextGraphic: badge-0-0
:text(warning): Unknown TextGraphic: badge-0-0
:text(warning): Unknown TextGraphic: badge-0-0
:text(warning): Unknown TextGraphic: badge-0-0
:text(warning): Unknown TextGraphic: badge-0-0
:text(warning): Unknown TextGraphic: badge-0-0
:text(warning): Unknown TextGraphic: badge-0-0
:text(warning): Unknown TextGraphic: badge-0-0
:text(warning): Unknown TextGraphic: badge-0-0
:text(warning): Unknown TextGraphic: badge-0-0
:text(warning): Unknown TextGraphic: badge-0-0
:text(warning): Unknown TextGraphic: badge-0-0
:text(warning): Unknown TextGraphic: badge-0-0
:text(warning): Unknown TextGraphic: badge-0-0
:text(warning): Unknown TextGraphic: badge-0-0
:text(warning): Unknown TextGraphic: badge-0-0
:text(warning): Unknown TextGraphic: badge-0-0
:text(warning): Unknown TextGraphic: badge-0-0
:text(warning): Unknown TextGraphic: badge-0-0
:interval(warning): CLerpNodePathInterval::priv_initialize() called for LerpColorScaleInterval-2725 in state started.
:interval(warning): CLerpNodePathInterval::priv_step() called for LerpColorScaleInterval-2725 in state final.
:text(warning): Unknown TextGraphic: badge-0-0
:text(warning): Unknown TextGraphic: badge-0-0
:text(warning): Unknown TextGraphic: badge-0-0
:text(warning): Unknown TextGraphic: badge-0-0
:text(warning): Unknown TextGraphic: badge-0-0
:text(warning): Unknown TextGraphic: badge-0-0
:text(warning): Unknown TextGraphic: badge-0-0
:text(warning): Unknown TextGraphic: badge-0-0
:text(warning): Unknown TextGraphic: badge-0-0
:text(warning): Unknown TextGraphic: badge-0-0
:text(warning): Unknown TextGraphic: badge-0-0
:text(warning): Unknown TextGraphic: badge-0-0
:text(warning): Unknown TextGraphic: badge-0-0
:text(warning): Unknown TextGraphic: badge-0-0
:interval(warning): CLerpNodePathInterval::priv_initialize() called for LerpColorScaleInterval-3173 in state started.
:interval(warning): CLerpNodePathInterval::priv_step() called for LerpColorScaleInterval-3173 in state final.
:text(warning): Unknown TextGraphic: badge-0-0
:text(warning): Unknown TextGraphic: badge-0-0
:interval(warning): CLerpNodePathInterval::priv_initialize() called for LerpColorScaleInterval-3198 in state started.
:interval(warning): CLerpNodePathInterval::priv_step() called for LerpColorScaleInterval-3198 in state final.
Assertion failed: !is_empty() at line 1838 of c:\nirai\panda3d\panda\src\pgraph\nodePath.I
:text(warning): Unknown TextGraphic: badge-0-0
:text(warning): Unknown TextGraphic: badge-0-0
:display: Created output of type ParasiteBuffer
:display:gsg:glgsg: reloading texture tattoo_arm_color_chinese_knot with mipmaps
:display:gsg:glgsg: reloading texture particleVolcanoSmoke with mipmaps
:interval(warning): CInterval::priv_finalize() called for LerpColorScaleInterval-3738 in state final.
:interval(warning): CLerpNodePathInterval::priv_step() called for LerpColorScaleInterval-3738 in state final.
:interval(warning): CInterval::priv_finalize() called for LerpScaleInterval-3737 in state final.
:interval(warning): CLerpNodePathInterval::priv_step() called for LerpScaleInterval-3737 in state final.
:interval(warning): CInterval::priv_finalize() called for LerpPosInterval-3736 in state final.
:interval(warning): CLerpNodePathInterval::priv_step() called for LerpPosInterval-3736 in state final.
:display: Created output of type ParasiteBuffer
:display: Created output of type ParasiteBuffer
:display: Created output of type ParasiteBuffer
:display: Created output of type ParasiteBuffer
:display: Created output of type ParasiteBuffer
:display: Created output of type ParasiteBuffer
Assertion failed: !is_empty() at line 1838 of c:\nirai\panda3d\panda\src\pgraph\nodePath.I
:display: Created output of type ParasiteBuffer
:display:gsg:glgsg: reloading texture FP_vest_closed_clothtwobutton with mipmaps
:display:gsg:glgsg: reloading texture FP_shoe_knee_high_boots_blue with mipmaps
:display:gsg:glgsg: reloading texture FP_shirt_long_sleeve_puffy_front_tie with mipmaps
:display:gsg:glgsg: reloading texture tattoo_chest_color_squid_ship with mipmaps
:display:gsg:glgsg: reloading texture tattoo_sleeve_mono_tribal04 with mipmaps
:display:gsg:glgsg: reloading texture tattoo_arm_mono_tribal_01 with mipmaps
:display:gsg:glgsg: reloading texture tattoo_chest_mono_tribal_01 with mipmaps
:display: Created output of type ParasiteBuffer
:display: Created output of type ParasiteBuffer
:display: Created output of type ParasiteBuffer
:display: Created output of type ParasiteBuffer
:display: Created output of type ParasiteBuffer
:display: Created output of type ParasiteBuffer
:display: Created output of type ParasiteBuffer
:display: Created output of type ParasiteBuffer
:display: Created output of type ParasiteBuffer
:display: Created output of type ParasiteBuffer
:display: Created output of type ParasiteBuffer
:display: Created output of type ParasiteBuffer
:display: Created output of type ParasiteBuffer
:display: Created output of type ParasiteBuffer
:display: Created output of type ParasiteBuffer
:display: Created output of type ParasiteBuffer
:display: Created output of type ParasiteBuffer
:display: Created output of type ParasiteBuffer
:display: Created output of type ParasiteBuffer
:display: Created output of type ParasiteBuffer
:display: Created output of type ParasiteBuffer
:display: Created output of type ParasiteBuffer
:display: Created output of type ParasiteBuffer
:display: Created output of type ParasiteBuffer
:display: Created output of type ParasiteBuffer
:display: Created output of type ParasiteBuffer
:display: Created output of type ParasiteBuffer
Assertion failed: !is_empty() at line 1838 of c:\nirai\panda3d\panda\src\pgraph\nodePath.I
:display: Created output of type ParasiteBuffer
:text(warning): Unknown TextGraphic: badge-0-0
Assertion failed: !is_empty() at line 1838 of c:\nirai\panda3d\panda\src\pgraph\nodePath.I
:text(warning): Unknown TextGraphic: badge-0-0
:text(warning): Unknown TextGraphic: badge-0-0
:text(warning): Unknown TextGraphic: badge-0-0
:text(warning): Unknown TextGraphic: badge-0-0
:text(warning): Unknown TextGraphic: badge-0-0
:text(warning): Unknown TextGraphic: badge-0-0
:text(warning): Unknown TextGraphic: badge-0-0
:text(warning): Unknown TextGraphic: badge-0-0
:text(warning): Unknown TextGraphic: badge-0-0
:text(warning): Unknown TextGraphic: badge-0-0
:text(warning): Unknown TextGraphic: badge-0-0
:text(warning): Unknown TextGraphic: badge-0-0
:text(warning): Unknown TextGraphic: badge-0-0
:text(warning): Unknown TextGraphic: badge-0-0
:text(warning): Unknown TextGraphic: badge-0-0
:text(warning): Unknown TextGraphic: badge-0-0
:text(warning): Unknown TextGraphic: badge-0-0
:text(warning): Unknown TextGraphic: badge-0-0
:text(warning): Unknown TextGraphic: badge-0-0
:text(warning): Unknown TextGraphic: badge-0-0
:text(warning): Unknown TextGraphic: badge-0-0
:text(warning): Unknown TextGraphic: badge-0-0
:text(warning): Unknown TextGraphic: badge-0-0
:text(warning): Unknown TextGraphic: badge-0-0
:text(warning): Unknown TextGraphic: badge-0-0
:text(warning): Unknown TextGraphic: badge-0-0
:text(warning): Unknown TextGraphic: badge-0-0
:text(warning): Unknown TextGraphic: badge-0-0
:text(warning): Unknown TextGraphic: badge-0-0
:text(warning): Unknown TextGraphic: badge-0-0
:text(warning): Unknown TextGraphic: badge-0-0
:text(warning): Unknown TextGraphic: badge-0-0
:text(warning): Unknown TextGraphic: badge-0-0
:text(warning): Unknown TextGraphic: badge-0-0
:text(warning): Unknown TextGraphic: badge-0-0
:text(warning): Unknown TextGraphic: badge-0-0
:text(warning): Unknown TextGraphic: badge-0-0
:text(warning): Unknown TextGraphic: badge-0-0
:text(warning): Unknown TextGraphic: badge-0-0
:text(warning): Unknown TextGraphic: badge-0-0
:text(warning): Unknown TextGraphic: badge-0-0
:text(warning): Unknown TextGraphic: badge-0-0
:text(warning): Unknown TextGraphic: badge-0-0
:text(warning): Unknown TextGraphic: badge-0-0
:text(warning): Unknown TextGraphic: badge-0-0
:text(warning): Unknown TextGraphic: badge-0-0
:text(warning): Unknown TextGraphic: badge-0-0
:text(warning): Unknown TextGraphic: badge-0-0
:text(warning): Unknown TextGraphic: badge-0-0
:text(warning): Unknown TextGraphic: badge-0-0
:text(warning): Unknown TextGraphic: badge-0-0
:text(warning): Unknown TextGraphic: badge-0-0
:text(warning): Unknown TextGraphic: badge-0-0
:text(warning): Unknown TextGraphic: badge-0-0
:display: Created output of type ParasiteBuffer
:text(warning): Unknown TextGraphic: badge-0-0
:text(warning): Unknown TextGraphic: badge-0-0
:text(warning): Unknown TextGraphic: badge-0-0
:text(warning): Unknown TextGraphic: badge-0-0
:text(warning): Unknown TextGraphic: badge-0-0
:text(warning): Unknown TextGraphic: badge-0-0
:text(warning): Unknown TextGraphic: badge-0-0
:text(warning): Unknown TextGraphic: badge-0-0
:text(warning): Unknown TextGraphic: badge-0-0
:text(warning): Unknown TextGraphic: badge-0-0
:text(warning): Unknown TextGraphic: badge-0-0
:text(warning): Unknown TextGraphic: badge-0-0
:text(warning): Unknown TextGraphic: badge-0-0
:text(warning): Unknown TextGraphic: badge-0-0
:text(warning): Unknown TextGraphic: badge-0-0
:text(warning): Unknown TextGraphic: badge-0-0
:text(warning): Unknown TextGraphic: badge-0-0
:text(warning): Unknown TextGraphic: badge-0-0
:text(warning): Unknown TextGraphic: badge-0-0
:text(warning): Unknown TextGraphic: badge-0-0
:text(warning): Unknown TextGraphic: badge-0-0
:text(warning): Unknown TextGraphic: badge-0-0
:text(warning): Unknown TextGraphic: badge-0-0
:text(warning): Unknown TextGraphic: badge-0-0
:interval(warning): CLerpNodePathInterval::priv_initialize() called for LerpColorScaleInterval-4440 in state started.
:interval(warning): CLerpNodePathInterval::priv_step() called for LerpColorScaleInterval-4440 in state final.
:text(warning): Unknown TextGraphic: badge-0-0
:text(warning): Unknown TextGraphic: badge-0-0
:text(warning): Unknown TextGraphic: badge-0-0
:text(warning): Unknown TextGraphic: badge-0-0
:text(warning): Unknown TextGraphic: badge-0-0
:text(warning): Unknown TextGraphic: badge-0-0
:text(warning): Unknown TextGraphic: badge-0-0
:text(warning): Unknown TextGraphic: badge-0-0
:interval(warning): CLerpNodePathInterval::priv_initialize() called for LerpColorScaleInterval-4494 in state started.
:interval(warning): CLerpNodePathInterval::priv_step() called for LerpColorScaleInterval-4494 in state final.
:text(warning): Unknown TextGraphic: badge-0-0
:text(warning): Unknown TextGraphic: badge-0-0
:text(warning): Unknown TextGraphic: badge-0-0
:text(warning): Unknown TextGraphic: badge-0-0
:text(warning): Unknown TextGraphic: badge-0-0
:text(warning): Unknown TextGraphic: badge-0-0
:text(warning): Unknown TextGraphic: badge-0-0
:text(warning): Unknown TextGraphic: badge-0-0
:text(warning): Unknown TextGraphic: badge-0-0
:text(warning): Unknown TextGraphic: badge-0-0
:text(warning): Unknown TextGraphic: badge-0-0
:text(warning): Unknown TextGraphic: badge-0-0
:text(warning): Unknown TextGraphic: badge-0-0
:text(warning): Unknown TextGraphic: badge-0-0
:text(warning): Unknown TextGraphic: badge-0-0
:text(warning): Unknown TextGraphic: badge-0-0
:interval(warning): CLerpNodePathInterval::priv_initialize() called for LerpColorScaleInterval-4620 in state started.
:interval(warning): CLerpNodePathInterval::priv_step() called for LerpColorScaleInterval-4620 in state final.
:interval(warning): CLerpNodePathInterval::priv_initialize() called for LerpColorScaleInterval-4647 in state started.
:interval(warning): CLerpNodePathInterval::priv_step() called for LerpColorScaleInterval-4647 in state final.
:text(warning): Unknown TextGraphic: badge-0-0
:text(warning): Unknown TextGraphic: badge-0-0
:display:gsg:glgsg: reloading texture particleFire with mipmaps
:display:gsg:glgsg: reloading texture pir_t_efx_msc_lavaSplash with mipmaps
:display:gsg:glgsg: reloading texture particleFire with mipmaps
:display:gsg:glgsg: reloading texture pir_t_efx_msc_lavaSplash with mipmaps
:text(warning): Unknown TextGraphic: badge-0-0
:text(warning): Unknown TextGraphic: badge-0-0
:text(warning): Unknown TextGraphic: badge-0-0
:text(warning): Unknown TextGraphic: badge-0-0
:interval(warning): CLerpNodePathInterval::priv_initialize() called for LerpColorScaleInterval-4795 in state started.
:interval(warning): CLerpNodePathInterval::priv_step() called for LerpColorScaleInterval-4795 in state final.
:text(warning): Unknown TextGraphic: badge-0-0
:text(warning): Unknown TextGraphic: badge-0-0
:text(warning): Unknown TextGraphic: badge-0-0
:text(warning): Unknown TextGraphic: badge-0-0
:text(warning): Unknown TextGraphic: badge-0-0
:text(warning): Unknown TextGraphic: badge-0-0
:interval(warning): CLerpNodePathInterval::priv_initialize() called for LerpColorScaleInterval-4826 in state started.
:interval(warning): CLerpNodePathInterval::priv_step() called for LerpColorScaleInterval-4826 in state final.
:text(warning): Unknown TextGraphic: badge-0-0
:text(warning): Unknown TextGraphic: badge-0-0
:text(warning): Unknown TextGraphic: badge-0-0
:text(warning): Unknown TextGraphic: badge-0-0
:text(warning): Unknown TextGraphic: badge-0-0
:text(warning): Unknown TextGraphic: badge-0-0
:interval(warning): CLerpNodePathInterval::priv_initialize() called for LerpColorScaleInterval-4864 in state started.
:interval(warning): CLerpNodePathInterval::priv_step() called for LerpColorScaleInterval-4864 in state final.
:text(warning): Unknown TextGraphic: badge-0-0
:text(warning): Unknown TextGraphic: badge-0-0
:interval(warning): CLerpNodePathInterval::priv_initialize() called for LerpColorScaleInterval-4874 in state started.
:interval(warning): CLerpNodePathInterval::priv_step() called for LerpColorScaleInterval-4874 in state final.
:text(warning): Unknown TextGraphic: badge-0-0
:text(warning): Unknown TextGraphic: badge-0-0
:text(warning): Unknown TextGraphic: badge-0-0
:text(warning): Unknown TextGraphic: badge-0-0
:text(warning): Unknown TextGraphic: badge-0-0
:text(warning): Unknown TextGraphic: badge-0-0
:text(warning): Unknown TextGraphic: badge-0-0
:text(warning): Unknown TextGraphic: badge-0-0
:text(warning): Unknown TextGraphic: badge-0-0
:text(warning): Unknown TextGraphic: badge-0-0
:text(warning): Unknown TextGraphic: badge-0-0
:text(warning): Unknown TextGraphic: badge-0-0
:interval(warning): CLerpNodePathInterval::priv_initialize() called for LerpColorScaleInterval-4914 in state started.
:interval(warning): CLerpNodePathInterval::priv_step() called for LerpColorScaleInterval-4914 in state final.
:text(warning): Unknown TextGraphic: badge-0-0
:text(warning): Unknown TextGraphic: badge-0-0
:text(warning): Unknown TextGraphic: badge-0-0
:text(warning): Unknown TextGraphic: badge-0-0
:text(warning): Unknown TextGraphic: badge-0-0
:text(warning): Unknown TextGraphic: badge-0-0
:interval(warning): CLerpNodePathInterval::priv_initialize() called for LerpColorScaleInterval-5067 in state started.
:interval(warning): CLerpNodePathInterval::priv_step() called for LerpColorScaleInterval-5067 in state final.
:text(warning): Unknown TextGraphic: badge-0-0
:text(warning): Unknown TextGraphic: badge-0-0
:text(warning): Unknown TextGraphic: badge-0-0
:text(warning): Unknown TextGraphic: badge-0-0
:text(warning): Unknown TextGraphic: badge-0-0
:text(warning): Unknown TextGraphic: badge-0-0
:interval(warning): CLerpNodePathInterval::priv_initialize() called for LerpColorScaleInterval-5211 in state started.
:interval(warning): CLerpNodePathInterval::priv_step() called for LerpColorScaleInterval-5211 in state final.
:text(warning): Unknown TextGraphic: badge-0-0
:text(warning): Unknown TextGraphic: badge-0-0
:interval(warning): CLerpNodePathInterval::priv_initialize() called for LerpColorScaleInterval-5256 in state started.
:interval(warning): CLerpNodePathInterval::priv_step() called for LerpColorScaleInterval-5256 in state final.
:text(warning): Unknown TextGraphic: badge-0-0
:text(warning): Unknown TextGraphic: badge-0-0
:text(warning): Unknown TextGraphic: badge-0-0
:text(warning): Unknown TextGraphic: badge-0-0
:text(warning): Unknown TextGraphic: badge-0-0
:text(warning): Unknown TextGraphic: badge-0-0
:text(warning): Unknown TextGraphic: badge-0-0
:text(warning): Unknown TextGraphic: badge-0-0
:text(warning): Unknown TextGraphic: badge-0-0
:text(warning): Unknown TextGraphic: badge-0-0
:text(warning): Unknown TextGraphic: badge-0-0
:text(warning): Unknown TextGraphic: badge-0-0
:text(warning): Unknown TextGraphic: badge-0-0
:text(warning): Unknown TextGraphic: badge-0-0
:interval(warning): CLerpNodePathInterval::priv_initialize() called for LerpColorScaleInterval-5529 in state started.
:interval(warning): CLerpNodePathInterval::priv_step() called for LerpColorScaleInterval-5529 in state final.
:text(warning): Unknown TextGraphic: badge-0-0
:text(warning): Unknown TextGraphic: badge-0-0
:text(warning): Unknown TextGraphic: badge-0-0
:text(warning): Unknown TextGraphic: badge-0-0
:interval(warning): CLerpNodePathInterval::priv_initialize() called for LerpColorScaleInterval-5624 in state started.
:interval(warning): CLerpNodePathInterval::priv_step() called for LerpColorScaleInterval-5624 in state final.
:text(warning): Unknown TextGraphic: badge-0-0
:text(warning): Unknown TextGraphic: badge-0-0
:interval(warning): CLerpNodePathInterval::priv_initialize() called for LerpColorScaleInterval-5776 in state started.
:interval(warning): CLerpNodePathInterval::priv_step() called for LerpColorScaleInterval-5776 in state final.
:text(warning): Unknown TextGraphic: badge-0-0
:text(warning): Unknown TextGraphic: badge-0-0
:interval(warning): CLerpNodePathInterval::priv_initialize() called for LerpColorScaleInterval-5835 in state started.
:interval(warning): CLerpNodePathInterval::priv_step() called for LerpColorScaleInterval-5835 in state final.
:text(warning): Unknown TextGraphic: badge-0-0
:text(warning): Unknown TextGraphic: badge-0-0
:text(warning): Unknown TextGraphic: badge-0-0
:text(warning): Unknown TextGraphic: badge-0-0
:text(warning): Unknown TextGraphic: badge-0-0
:text(warning): Unknown TextGraphic: badge-0-0
:text(warning): Unknown TextGraphic: badge-0-0
:text(warning): Unknown TextGraphic: badge-0-0
:interval(warning): CLerpNodePathInterval::priv_initialize() called for LerpColorScaleInterval-5996 in state started.
:interval(warning): CLerpNodePathInterval::priv_step() called for LerpColorScaleInterval-5996 in state final.
:text(warning): Unknown TextGraphic: badge-0-0
:text(warning): Unknown TextGraphic: badge-0-0
:text(warning): Unknown TextGraphic: badge-0-0
:text(warning): Unknown TextGraphic: badge-0-0
:text(warning): Unknown TextGraphic: badge-0-0
:text(warning): Unknown TextGraphic: badge-0-0
:interval(warning): CLerpNodePathInterval::priv_initialize() called for LerpColorScaleInterval-6102 in state started.
:interval(warning): CLerpNodePathInterval::priv_step() called for LerpColorScaleInterval-6102 in state final.
:text(warning): Unknown TextGraphic: badge-0-0
:text(warning): Unknown TextGraphic: badge-0-0
:text(warning): Unknown TextGraphic: badge-0-0
:text(warning): Unknown TextGraphic: badge-0-0
:interval(warning): CLerpNodePathInterval::priv_initialize() called for LerpColorScaleInterval-6210 in state started.
:interval(warning): CLerpNodePathInterval::priv_step() called for LerpColorScaleInterval-6210 in state final.
:text(warning): Unknown TextGraphic: badge-0-0
:text(warning): Unknown TextGraphic: badge-0-0
:text(warning): Unknown TextGraphic: badge-0-0
:text(warning): Unknown TextGraphic: badge-0-0
:interval(warning): CLerpNodePathInterval::priv_initialize() called for LerpColorScaleInterval-6245 in state started.
:interval(warning): CLerpNodePathInterval::priv_step() called for LerpColorScaleInterval-6245 in state final.
:text(warning): Unknown TextGraphic: badge-0-0
:text(warning): Unknown TextGraphic: badge-0-0
:text(warning): Unknown TextGraphic: badge-0-0
:text(warning): Unknown TextGraphic: badge-0-0
:text(warning): Unknown TextGraphic: badge-0-0
:text(warning): Unknown TextGraphic: badge-0-0
:interval(warning): CLerpNodePathInterval::priv_initialize() called for LerpColorScaleInterval-6315 in state started.
:interval(warning): CLerpNodePathInterval::priv_step() called for LerpColorScaleInterval-6315 in state final.
:interval(warning): CLerpNodePathInterval::priv_initialize() called for LerpColorScaleInterval-6342 in state started.
:text(warning): Unknown TextGraphic: badge-0-0
:text(warning): Unknown TextGraphic: badge-0-0
:interval(warning): CLerpNodePathInterval::priv_step() called for LerpColorScaleInterval-6342 in state final.
:interval(warning): CLerpNodePathInterval::priv_initialize() called for LerpColorScaleInterval-6346 in state started.
:interval(warning): CLerpNodePathInterval::priv_step() called for LerpColorScaleInterval-6346 in state final.
:text(warning): Unknown TextGraphic: badge-0-0
:text(warning): Unknown TextGraphic: badge-0-0
:text(warning): Unknown TextGraphic: badge-0-0
:text(warning): Unknown TextGraphic: badge-0-0
:text(warning): Unknown TextGraphic: badge-0-0
:text(warning): Unknown TextGraphic: badge-0-0
:text(warning): Unknown TextGraphic: badge-0-0
:text(warning): Unknown TextGraphic: badge-0-0
:text(warning): Unknown TextGraphic: badge-0-0
:text(warning): Unknown TextGraphic: badge-0-0
:text(warning): Unknown TextGraphic: badge-0-0
:text(warning): Unknown TextGraphic: badge-0-0
:text(warning): Unknown TextGraphic: badge-0-0
:text(warning): Unknown TextGraphic: badge-0-0
:text(warning): Unknown TextGraphic: badge-0-0
:text(warning): Unknown TextGraphic: badge-0-0
:text(warning): Unknown TextGraphic: badge-0-0
:text(warning): Unknown TextGraphic: badge-0-0
:text(warning): Unknown TextGraphic: badge-0-0
:text(warning): Unknown TextGraphic: badge-0-0
:text(warning): Unknown TextGraphic: badge-0-0
:text(warning): Unknown TextGraphic: badge-0-0
:text(warning): Unknown TextGraphic: badge-0-0
:text(warning): Unknown TextGraphic: badge-0-0
:text(warning): Unknown TextGraphic: badge-0-0
:text(warning): Unknown TextGraphic: badge-0-0
:interval(warning): CLerpNodePathInterval::priv_initialize() called for LerpColorScaleInterval-6380 in state started.
:interval(warning): CLerpNodePathInterval::priv_step() called for LerpColorScaleInterval-6380 in state final.
:text(warning): Unknown TextGraphic: badge-0-0
:text(warning): Unknown TextGraphic: badge-0-0
:interval(warning): CLerpNodePathInterval::priv_initialize() called for LerpColorScaleInterval-6420 in state started.
:interval(warning): CLerpNodePathInterval::priv_step() called for LerpColorScaleInterval-6420 in state final.
:text(warning): Unknown TextGraphic: badge-0-0
:text(warning): Unknown TextGraphic: badge-0-0
:interval(warning): CLerpNodePathInterval::priv_initialize() called for LerpColorScaleInterval-6424 in state started.
:interval(warning): CLerpNodePathInterval::priv_step() called for LerpColorScaleInterval-6424 in state final.
:text(warning): Unknown TextGraphic: badge-0-0
:text(warning): Unknown TextGraphic: badge-0-0
:interval(warning): CLerpNodePathInterval::priv_initialize() called for LerpColorScaleInterval-6453 in state started.
:interval(warning): CLerpNodePathInterval::priv_step() called for LerpColorScaleInterval-6453 in state final.
:text(warning): Unknown TextGraphic: badge-0-0
:text(warning): Unknown TextGraphic: badge-0-0
:interval(warning): CLerpNodePathInterval::priv_initialize() called for LerpColorScaleInterval-6457 in state started.
:interval(warning): CLerpNodePathInterval::priv_step() called for LerpColorScaleInterval-6457 in state final.
:text(warning): Unknown TextGraphic: badge-0-0
:text(warning): Unknown TextGraphic: badge-0-0
:text(warning): Unknown TextGraphic: badge-0-0
:text(warning): Unknown TextGraphic: badge-0-0
:text(warning): Unknown TextGraphic: badge-0-0
:text(warning): Unknown TextGraphic: badge-0-0
:text(warning): Unknown TextGraphic: badge-0-0
:text(warning): Unknown TextGraphic: badge-0-0
:interval(warning): CLerpNodePathInterval::priv_initialize() called for LerpColorScaleInterval-6517 in state started.
:interval(warning): CLerpNodePathInterval::priv_step() called for LerpColorScaleInterval-6517 in state final.
:text(warning): Unknown TextGraphic: badge-0-0
:text(warning): Unknown TextGraphic: badge-0-0
:text(warning): Unknown TextGraphic: badge-0-0
:text(warning): Unknown TextGraphic: badge-0-0
:text(warning): Unknown TextGraphic: badge-0-0
:text(warning): Unknown TextGraphic: badge-0-0
:text(warning): Unknown TextGraphic: badge-0-0
:text(warning): Unknown TextGraphic: badge-0-0
:text(warning): Unknown TextGraphic: badge-0-0
:text(warning): Unknown TextGraphic: badge-0-0
:text(warning): Unknown TextGraphic: badge-0-0
:text(warning): Unknown TextGraphic: badge-0-0
:text(warning): Unknown TextGraphic: badge-0-0
:text(warning): Unknown TextGraphic: badge-0-0
:text(warning): Unknown TextGraphic: badge-0-0
:text(warning): Unknown TextGraphic: badge-0-0
:text(warning): Unknown TextGraphic: badge-0-0
:text(warning): Unknown TextGraphic: badge-0-0
:text(warning): Unknown TextGraphic: badge-0-0
:text(warning): Unknown TextGraphic: badge-0-0
:text(warning): Unknown TextGraphic: badge-0-0
:text(warning): Unknown TextGraphic: badge-0-0
:text(warning): Unknown TextGraphic: badge-0-0
:text(warning): Unknown TextGraphic: badge-0-0
:text(warning): Unknown TextGraphic: badge-0-0
:text(warning): Unknown TextGraphic: badge-0-0
:text(warning): Unknown TextGraphic: badge-0-0
:text(warning): Unknown TextGraphic: badge-0-0
:text(warning): Unknown TextGraphic: badge-0-0
:text(warning): Unknown TextGraphic: badge-0-0
:text(warning): Unknown TextGraphic: badge-0-0
:text(warning): Unknown TextGraphic: badge-0-0
:text(warning): Unknown TextGraphic: badge-0-0
:text(warning): Unknown TextGraphic: badge-0-0
:text(warning): Unknown TextGraphic: badge-0-0
:text(warning): Unknown TextGraphic: badge-0-0
:text(warning): Unknown TextGraphic: badge-0-0
:text(warning): Unknown TextGraphic: badge-0-0
:text(warning): Unknown TextGraphic: badge-0-0
:text(warning): Unknown TextGraphic: badge-0-0
:text(warning): Unknown TextGraphic: badge-0-0
:text(warning): Unknown TextGraphic: badge-0-0
:interval(warning): CLerpNodePathInterval::priv_initialize() called for LerpColorScaleInterval-6773 in state started.
:interval(warning): CLerpNodePathInterval::priv_step() called for LerpColorScaleInterval-6773 in state final.
:text(warning): Unknown TextGraphic: badge-0-0
:text(warning): Unknown TextGraphic: badge-0-0
:text(warning): Unknown TextGraphic: badge-0-0
:text(warning): Unknown TextGraphic: badge-0-0
:text(warning): Unknown TextGraphic: badge-0-0
:text(warning): Unknown TextGraphic: badge-0-0
:text(warning): Unknown TextGraphic: badge-0-0
:text(warning): Unknown TextGraphic: badge-0-0
:interval(warning): CLerpNodePathInterval::priv_initialize() called for LerpColorScaleInterval-6779 in state started.
:interval(warning): CLerpNodePathInterval::priv_step() called for LerpColorScaleInterval-6779 in state final.
:text(warning): Unknown TextGraphic: badge-0-0
:text(warning): Unknown TextGraphic: badge-0-0
:interval(warning): CLerpNodePathInterval::priv_initialize() called for LerpColorScaleInterval-6834 in state started.
:interval(warning): CLerpNodePathInterval::priv_step() called for LerpColorScaleInterval-6834 in state final.
:text(warning): Unknown TextGraphic: badge-0-0
:text(warning): Unknown TextGraphic: badge-0-0
:interval(warning): CLerpNodePathInterval::priv_initialize() called for LerpColorScaleInterval-6869 in state started.
:interval(warning): CLerpNodePathInterval::priv_step() called for LerpColorScaleInterval-6869 in state final.
:text(warning): Unknown TextGraphic: badge-0-0
:text(warning): Unknown TextGraphic: badge-0-0
:text(warning): Unknown TextGraphic: badge-0-0
:text(warning): Unknown TextGraphic: badge-0-0
:interval(warning): CLerpNodePathInterval::priv_initialize() called for LerpColorScaleInterval-6901 in state started.
:interval(warning): CLerpNodePathInterval::priv_step() called for LerpColorScaleInterval-6901 in state final.
:text(warning): Unknown TextGraphic: badge-0-0
:text(warning): Unknown TextGraphic: badge-0-0
:text(warning): Unknown TextGraphic: badge-0-0
:text(warning): Unknown TextGraphic: badge-0-0
:interval(warning): CLerpNodePathInterval::priv_initialize() called for LerpColorScaleInterval-6942 in state started.
:interval(warning): CLerpNodePathInterval::priv_step() called for LerpColorScaleInterval-6942 in state final.
:text(warning): Unknown TextGraphic: badge-0-0
:text(warning): Unknown TextGraphic: badge-0-0
:text(warning): Unknown TextGraphic: badge-0-0
:text(warning): Unknown TextGraphic: badge-0-0
:text(warning): Unknown TextGraphic: badge-0-0
:text(warning): Unknown TextGraphic: badge-0-0
:interval(warning): CLerpNodePathInterval::priv_initialize() called for LerpColorScaleInterval-6987 in state started.
:interval(warning): CLerpNodePathInterval::priv_initialize() called for LerpColorScaleInterval-6991 in state started.
:interval(warning): CLerpNodePathInterval::priv_step() called for LerpColorScaleInterval-6987 in state final.
:interval(warning): CLerpNodePathInterval::priv_step() called for LerpColorScaleInterval-6991 in state final.
:text(warning): Unknown TextGraphic: badge-0-0
:text(warning): Unknown TextGraphic: badge-0-0
:text(warning): Unknown TextGraphic: badge-0-0
:text(warning): Unknown TextGraphic: badge-0-0
:interval(warning): CLerpNodePathInterval::priv_initialize() called for LerpColorScaleInterval-7041 in state started.
:interval(warning): CLerpNodePathInterval::priv_step() called for LerpColorScaleInterval-7041 in state final.
:text(warning): Unknown TextGraphic: badge-0-0
:text(warning): Unknown TextGraphic: badge-0-0
:text(warning): Unknown TextGraphic: badge-0-0
:text(warning): Unknown TextGraphic: badge-0-0
:text(warning): Unknown TextGraphic: badge-0-0
:text(warning): Unknown TextGraphic: badge-0-0
:text(warning): Unknown TextGraphic: badge-0-0
:text(warning): Unknown TextGraphic: badge-0-0
:text(warning): Unknown TextGraphic: badge-0-0
:text(warning): Unknown TextGraphic: badge-0-0
:text(warning): Unknown TextGraphic: badge-0-0
:text(warning): Unknown TextGraphic: badge-0-0
:text(warning): Unknown TextGraphic: badge-0-0
:text(warning): Unknown TextGraphic: badge-0-0
:text(warning): Unknown TextGraphic: badge-0-0
:text(warning): Unknown TextGraphic: badge-0-0
:text(warning): Unknown TextGraphic: badge-0-0
:text(warning): Unknown TextGraphic: badge-0-0
:interval(warning): CLerpNodePathInterval::priv_initialize() called for LerpColorScaleInterval-7140 in state started.
:interval(warning): CLerpNodePathInterval::priv_step() called for LerpColorScaleInterval-7140 in state final.
:text(warning): Unknown TextGraphic: badge-0-0
:text(warning): Unknown TextGraphic: badge-0-0
:text(warning): Unknown TextGraphic: badge-0-0
:text(warning): Unknown TextGraphic: badge-0-0
:interval(warning): CLerpNodePathInterval::priv_initialize() called for LerpColorScaleInterval-7183 in state started.
:interval(warning): CLerpNodePathInterval::priv_step() called for LerpColorScaleInterval-7183 in state final.
:text(warning): Unknown TextGraphic: badge-0-0
:text(warning): Unknown TextGraphic: badge-0-0
:interval(warning): CLerpNodePathInterval::priv_initialize() called for LerpColorScaleInterval-7211 in state started.
:interval(warning): CLerpNodePathInterval::priv_step() called for LerpColorScaleInterval-7211 in state final.
:text(warning): Unknown TextGraphic: badge-0-0
:text(warning): Unknown TextGraphic: badge-0-0
:interval(warning): CLerpNodePathInterval::priv_initialize() called for LerpColorScaleInterval-7242 in state started.
:interval(warning): CLerpNodePathInterval::priv_step() called for LerpColorScaleInterval-7242 in state final.
:text(warning): Unknown TextGraphic: badge-0-0
:text(warning): Unknown TextGraphic: badge-0-0
:text(warning): Unknown TextGraphic: badge-0-0
:text(warning): Unknown TextGraphic: badge-0-0
:text(warning): Unknown TextGraphic: badge-0-0
:text(warning): Unknown TextGraphic: badge-0-0
:interval(warning): CLerpNodePathInterval::priv_initialize() called for LerpColorScaleInterval-7322 in state started.
:interval(warning): CLerpNodePathInterval::priv_step() called for LerpColorScaleInterval-7322 in state final.
:text(warning): Unknown TextGraphic: badge-0-0
:text(warning): Unknown TextGraphic: badge-0-0
:interval(warning): CLerpNodePathInterval::priv_initialize() called for LerpColorScaleInterval-7378 in state started.
:interval(warning): CLerpNodePathInterval::priv_step() called for LerpColorScaleInterval-7378 in state final.
:text(warning): Unknown TextGraphic: badge-0-0
:text(warning): Unknown TextGraphic: badge-0-0
:interval(warning): CLerpNodePathInterval::priv_initialize() called for LerpColorScaleInterval-7477 in state started.
:interval(warning): CLerpNodePathInterval::priv_step() called for LerpColorScaleInterval-7477 in state final.
:text(warning): Unknown TextGraphic: badge-0-0
:text(warning): Unknown TextGraphic: badge-0-0
:interval(warning): CLerpNodePathInterval::priv_initialize() called for LerpColorScaleInterval-7532 in state started.
:interval(warning): CLerpNodePathInterval::priv_step() called for LerpColorScaleInterval-7532 in state final.
:text(warning): Unknown TextGraphic: badge-0-0
:text(warning): Unknown TextGraphic: badge-0-0
:interval(warning): CLerpNodePathInterval::priv_initialize() called for LerpColorScaleInterval-7570 in state started.
:interval(warning): CLerpNodePathInterval::priv_step() called for LerpColorScaleInterval-7570 in state final.
:text(warning): Unknown TextGraphic: badge-0-0
:text(warning): Unknown TextGraphic: badge-0-0
:interval(warning): CLerpNodePathInterval::priv_initialize() called for LerpColorScaleInterval-7584 in state started.
:interval(warning): CLerpNodePathInterval::priv_step() called for LerpColorScaleInterval-7584 in state final.
:text(warning): Unknown TextGraphic: badge-0-0
:text(warning): Unknown TextGraphic: badge-0-0
:interval(warning): CLerpNodePathInterval::priv_initialize() called for LerpColorScaleInterval-7619 in state started.
:interval(warning): CLerpNodePathInterval::priv_step() called for LerpColorScaleInterval-7619 in state final.
:text(warning): Unknown TextGraphic: badge-0-0
:text(warning): Unknown TextGraphic: badge-0-0
:interval(warning): CLerpNodePathInterval::priv_initialize() called for LerpColorScaleInterval-7671 in state started.
:interval(warning): CLerpNodePathInterval::priv_step() called for LerpColorScaleInterval-7671 in state final.
:text(warning): Unknown TextGraphic: badge-0-0
:text(warning): Unknown TextGraphic: badge-0-0
:text(warning): Unknown TextGraphic: badge-0-0
:text(warning): Unknown TextGraphic: badge-0-0
:interval(warning): CLerpNodePathInterval::priv_initialize() called for LerpColorScaleInterval-7791 in state started.
:text(warning): Unknown TextGraphic: badge-0-0
:text(warning): Unknown TextGraphic: badge-0-0
:interval(warning): CLerpNodePathInterval::priv_step() called for LerpColorScaleInterval-7791 in state final.
:text(warning): Unknown TextGraphic: badge-0-0
:text(warning): Unknown TextGraphic: badge-0-0
:text(warning): Unknown TextGraphic: badge-0-0
:text(warning): Unknown TextGraphic: badge-0-0
:text(warning): Unknown TextGraphic: badge-0-0
:text(warning): Unknown TextGraphic: badge-0-0
:text(warning): Unknown TextGraphic: badge-0-0
:text(warning): Unknown TextGraphic: badge-0-0
:interval(warning): CLerpNodePathInterval::priv_initialize() called for LerpColorScaleInterval-8044 in state started.
:interval(warning): CLerpNodePathInterval::priv_step() called for LerpColorScaleInterval-8044 in state final.
:text(warning): Unknown TextGraphic: badge-0-0
:text(warning): Unknown TextGraphic: badge-0-0
:interval(warning): CLerpNodePathInterval::priv_initialize() called for LerpColorScaleInterval-8082 in state started.
:interval(warning): CLerpNodePathInterval::priv_step() called for LerpColorScaleInterval-8082 in state final.
:text(warning): Unknown TextGraphic: badge-0-0
:text(warning): Unknown TextGraphic: badge-0-0
:text(warning): Unknown TextGraphic: badge-0-0
:text(warning): Unknown TextGraphic: badge-0-0
:interval(warning): CLerpNodePathInterval::priv_initialize() called for LerpColorScaleInterval-8186 in state started.
:interval(warning): CLerpNodePathInterval::priv_step() called for LerpColorScaleInterval-8186 in state final.
:text(warning): Unknown TextGraphic: badge-0-0
:text(warning): Unknown TextGraphic: badge-0-0
:text(warning): Unknown TextGraphic: badge-0-0
:text(warning): Unknown TextGraphic: badge-0-0
:interval(warning): CLerpNodePathInterval::priv_initialize() called for LerpColorScaleInterval-8201 in state started.
:interval(warning): CLerpNodePathInterval::priv_step() called for LerpColorScaleInterval-8201 in state final.
:text(warning): Unknown TextGraphic: badge-0-0
:text(warning): Unknown TextGraphic: badge-0-0
:interval(warning): CLerpNodePathInterval::priv_initialize() called for LerpColorScaleInterval-8260 in state started.
:interval(warning): CLerpNodePathInterval::priv_step() called for LerpColorScaleInterval-8260 in state final.
:text(warning): Unknown TextGraphic: badge-0-0
:text(warning): Unknown TextGraphic: badge-0-0
:interval(warning): CLerpNodePathInterval::priv_initialize() called for LerpColorScaleInterval-8276 in state started.
:interval(warning): CLerpNodePathInterval::priv_step() called for LerpColorScaleInterval-8276 in state final.
:text(warning): Unknown TextGraphic: badge-0-0
:text(warning): Unknown TextGraphic: badge-0-0
:interval(warning): CLerpNodePathInterval::priv_initialize() called for LerpColorScaleInterval-8306 in state started.
:interval(warning): CLerpNodePathInterval::priv_step() called for LerpColorScaleInterval-8306 in state final.
:text(warning): Unknown TextGraphic: badge-0-0
:text(warning): Unknown TextGraphic: badge-0-0
:interval(warning): CLerpNodePathInterval::priv_initialize() called for LerpColorScaleInterval-8344 in state started.
:interval(warning): CLerpNodePathInterval::priv_step() called for LerpColorScaleInterval-8344 in state final.
Assertion failed: !is_empty() at line 1838 of c:\nirai\panda3d\panda\src\pgraph\nodePath.I
:text(warning): Unknown TextGraphic: badge-0-0
:text(warning): Unknown TextGraphic: badge-0-0
:text(warning): Unknown TextGraphic: badge-0-0
:display: Created output of type ParasiteBuffer
:display:gsg:glgsg: reloading texture pir_t_hnd_swd_broadsword_c with mipmaps
:display:gsg:glgsg: reloading texture tattoo_face_color_jacksparrow with mipmaps
:display:gsg:glgsg: reloading texture pir_t_hnd_swd_cutlass_a with mipmaps
:display:gsg:glgsg: reloading texture pir_t_hnd_swd_cutlass_a with mipmaps
:display:gsg:glgsg: reloading texture swordtrail_lines with mipmaps
:text(warning): Unknown TextGraphic: badge-0-0
:display: Created output of type ParasiteBuffer
:display:gsg:glgsg: reloading texture effectHitSplatA with mipmaps
:display:gsg:glgsg: reloading texture particleGlow with mipmaps
:display:gsg:glgsg: reloading texture effectHitSplatA with mipmaps
:display:gsg:glgsg: reloading texture particleGlow with mipmaps
:display:gsg:glgsg: reloading texture effectHitSplatA with mipmaps
:display:gsg:glgsg: reloading texture effectShockwave1 with mipmaps
:display:gsg:glgsg: reloading texture jr_crew_palette_3cmla_1 with mipmaps
:display:gsg:glgsg: reloading texture jr_crew_palette_3cmla_1 with mipmaps
:text(warning): Unknown TextGraphic: badge-0-0
:display:gsg:glgsg: reloading texture pir_t_hnd_knf_dirk_a with mipmaps
:display:gsg:glgsg: reloading texture particleDot with mipmaps
:display:gsg:glgsg: reloading texture Jolly_skull with mipmaps
:linmath(warning): Tried to invert singular LMatrix3.
:display: Created output of type ParasiteBuffer
:text(warning): Unknown TextGraphic: badge-0-0
:text(warning): Unknown TextGraphic: badge-0-0
:display:gsg:glgsg: reloading texture tattoo_face_color_mothersday_flower_lg with mipmaps
Assertion failed: !is_empty() at line 1838 of c:\nirai\panda3d\panda\src\pgraph\nodePath.I
:text(warning): Unknown TextGraphic: badge-0-0
:text(warning): Unknown TextGraphic: badge-0-0
:display: Created output of type ParasiteBuffer
:interval(warning): CInterval::priv_finalize() called for LerpColorScaleInterval-9336 in state final.
:interval(warning): CLerpNodePathInterval::priv_step() called for LerpColorScaleInterval-9336 in state final.
:interval(warning): CInterval::priv_finalize() called for LerpScaleInterval-9335 in state final.
:interval(warning): CLerpNodePathInterval::priv_step() called for LerpScaleInterval-9335 in state final.
:interval(warning): CInterval::priv_finalize() called for LerpPosInterval-9334 in state final.
:interval(warning): CLerpNodePathInterval::priv_step() called for LerpPosInterval-9334 in state final.
Assertion failed: !is_empty() at line 1838 of c:\nirai\panda3d\panda\src\pgraph\nodePath.I
:display: Created output of type ParasiteBuffer
:text(warning): Unknown TextGraphic: badge-0-0
:text(warning): Unknown TextGraphic: badge-0-0
Assertion failed: !is_empty() at line 1838 of c:\nirai\panda3d\panda\src\pgraph\nodePath.I
:display: Created output of type ParasiteBuffer
:display:gsg:glgsg: reloading texture prop_dummy with mipmaps
:display:gsg:glgsg: reloading texture prop_dummy with mipmaps
:interval(warning): CInterval::priv_finalize() called for LerpColorScaleInterval-9662 in state final.
:interval(warning): CLerpNodePathInterval::priv_step() called for LerpColorScaleInterval-9662 in state final.
:interval(warning): CInterval::priv_finalize() called for LerpScaleInterval-9661 in state final.
:interval(warning): CLerpNodePathInterval::priv_step() called for LerpScaleInterval-9661 in state final.
:interval(warning): CInterval::priv_finalize() called for LerpPosInterval-9660 in state final.
:interval(warning): CLerpNodePathInterval::priv_step() called for LerpPosInterval-9660 in state final.
Assertion failed: !is_empty() at line 1838 of c:\nirai\panda3d\panda\src\pgraph\nodePath.I
:display: Created output of type ParasiteBuffer
:text(warning): Unknown TextGraphic: badge-0-0
:text(warning): Unknown TextGraphic: badge-0-0
:text(warning): Unknown TextGraphic: badge-0-0
:text(warning): Unknown TextGraphic: badge-0-0
:text(warning): Unknown TextGraphic: badge-0-0
:text(warning): Unknown TextGraphic: badge-0-0
Assertion failed: !is_empty() at line 1838 of c:\nirai\panda3d\panda\src\pgraph\nodePath.I
:display: Created output of type ParasiteBuffer
:interval(warning): CInterval::priv_finalize() called for LerpScaleInterval-10481 in state final.
:interval(warning): CLerpNodePathInterval::priv_step() called for LerpScaleInterval-10481 in state final.
:interval(warning): CInterval::priv_finalize() called for LerpPosInterval-10480 in state final.
:interval(warning): CLerpNodePathInterval::priv_step() called for LerpPosInterval-10480 in state final.
:display: Created output of type ParasiteBuffer
:display: Created output of type ParasiteBuffer
Assertion failed: !is_empty() at line 1838 of c:\nirai\panda3d\panda\src\pgraph\nodePath.I
:display: Created output of type ParasiteBuffer
:text(warning): Unknown TextGraphic: badge-0-0
:text(warning): Unknown TextGraphic: badge-0-0
:text(warning): Unknown TextGraphic: badge-0-0
:text(warning): Unknown TextGraphic: badge-0-0
:text(warning): Unknown TextGraphic: badge-0-0
:text(warning): Unknown TextGraphic: badge-0-0
:interval(warning): CLerpNodePathInterval::priv_initialize() called for LerpColorScaleInterval-10695 in state started.
:interval(warning): CLerpNodePathInterval::priv_step() called for LerpColorScaleInterval-10695 in state final.
:interval(warning): CLerpNodePathInterval::priv_initialize() called for LerpColorScaleInterval-10699 in state started.
:interval(warning): CLerpNodePathInterval::priv_step() called for LerpColorScaleInterval-10699 in state final.
:display: Created output of type ParasiteBuffer
:display:gsg:glgsg: reloading texture swordtrail_lines with mipmaps
:text(warning): Unknown TextGraphic: badge-0-0
:text(warning): Unknown TextGraphic: badge-0-0
Assertion failed: !is_empty() at line 1838 of c:\nirai\panda3d\panda\src\pgraph\nodePath.I
:display: Created output of type ParasiteBuffer
:loader(error): Couldn't load file models/char/td_show_voodoo_doll.bam: not found on model path (currently: "resources;resources/phase_6;resources/phase_5;resources/phase_4;resources/phase_3;resources/phase_2;resources;resources/phase_2;resources/phase_3;resources/phase_4;resources/phase_5")
:display:gsg:glgsg: reloading texture alligator_undead with mipmaps
:display:gsg:glgsg: reloading texture alligator_undead with mipmaps
:display:gsg:glgsg: reloading texture alligator_undead with mipmaps
:display:gsg:glgsg: reloading texture water_ripple with mipmaps
:display:gsg:glgsg: reloading texture bat_undead with mipmaps
:display:gsg:glgsg: reloading texture pir_t_hnd_trs_bag with mipmaps
:display:gsg:glgsg: reloading texture pir_t_hnd_knf_dagger_a with mipmaps
:display:gsg:glgsg: reloading texture weapons_palette_2tmla_1 with mipmaps
Assertion failed: !is_empty() at line 1838 of c:\nirai\panda3d\panda\src\pgraph\nodePath.I
:audio(error): Cannot open file: audio/sfx_fire_loop.ogg
:audio(error): Could not open audio audio/sfx_fire_loop.ogg
:audio(error): Cannot open file: audio/sfx_fire_loop.ogg
:audio(error): Could not open audio audio/sfx_fire_loop.ogg
:audio(error): Cannot open file: audio/sfx_fire_loop.ogg
:audio(error): Could not open audio audio/sfx_fire_loop.ogg
:audio(error): Cannot open file: audio/sfx_fire_loop.ogg
:audio(error): Could not open audio audio/sfx_fire_loop.ogg
:audio(error): Cannot open file: audio/sfx_fire_loop.ogg
:audio(error): Could not open audio audio/sfx_fire_loop.ogg
:audio(error): Cannot open file: audio/sfx_fire_loop.ogg
:audio(error): Could not open audio audio/sfx_fire_loop.ogg
:audio(error): Cannot open file: audio/sfx_fire_loop.ogg
:audio(error): Could not open audio audio/sfx_fire_loop.ogg
:audio(error): Cannot open file: audio/sfx_fire_loop.ogg
:audio(error): Could not open audio audio/sfx_fire_loop.ogg
:audio(error): Cannot open file: audio/sfx_fire_loop.ogg
:audio(error): Could not open audio audio/sfx_fire_loop.ogg
:audio(error): Cannot open file: audio/sfx_fire_loop.ogg
:audio(error): Could not open audio audio/sfx_fire_loop.ogg
:audio(error): Cannot open file: audio/sfx_fire_loop.ogg
:audio(error): Could not open audio audio/sfx_fire_loop.ogg
:audio(error): Cannot open file: audio/sfx_fire_loop.ogg
:audio(error): Could not open audio audio/sfx_fire_loop.ogg
:audio(error): Cannot open file: audio/sfx_fire_loop.ogg
:audio(error): Could not open audio audio/sfx_fire_loop.ogg
:audio(error): Cannot open file: audio/sfx_fire_loop.ogg
:audio(error): Could not open audio audio/sfx_fire_loop.ogg
:audio(error): Cannot open file: audio/sfx_fire_loop.ogg
:audio(error): Could not open audio audio/sfx_fire_loop.ogg
:audio(error): Cannot open file: audio/sfx_fire_loop.ogg
:audio(error): Could not open audio audio/sfx_fire_loop.ogg
:audio(error): Cannot open file: audio/sfx_fire_loop.ogg
:audio(error): Could not open audio audio/sfx_fire_loop.ogg
:audio(error): Cannot open file: audio/sfx_fire_loop.ogg
:audio(error): Could not open audio audio/sfx_fire_loop.ogg
:audio(error): Cannot open file: audio/sfx_fire_loop.ogg
:audio(error): Could not open audio audio/sfx_fire_loop.ogg
:audio(error): Cannot open file: audio/sfx_fire_loop.ogg
:audio(error): Could not open audio audio/sfx_fire_loop.ogg
:display: Created output of type ParasiteBuffer
:display:gsg:glgsg: reloading texture particleSparkle with mipmaps
:display:gsg:glgsg: reloading texture particleSparkle with mipmaps
:display:gsg:glgsg: reloading texture particleGunSmoke with mipmaps
:display:gsg:glgsg: reloading texture particleGunSmoke with mipmaps
:display: Created output of type ParasiteBuffer
:display:gsg:glgsg: reloading texture pir_t_hnd_dol_mojo_a with mipmaps
:display:gsg:glgsg: reloading texture pir_t_hnd_dol_mojo_a with mipmaps
:display:gsg:glgsg: reloading texture pir_t_hnd_dol_mojo_a with mipmaps
:display:gsg:glgsg: reloading texture pir_t_hnd_dol_mojo_a with mipmaps
:display:gsg:glgsg: reloading texture effectVoodooShockwave with mipmaps
:display: Created output of type ParasiteBuffer
:display:gsg:glgsg: reloading texture particleSparkles with mipmaps
:display:gsg:glgsg: reloading texture props_shop_doctor_palette_3cmla_1 with mipmaps
:display: Created output of type ParasiteBuffer
:display: Created output of type ParasiteBuffer
:display: Created output of type ParasiteBuffer
:display: Created output of type ParasiteBuffer
:display: Created output of type ParasiteBuffer
:display: Created output of type ParasiteBuffer
:display: Created output of type ParasiteBuffer
:display: Created output of type ParasiteBuffer
:display:gsg:glgsg: reloading texture world_map_base with mipmaps
Assertion failed: !is_empty() at line 1838 of c:\nirai\panda3d\panda\src\pgraph\nodePath.I
:text(warning): Unknown TextGraphic: badge-0-0
:text(warning): Unknown TextGraphic: badge-0-0
:text(warning): Unknown TextGraphic: badge-0-0
:text(warning): Unknown TextGraphic: badge-0-0
:text(warning): Unknown TextGraphic: badge-0-0
:text(warning): Unknown TextGraphic: badge-0-0
:text(warning): Unknown TextGraphic: badge-0-0
