Fri Feb 10 10:46:39 2017: TLOPO_GAMESERVER = gs-1.piratesonline.co
Fri Feb 10 10:46:39 2017: TLOPO_PLAYCOOKIE = 16112e6fd1b0128054f777d0b6a04b42
Fri Feb 10 10:46:39 2017: PLocalizer: Running in language: English
Fri Feb 10 10:46:39 2017: PiratesStart: Starting the game.
Fri Feb 10 10:46:43 2017: :PiratesStart: getDriverVendor NVIDIA Corporation
Fri Feb 10 10:46:43 2017: :PiratesStart: getDriverRenderer GeForce GTX 1060 3GB/PCIe/SSE2
Fri Feb 10 10:46:43 2017: :PiratesStart: getDriverVersion 4.5.0 NVIDIA 376.53
Fri Feb 10 10:46:43 2017: serverVersion:  tlopo-beta-v1.3.8
Fri Feb 10 10:46:44 2017: Initializing quest ladders...
Fri Feb 10 10:47:21 2017: Cannot configure initialisation option "scale" for DirectFrame
Fri Feb 10 10:47:23 2017: setActiveQuest: dm1.visitJohnnyMcvane
Fri Feb 10 11:09:35 2017: setActiveQuest: wg.1visitJack
Fri Feb 10 11:11:22 2017: setActiveQuest: wg.2visitEwan
Fri Feb 10 11:11:27 2017: presentQuestReset None
Fri Feb 10 11:11:33 2017: setActiveQuest: tt.2recoverTeeth
Fri Feb 10 11:11:39 2017: presentQuestReset None
Fri Feb 10 11:12:02 2017: setActiveQuest: wg.2visitEwan
Fri Feb 10 11:13:45 2017: setActiveQuest: wgr3.1grenadeMaterialsA
Fri Feb 10 11:13:56 2017: presentQuestReset None
Fri Feb 10 11:16:29 2017: Traceback (most recent call last):
Fri Feb 10 11:16:29 2017:   File "direct.showbase.EventManager", line 46, in eventLoopTask
Fri Feb 10 11:16:29 2017:   File "direct.showbase.EventManager", line 40, in doEvents
Fri Feb 10 11:16:29 2017:   File "direct.showbase.EventManager", line 97, in processEvent
Fri Feb 10 11:16:29 2017:   File "direct.showbase.Messenger", line 326, in send
Fri Feb 10 11:16:29 2017:   File "direct.showbase.Messenger", line 411, in __dispatch
Fri Feb 10 11:16:29 2017:   File "direct.gui.DirectButton", line 103, in commandFunc
Fri Feb 10 11:16:29 2017:   File "pirates.piratesgui.QuestTitleList", line 391, in select
Fri Feb 10 11:16:29 2017:   File "direct.showbase.Messenger", line 326, in send
Fri Feb 10 11:16:29 2017:   File "direct.showbase.Messenger", line 411, in __dispatch
Fri Feb 10 11:16:29 2017:   File "pirates.piratesgui.QuestPage", line 200, in showQuestDetails
Fri Feb 10 11:16:29 2017:   File "pirates.piratesgui.QuestPage", line 224, in updateQuestIdDetails
Fri Feb 10 11:16:29 2017:   File "pirates.quest.QuestDetailGUI", line 152, in setQuestInfoFromQuest
Fri Feb 10 11:16:29 2017:   File "pirates.quest.Quest", line 381, in getStatusText
Fri Feb 10 11:16:29 2017:   File "pirates.quest.DistributedQuestOV", line 31, in getTaskStates
Fri Feb 10 11:16:29 2017: AttributeError: DistributedQuestOV instance has no attribute 'taskStates'
Fri Feb 10 11:16:29 2017: :TaskManager: TaskManager.destroy()
0-0
:display:windisplay: begin QueryPerformanceFrequency
:display:windisplay: QueryPerformanceFrequency: 14318180
:display:windisplay: CPU frequency: 3917809301
:display:windisplay: start CPU ID
:display:windisplay: end CPU ID
:display:windisplay: 3 CPU cores, with 6 logical processors.
:text(warning): Unknown TextGraphic: badge-0-0
:text(warning): Unknown TextGraphic: badge-0-0
:text(warning): Unknown TextGraphic: badge-0-0
:text(warning): Unknown TextGraphic: badge-0-0
:display: Created output of type ParasiteBuffer
:display: Created output of type ParasiteBuffer
:display: Created output of type ParasiteBuffer
:display: Created output of type ParasiteBuffer
:display: Created output of type ParasiteBuffer
:display: Created output of type ParasiteBuffer
:display: Created output of type ParasiteBuffer
:display: Created output of type ParasiteBuffer
:display: Created output of type ParasiteBuffer
:display: Created output of type ParasiteBuffer
:display: Created output of type ParasiteBuffer
:display: Created output of type ParasiteBuffer
:display: Created output of type ParasiteBuffer
:display: Created output of type ParasiteBuffer
:display: Created output of type ParasiteBuffer
:display: Created output of type ParasiteBuffer
:display: Created output of type ParasiteBuffer
:display: Created output of type ParasiteBuffer
:display: Created output of type ParasiteBuffer
:display: Created output of type ParasiteBuffer
:display: Created output of type ParasiteBuffer
:display: Created output of type ParasiteBuffer
:display: Created output of type ParasiteBuffer
:display: Created output of type ParasiteBuffer
:display: Created output of type ParasiteBuffer
:display: Created output of type ParasiteBuffer
:display: Created output of type ParasiteBuffer
:display: Created output of type ParasiteBuffer
:display: Created output of type ParasiteBuffer
:display: Created output of type ParasiteBuffer
:display: Created output of type ParasiteBuffer
Assertion failed: !is_empty() at line 1838 of c:\nirai\panda3d\panda\src\pgraph\nodePath.I
:text(warning): Unknown TextGraphic: badge-0-0
:text(warning): Unknown TextGraphic: badge-0-0
:text(warning): Unknown TextGraphic: badge-0-0
:text(warning): Unknown TextGraphic: badge-0-0
:text(warning): Unknown TextGraphic: badge-0-0
:text(warning): Unknown TextGraphic: badge-0-0
:text(warning): Unknown TextGraphic: badge-0-0
:text(warning): Unknown TextGraphic: badge-0-0
:text(warning): Unknown TextGraphic: badge-0-0
:text(warning): Unknown TextGraphic: badge-0-0
:text(warning): Unknown TextGraphic: badge-0-0
:text(warning): Unknown TextGraphic: badge-0-0
:text(warning): Unknown TextGraphic: badge-0-0
:text(warning): Unknown TextGraphic: badge-0-0
:text(warning): Unknown TextGraphic: badge-0-0
:text(warning): Unknown TextGraphic: badge-0-0
:text(warning): Unknown TextGraphic: badge-0-0
:text(warning): Unknown TextGraphic: badge-0-0
:text(warning): Unknown TextGraphic: badge-0-0
:text(warning): Unknown TextGraphic: badge-0-0
:text(warning): Unknown TextGraphic: badge-0-0
:text(warning): Unknown TextGraphic: badge-0-0
:text(warning): Unknown TextGraphic: badge-0-0
:text(warning): Unknown TextGraphic: badge-0-0
:text(warning): Unknown TextGraphic: badge-0-0
:text(warning): Unknown TextGraphic: badge-0-0
:text(warning): Unknown TextGraphic: badge-0-0
:text(warning): Unknown TextGraphic: badge-0-0
:display: Created output of type ParasiteBuffer
:text(warning): Unknown TextGraphic: badge-0-0
:text(warning): Unknown TextGraphic: badge-0-0
:display:gsg:glgsg: reloading texture particleRockShower with mipmaps
:display:gsg:glgsg: reloading texture particleRockShower with mipmaps
:display:gsg:glgsg: reloading texture particleSmoke with mipmaps
:display:gsg:glgsg: reloading texture particleSmoke with mipmaps
:display:gsg:glgsg: reloading texture effectHoleD with mipmaps
:display:gsg:glgsg: reloading texture effectHoleD with mipmaps
:display: Created output of type ParasiteBuffer
:display: Created output of type ParasiteBuffer
:display:gsg:glgsg: reloading texture world_map_base with mipmaps
:text(warning): Unknown TextGraphic: badge-0-0
:text(warning): Unknown TextGraphic: badge-0-0
:text(warning): Unknown TextGraphic: badge-0-0
:text(warning): Unknown TextGraphic: badge-0-0
:text(warning): Unknown TextGraphic: badge-0-0
:text(warning): Unknown TextGraphic: badge-0-0
:text(warning): Unknown TextGraphic: badge-0-0
:text(warning): Unknown TextGraphic: badge-0-0
:text(warning): Unknown TextGraphic: badge-0-0
:text(warning): Unknown TextGraphic: badge-0-0
:text(warning): Unknown TextGraphic: badge-0-0
:text(warning): Unknown TextGraphic: badge-0-0
:text(warning): Unknown TextGraphic: badge-0-0
:text(warning): Unknown TextGraphic: badge-0-0
:text(warning): Unknown TextGraphic: badge-0-0
:text(warning): Unknown TextGraphic: badge-0-0
:text(warning): Unknown TextGraphic: badge-0-0
:text(warning): Unknown TextGraphic: badge-0-0
:text(warning): Unknown TextGraphic: badge-0-0
:text(warning): Unknown TextGraphic: badge-0-0
:text(warning): Unknown TextGraphic: badge-0-0
:text(warning): Unknown TextGraphic: badge-0-0
:display:gsg:glgsg: reloading texture ships_static_a_palette_3cmla_3_swp_3 with mipmaps
:display:gsg:glgsg: reloading texture water_ripple3 with mipmaps
:display:gsg:glgsg: reloading texture StormCloud with mipmaps
:display:gsg:glgsg: reloading texture ships_static_a_palette_3cmla_3_swp_3 with mipmaps
:display:gsg:glgsg: reloading texture water_ripple3 with mipmaps
:display:gsg:glgsg: reloading texture StormCloud with mipmaps
:display:gsg:glgsg: reloading texture particleFire2 with mipmaps
:display:gsg:glgsg: reloading texture particleFire2 with mipmaps
:display:gsg:glgsg: reloading texture effectWindBlur with mipmaps
:display:gsg:glgsg: reloading texture effectWindBlur with mipmaps
:display:gsg:glgsg: reloading texture effectWindBlur with mipmaps
:display:gsg:glgsg: reloading texture effectWindBlur with mipmaps
:display:gsg:glgsg: reloading texture effectWindBlur with mipmaps
:display:gsg:glgsg: reloading texture effectWindBlur with mipmaps
:display:gsg:glgsg: reloading texture effectWindBlur with mipmaps
:text(warning): Unknown TextGraphic: badge-0-0
:text(warning): Unknown TextGraphic: badge-0-0
:text(warning): Unknown TextGraphic: badge-0-0
:text(warning): Unknown TextGraphic: badge-0-0
:text(warning): Unknown TextGraphic: badge-0-0
:text(warning): Unknown TextGraphic: badge-0-0
:text(warning): Unknown TextGraphic: badge-0-0
:text(warning): Unknown TextGraphic: badge-0-0
:text(warning): Unknown TextGraphic: badge-0-0
:text(warning): Unknown TextGraphic: badge-0-0
:text(warning): Unknown TextGraphic: badge-0-0
:text(warning): Unknown TextGraphic: badge-0-0
:text(warning): Unknown TextGraphic: badge-0-0
:text(warning): Unknown TextGraphic: badge-0-0
:text(warning): Unknown TextGraphic: badge-0-0
:text(warning): Unknown TextGraphic: badge-0-0
:text(warning): Unknown TextGraphic: badge-0-0
:text(warning): Unknown TextGraphic: badge-0-0
:text(warning): Unknown TextGraphic: badge-0-0
:text(warning): Unknown TextGraphic: badge-0-0
:text(warning): Unknown TextGraphic: badge-0-0
:text(warning): Unknown TextGraphic: badge-0-0
:text(warning): Unknown TextGraphic: badge-0-0
:text(warning): Unknown TextGraphic: badge-0-0
:text(warning): Unknown TextGraphic: badge-0-0
:text(warning): Unknown TextGraphic: badge-0-0
:text(warning): Unknown TextGraphic: badge-0-0
:text(warning): Unknown TextGraphic: badge-0-0
:text(warning): Unknown TextGraphic: badge-0-0
:text(warning): Unknown TextGraphic: badge-0-0
:text(warning): Unknown TextGraphic: badge-0-0
:text(warning): Unknown TextGraphic: badge-0-0
:text(warning): Unknown TextGraphic: badge-0-0
:text(warning): Unknown TextGraphic: badge-0-0
:text(warning): Unknown TextGraphic: badge-0-0
:text(warning): Unknown TextGraphic: badge-0-0
:text(warning): Unknown TextGraphic: badge-0-0
:text(warning): Unknown TextGraphic: badge-0-0
:text(warning): Unknown TextGraphic: badge-0-0
:text(warning): Unknown TextGraphic: badge-0-0
:text(warning): Unknown TextGraphic: badge-0-0
:text(warning): Unknown TextGraphic: badge-0-0
:text(warning): Unknown TextGraphic: badge-0-0
:text(warning): Unknown TextGraphic: badge-0-0
:text(warning): Unknown TextGraphic: badge-0-0
:text(warning): Unknown TextGraphic: badge-0-0
:text(warning): Unknown TextGraphic: badge-0-0
:text(warning): Unknown TextGraphic: badge-0-0
:text(warning): Unknown TextGraphic: badge-0-0
:text(warning): Unknown TextGraphic: badge-0-0
:text(warning): Unknown TextGraphic: badge-0-0
:text(warning): Unknown TextGraphic: badge-0-0
:text(warning): Unknown TextGraphic: badge-0-0
:text(warning): Unknown TextGraphic: badge-0-0
:text(warning): Unknown TextGraphic: badge-0-0
:text(warning): Unknown TextGraphic: badge-0-0
:text(warning): Unknown TextGraphic: badge-0-0
:text(warning): Unknown TextGraphic: badge-0-0
:text(warning): Unknown TextGraphic: badge-0-0
:text(warning): Unknown TextGraphic: badge-0-0
Assertion failed: !is_empty() at line 1838 of c:\nirai\panda3d\panda\src\pgraph\nodePath.I
:text(warning): Unknown TextGraphic: badge-0-0
:text(warning): Unknown TextGraphic: badge-0-0
:text(warning): Unknown TextGraphic: badge-0-0
:text(warning): Unknown TextGraphic: badge-0-0
:text(warning): Unknown TextGraphic: badge-0-0
:text(warning): Unknown TextGraphic: badge-0-0
:text(warning): Unknown TextGraphic: badge-0-0
:display: Created output of type ParasiteBuffer
Assertion failed: !is_empty() at line 1838 of c:\nirai\panda3d\panda\src\pgraph\nodePath.I
:display: Created output of type ParasiteBuffer
:display:gsg:glgsg: reloading texture pir_t_hnd_knf_dirk_c with mipmaps
:display:gsg:glgsg: reloading texture FP_corset_low_ribs with mipmaps
:display:gsg:glgsg: reloading texture pupilHazel with mipmaps
:display:gsg:glgsg: reloading texture FP_pant_short_pants_purple with mipmaps
:display:gsg:glgsg: reloading texture FP_shoe_tall_boots_violet_stitches with mipmaps
:display:gsg:glgsg: reloading texture FP_belt_sash_goldbuckle with mipmaps
:display:gsg:glgsg: reloading texture pir_t_hnd_swd_cutlass_a with mipmaps
:display:gsg:glgsg: reloading texture pir_t_hnd_swd_cutlass_a with mipmaps
:display: Created output of type ParasiteBuffer
:display:gsg:glgsg: reloading texture particleSplash with mipmaps
:display:gsg:glgsg: reloading texture water_ripple with mipmaps
:display: Created output of type ParasiteBuffer
:display:gsg:glgsg: reloading texture swordtrail_lines with mipmaps
:display:gsg:glgsg: reloading texture ship_arms_props_palette_3cmla_1 with mipmaps
:display:gsg:glgsg: reloading texture effectHitSplatA with mipmaps
:display:gsg:glgsg: reloading texture particleGlow with mipmaps
:display:gsg:glgsg: reloading texture effectHitSplatA with mipmaps
:display:gsg:glgsg: reloading texture particleGlow with mipmaps
:display:gsg:glgsg: reloading texture effectHitSplatA with mipmaps
:display:gsg:glgsg: reloading texture effectRedShockwave with mipmaps
:display:gsg:glgsg: reloading texture effectFlashRays with mipmaps
:display:gsg:glgsg: reloading texture pir_t_hnd_knf_dirk_a with mipmaps
:display:gsg:glgsg: reloading texture pir_t_hnd_knf_dirk_a with mipmaps
:display:gsg:glgsg: reloading texture weapons_palette_2tmla_1 with mipmaps
:display:gsg:glgsg: reloading texture effectShockwave1 with mipmaps
:display:gsg:glgsg: reloading texture pir_t_hnd_trs_bag with mipmaps
:display:gsg:glgsg: reloading texture particleSpark with mipmaps
:display:gsg:glgsg: reloading texture particleSpark with mipmaps
:display:gsg:glgsg: reloading texture Jolly_skull with mipmaps
:display: Created output of type ParasiteBuffer
:display: Created output of type ParasiteBuffer
:linmath(warning): Tried to invert singular LMatrix3.
:display: Created output of type ParasiteBuffer
:display: Created output of type ParasiteBuffer
:display: Created output of type ParasiteBuffer
:display: Created output of type ParasiteBuffer
:display: Created output of type ParasiteBuffer
:display: Created output of type ParasiteBuffer
:display: Created output of type ParasiteBuffer
:display: Created output of type ParasiteBuffer
:display: Created output of type ParasiteBuffer
:display: Created output of type ParasiteBuffer
:display: Created output of type ParasiteBuffer
:display: Created output of type ParasiteBuffer
:display: Created output of type ParasiteBuffer
:display: Created output of type ParasiteBuffer
:display: Created output of type ParasiteBuffer
:display: Created output of type ParasiteBuffer
:display: Created output of type ParasiteBuffer
:display: Created output of type ParasiteBuffer
:display: Created output of type ParasiteBuffer
:display: Created output of type ParasiteBuffer
:display: Created output of type ParasiteBuffer
:display: Created output of type ParasiteBuffer
:display: Created output of type ParasiteBuffer
:display:gsg:glgsg: reloading texture particleDot with mipmaps
:display: Created output of type ParasiteBuffer
:display: Created output of type ParasiteBuffer
:display:gsg:glgsg: reloading texture particleVolcanoSmoke with mipmaps
:display:gsg:glgsg: reloading texture particleVolcanoSmoke with mipmaps
Assertion failed: !is_empty() at line 1838 of c:\nirai\panda3d\panda\src\pgraph\nodePath.I
:text(warning): Unknown TextGraphic: badge-0-0
:text(warning): Unknown TextGraphic: badge-0-0
:text(warning): Unknown TextGraphic: badge-0-0
:text(warning): Unknown TextGraphic: badge-0-0
:text(warning): Unknown TextGraphic: badge-0-0
:text(warning): Unknown TextGraphic: badge-0-0
:display: Created output of type ParasiteBuffer
:display:gsg:glgsg: reloading texture PM_pant_long_pants_tucked_leathergoldbuttons_nopatch with mipmaps
:display:gsg:glgsg: reloading texture PM_shirt_tanktop_buttons with mipmaps
:display:gsg:glgsg: reloading texture PM_shirt_tanktop_buttons with mipmaps
:display:gsg:glgsg: reloading texture PM_shirt_tanktop_buttons with mipmaps
:display:gsg:glgsg: reloading texture PM_vest_open_belts with mipmaps
:display:gsg:glgsg: reloading texture hat_bandana_full_blue with mipmaps
:display:gsg:glgsg: reloading texture PM_pant_long_pants_tucked_cotton_leathersidepocket with mipmaps
:display:gsg:glgsg: reloading texture PM_shoe_tall_boots_lace with mipmaps
:display:gsg:glgsg: reloading texture hand_held_palette_3cmla_1 with mipmaps
:display:gsg:glgsg: reloading texture PM_pant_apron with mipmaps
:display:gsg:glgsg: reloading texture PM_pant_apron with mipmaps
:display:gsg:glgsg: reloading texture PM_shirt_apron with mipmaps
Assertion failed: !is_empty() at line 1838 of c:\nirai\panda3d\panda\src\pgraph\nodePath.I
:display: Created output of type ParasiteBuffer
:display:gsg:glgsg: reloading texture PM_pant_shorts_1buttonflap with mipmaps
:display:gsg:glgsg: reloading texture PM_shirt_shared_cloth_metal_buttons with mipmaps
:display:gsg:glgsg: reloading texture PM_vest_closed_leathertop with mipmaps
:display:gsg:glgsg: reloading texture PM_shirt_shared_cloth_metal_buttons with mipmaps
:display:gsg:glgsg: reloading texture PM_shoe_medium_boots_buckle with mipmaps
:display:gsg:glgsg: reloading texture card_back with mipmaps
:display:gsg:glgsg: reloading texture cast_jg_alpha with mipmaps
:display:gsg:glgsg: reloading texture cast_jg_head with mipmaps
:display:gsg:glgsg: reloading texture cast_jg_body with mipmaps
:display:gsg:glgsg: reloading texture PM_pant_shorts_1buttonflap with mipmaps
:display:gsg:glgsg: reloading texture PM_shirt_shared_cloth_metal_buttons with mipmaps
:display:gsg:glgsg: reloading texture PM_vest_closed_leathertop with mipmaps
:display:gsg:glgsg: reloading texture PM_shirt_shared_cloth_metal_buttons with mipmaps
:display:gsg:glgsg: reloading texture PM_shoe_medium_boots_buckle with mipmaps
:display:gsg:glgsg: reloading texture card_back with mipmaps
:display:gsg:glgsg: reloading texture cast_jg_alpha with mipmaps
:display:gsg:glgsg: reloading texture cast_jg_head with mipmaps
:display:gsg:glgsg: reloading texture cast_jg_body with mipmaps
:display:gsg:glgsg: reloading texture PM_pant_shorts_1buttonflap with mipmaps
:display:gsg:glgsg: reloading texture PM_shirt_shared_cloth_metal_buttons with mipmaps
:display:gsg:glgsg: reloading texture PM_vest_closed_leathertop with mipmaps
:display:gsg:glgsg: reloading texture PM_shirt_shared_cloth_metal_buttons with mipmaps
:display:gsg:glgsg: reloading texture PM_shoe_medium_boots_buckle with mipmaps
:display:gsg:glgsg: reloading texture card_back with mipmaps
:display:gsg:glgsg: reloading texture cast_jg_alpha with mipmaps
:display:gsg:glgsg: reloading texture cast_jg_head with mipmaps
:display:gsg:glgsg: reloading texture cast_jg_body with mipmaps
:display:gsg:glgsg: reloading texture PM_pant_shorts_1buttonflap with mipmaps
:display:gsg:glgsg: reloading texture PM_shirt_shared_cloth_metal_buttons with mipmaps
:display:gsg:glgsg: reloading texture PM_vest_closed_leathertop with mipmaps
:display:gsg:glgsg: reloading texture PM_shirt_shared_cloth_metal_buttons with mipmaps
:display:gsg:glgsg: reloading texture PM_shoe_medium_boots_buckle with mipmaps
:display:gsg:glgsg: reloading texture PM_pant_long_pants_untucked_celticbuttons with mipmaps
:display:gsg:glgsg: reloading texture PM_shoe_medium_boots_laced with mipmaps
:display:gsg:glgsg: reloading texture PM_vest_closed_stripe with mipmaps
:display:gsg:glgsg: reloading texture card_back with mipmaps
:display:gsg:glgsg: reloading texture cast_jg_alpha with mipmaps
:display:gsg:glgsg: reloading texture cast_jg_head with mipmaps
:display:gsg:glgsg: reloading texture cast_jg_body with mipmaps
:display:gsg:glgsg: reloading texture PM_pant_shorts_1buttonflap with mipmaps
:display:gsg:glgsg: reloading texture PM_shirt_shared_cloth_metal_buttons with mipmaps
:display:gsg:glgsg: reloading texture PM_vest_closed_leathertop with mipmaps
:display:gsg:glgsg: reloading texture PM_shirt_shared_cloth_metal_buttons with mipmaps
:display:gsg:glgsg: reloading texture PM_shoe_medium_boots_buckle with mipmaps
:display:gsg:glgsg: reloading texture PM_pant_long_pants_untucked_celticbuttons with mipmaps
:display:gsg:glgsg: reloading texture PM_shoe_medium_boots_laced with mipmaps
:display:gsg:glgsg: reloading texture PM_vest_closed_stripe with mipmaps
:display:gsg:glgsg: reloading texture FP_shirt_long_sleeve_collar_collarbuttons with mipmaps
:display:gsg:glgsg: reloading texture FP_pant_skirt_patchwork with mipmaps
:display:gsg:glgsg: reloading texture FP_shirt_long_sleeve_collar_collarbuttons with mipmaps
:display:gsg:glgsg: reloading texture card_back with mipmaps
:display:gsg:glgsg: reloading texture cast_jg_alpha with mipmaps
:display:gsg:glgsg: reloading texture cast_jg_head with mipmaps
:display:gsg:glgsg: reloading texture cast_jg_body with mipmaps
:display:gsg:glgsg: reloading texture PM_pant_shorts_1buttonflap with mipmaps
:display:gsg:glgsg: reloading texture PM_shirt_shared_cloth_metal_buttons with mipmaps
:display:gsg:glgsg: reloading texture PM_vest_closed_leathertop with mipmaps
:display:gsg:glgsg: reloading texture PM_shirt_shared_cloth_metal_buttons with mipmaps
:display:gsg:glgsg: reloading texture PM_shoe_medium_boots_buckle with mipmaps
:display:gsg:glgsg: reloading texture card_back with mipmaps
:display:gsg:glgsg: reloading texture cast_jg_alpha with mipmaps
:display:gsg:glgsg: reloading texture cast_jg_head with mipmaps
:display:gsg:glgsg: reloading texture cast_jg_body with mipmaps
:display:gsg:glgsg: reloading texture PM_pant_shorts_1buttonflap with mipmaps
:display:gsg:glgsg: reloading texture PM_shirt_shared_cloth_metal_buttons with mipmaps
:display:gsg:glgsg: reloading texture PM_vest_closed_leathertop with mipmaps
:display:gsg:glgsg: reloading texture PM_shirt_shared_cloth_metal_buttons with mipmaps
:display:gsg:glgsg: reloading texture PM_shoe_medium_boots_buckle with mipmaps
:display:gsg:glgsg: reloading texture card_back with mipmaps
:display:gsg:glgsg: reloading texture cast_jg_alpha with mipmaps
:display:gsg:glgsg: reloading texture cast_jg_head with mipmaps
:display:gsg:glgsg: reloading texture cast_jg_body with mipmaps
:display:gsg:glgsg: reloading texture PM_pant_shorts_1buttonflap with mipmaps
:display:gsg:glgsg: reloading texture PM_shirt_shared_cloth_metal_buttons with mipmaps
:display:gsg:glgsg: reloading texture PM_vest_closed_leathertop with mipmaps
:display:gsg:glgsg: reloading texture PM_shirt_shared_cloth_metal_buttons with mipmaps
:display:gsg:glgsg: reloading texture PM_shoe_medium_boots_buckle with mipmaps
:display:gsg:glgsg: reloading texture card_back with mipmaps
:display:gsg:glgsg: reloading texture cast_jg_alpha with mipmaps
:display:gsg:glgsg: reloading texture cast_jg_head with mipmaps
:display:gsg:glgsg: reloading texture cast_jg_body with mipmaps
:display:gsg:glgsg: reloading texture PM_pant_shorts_1buttonflap with mipmaps
:display:gsg:glgsg: reloading texture PM_shirt_shared_cloth_metal_buttons with mipmaps
:display:gsg:glgsg: reloading texture PM_vest_closed_leathertop with mipmaps
:display:gsg:glgsg: reloading texture PM_shirt_shared_cloth_metal_buttons with mipmaps
:display:gsg:glgsg: reloading texture PM_shoe_medium_boots_buckle with mipmaps
:display:gsg:glgsg: reloading texture PM_shirt_shared_cloth_metal_buttons with mipmaps
:display:gsg:glgsg: reloading texture PM_vest_closed_silk_stripe_lapel with mipmaps
:display:gsg:glgsg: reloading texture hat_eitc with mipmaps
:display:gsg:glgsg: reloading texture PM_shirt_shared_cloth_metal_buttons with mipmaps
:display:gsg:glgsg: reloading texture card_back with mipmaps
:display:gsg:glgsg: reloading texture cast_jg_alpha with mipmaps
:display:gsg:glgsg: reloading texture cast_jg_head with mipmaps
:display:gsg:glgsg: reloading texture cast_jg_body with mipmaps
:display:gsg:glgsg: reloading texture pirate_female_palette_3cmla_1 with mipmaps
:display:gsg:glgsg: reloading texture PM_pant_shorts_1buttonflap with mipmaps
:display:gsg:glgsg: reloading texture PM_shirt_shared_cloth_metal_buttons with mipmaps
:display:gsg:glgsg: reloading texture PM_vest_closed_leathertop with mipmaps
:display:gsg:glgsg: reloading texture PM_shirt_shared_cloth_metal_buttons with mipmaps
:display:gsg:glgsg: reloading texture PM_shoe_medium_boots_buckle with mipmaps
:display:gsg:glgsg: reloading texture PM_shirt_shared_cloth_metal_buttons with mipmaps
:display:gsg:glgsg: reloading texture PM_vest_closed_silk_stripe_lapel with mipmaps
:display:gsg:glgsg: reloading texture hat_eitc with mipmaps
:display:gsg:glgsg: reloading texture PM_shirt_shared_cloth_metal_buttons with mipmaps
:display:gsg:glgsg: reloading texture FP_pant_short_pants_red with mipmaps
:display:gsg:glgsg: reloading texture FP_shirt_long_sleeve_collar_stitches with mipmaps
:display:gsg:glgsg: reloading texture FP_shirt_long_sleeve_collar_stitches with mipmaps
:display:gsg:glgsg: reloading texture FP_shoe_medium_boots_BuckleSkullSole with mipmaps
:display:gsg:glgsg: reloading texture FP_belt_strap_RivetsSkullBuckle with mipmaps
:display:gsg:glgsg: reloading texture FP_coat_long_advanced_outfit with mipmaps
:display:gsg:glgsg: reloading texture FP_belt_buckle_square with mipmaps
:display:gsg:glgsg: reloading texture card_back with mipmaps
:display:gsg:glgsg: reloading texture cast_jg_alpha with mipmaps
:display:gsg:glgsg: reloading texture cast_jg_head with mipmaps
:display:gsg:glgsg: reloading texture cast_jg_body with mipmaps
:display:gsg:glgsg: reloading texture pirate_female_palette_3cmla_1 with mipmaps
:display:gsg:glgsg: reloading texture PM_pant_shorts_1buttonflap with mipmaps
:display:gsg:glgsg: reloading texture PM_shirt_shared_cloth_metal_buttons with mipmaps
:display:gsg:glgsg: reloading texture PM_vest_closed_leathertop with mipmaps
:display:gsg:glgsg: reloading texture PM_shirt_shared_cloth_metal_buttons with mipmaps
:display:gsg:glgsg: reloading texture PM_shoe_medium_boots_buckle with mipmaps
:display:gsg:glgsg: reloading texture PM_shirt_shared_cloth_metal_buttons with mipmaps
:display:gsg:glgsg: reloading texture PM_vest_closed_silk_stripe_lapel with mipmaps
:display:gsg:glgsg: reloading texture hat_eitc with mipmaps
:display:gsg:glgsg: reloading texture PM_shirt_shared_cloth_metal_buttons with mipmaps
:display:gsg:glgsg: reloading texture FP_pant_short_pants_red with mipmaps
:display:gsg:glgsg: reloading texture FP_shirt_long_sleeve_collar_stitches with mipmaps
:display:gsg:glgsg: reloading texture FP_shirt_long_sleeve_collar_stitches with mipmaps
:display:gsg:glgsg: reloading texture FP_shoe_medium_boots_BuckleSkullSole with mipmaps
:display:gsg:glgsg: reloading texture FP_belt_strap_RivetsSkullBuckle with mipmaps
:display:gsg:glgsg: reloading texture FP_coat_long_advanced_outfit with mipmaps
:display:gsg:glgsg: reloading texture FP_belt_buckle_square with mipmaps
:display:gsg:glgsg: reloading texture card_back with mipmaps
:display:gsg:glgsg: reloading texture cast_jg_alpha with mipmaps
:display:gsg:glgsg: reloading texture cast_jg_head with mipmaps
:display:gsg:glgsg: reloading texture cast_jg_body with mipmaps
:display:gsg:glgsg: reloading texture pirate_female_palette_3cmla_1 with mipmaps
:display:gsg:glgsg: reloading texture PM_pant_shorts_1buttonflap with mipmaps
:display:gsg:glgsg: reloading texture PM_shirt_shared_cloth_metal_buttons with mipmaps
:display:gsg:glgsg: reloading texture PM_vest_closed_leathertop with mipmaps
:display:gsg:glgsg: reloading texture PM_shirt_shared_cloth_metal_buttons with mipmaps
:display:gsg:glgsg: reloading texture PM_shoe_medium_boots_buckle with mipmaps
:display:gsg:glgsg: reloading texture PM_shirt_shared_cloth_metal_buttons with mipmaps
:display:gsg:glgsg: reloading texture PM_vest_closed_silk_stripe_lapel with mipmaps
:display:gsg:glgsg: reloading texture hat_eitc with mipmaps
:display:gsg:glgsg: reloading texture PM_shirt_shared_cloth_metal_buttons with mipmaps
:display:gsg:glgsg: reloading texture FP_pant_short_pants_red with mipmaps
:display:gsg:glgsg: reloading texture FP_shirt_long_sleeve_collar_stitches with mipmaps
:display:gsg:glgsg: reloading texture FP_shirt_long_sleeve_collar_stitches with mipmaps
:display:gsg:glgsg: reloading texture FP_shoe_medium_boots_BuckleSkullSole with mipmaps
:display:gsg:glgsg: reloading texture FP_belt_strap_RivetsSkullBuckle with mipmaps
:display:gsg:glgsg: reloading texture FP_coat_long_advanced_outfit with mipmaps
:display:gsg:glgsg: reloading texture FP_belt_buckle_square with mipmaps
:loader(error): Couldn't load file models/char/js_run_with_weapon.bam: not found on model path (currently: "resources;resources/phase_6;resources/phase_5;resources/phase_4;resources/phase_3;resources/phase_2;resources;resources/phase_2;resources/phase_3;resources/phase_4;resources/phase_5")
:loader(error): Couldn't load file models/char/js_strafe_left.bam: not found on model path (currently: "resources;resources/phase_6;resources/phase_5;resources/phase_4;resources/phase_3;resources/phase_2;resources;resources/phase_2;resources/phase_3;resources/phase_4;resources/phase_5")
:loader(error): Couldn't load file models/char/js_walk.bam: not found on model path (currently: "resources;resources/phase_6;resources/phase_5;resources/phase_4;resources/phase_3;resources/phase_2;resources;resources/phase_2;resources/phase_3;resources/phase_4;resources/phase_5")
:loader(error): Couldn't load file models/char/js_emote_scared.bam: not found on model path (currently: "resources;resources/phase_6;resources/phase_5;resources/phase_4;resources/phase_3;resources/phase_2;resources;resources/phase_2;resources/phase_3;resources/phase_4;resources/phase_5")
:loader(error): Couldn't load file models/char/js_walk_camera.bam: not found on model path (currently: "resources;resources/phase_6;resources/phase_5;resources/phase_4;resources/phase_3;resources/phase_2;resources;resources/phase_2;resources/phase_3;resources/phase_4;resources/phase_5")
:loader(error): Couldn't load file models/char/js_emote_bow.bam: not found on model path (currently: "resources;resources/phase_6;resources/phase_5;resources/phase_4;resources/phase_3;resources/phase_2;resources;resources/phase_2;resources/phase_3;resources/phase_4;resources/phase_5")
:loader(error): Couldn't load file models/char/js_tv_bow.bam: not found on model path (currently: "resources;resources/phase_6;resources/phase_5;resources/phase_4;resources/phase_3;resources/phase_2;resources;resources/phase_2;resources/phase_3;resources/phase_4;resources/phase_5")
:loader(error): Couldn't load file models/char/js_run_diagonal_left.bam: not found on model path (currently: "resources;resources/phase_6;resources/phase_5;resources/phase_4;resources/phase_3;resources/phase_2;resources;resources/phase_2;resources/phase_3;resources/phase_4;resources/phase_5")
:loader(error): Couldn't load file models/char/js_turn_left.bam: not found on model path (currently: "resources;resources/phase_6;resources/phase_5;resources/phase_4;resources/phase_3;resources/phase_2;resources;resources/phase_2;resources/phase_3;resources/phase_4;resources/phase_5")
:loader(error): Couldn't load file models/char/js_idleToBow.bam: not found on model path (currently: "resources;resources/phase_6;resources/phase_5;resources/phase_4;resources/phase_3;resources/phase_2;resources;resources/phase_2;resources/phase_3;resources/phase_4;resources/phase_5")
:loader(error): Couldn't load file models/char/js_handsOnHips.bam: not found on model path (currently: "resources;resources/phase_6;resources/phase_5;resources/phase_4;resources/phase_3;resources/phase_2;resources;resources/phase_2;resources/phase_3;resources/phase_4;resources/phase_5")
:loader(error): Couldn't load file models/char/js_run.bam: not found on model path (currently: "resources;resources/phase_6;resources/phase_5;resources/phase_4;resources/phase_3;resources/phase_2;resources;resources/phase_2;resources/phase_3;resources/phase_4;resources/phase_5")
:loader(error): Couldn't load file models/char/js_walk_back_diagonal_left.bam: not found on model path (currently: "resources;resources/phase_6;resources/phase_5;resources/phase_4;resources/phase_3;resources/phase_2;resources;resources/phase_2;resources/phase_3;resources/phase_4;resources/phase_5")
:loader(error): Couldn't load file models/char/js_run_diagonal_right.bam: not found on model path (currently: "resources;resources/phase_6;resources/phase_5;resources/phase_4;resources/phase_3;resources/phase_2;resources;resources/phase_2;resources/phase_3;resources/phase_4;resources/phase_5")
:loader(error): Couldn't load file models/char/js_turn_right.bam: not found on model path (currently: "resources;resources/phase_6;resources/phase_5;resources/phase_4;resources/phase_3;resources/phase_2;resources;resources/phase_2;resources/phase_3;resources/phase_4;resources/phase_5")
:loader(error): Couldn't load file models/char/js_marketing_fight_jr.bam: not found on model path (currently: "resources;resources/phase_6;resources/phase_5;resources/phase_4;resources/phase_3;resources/phase_2;resources;resources/phase_2;resources/phase_3;resources/phase_4;resources/phase_5")
:loader(error): Couldn't load file models/char/js_walk_back_diagonal_right.bam: not found on model path (currently: "resources;resources/phase_6;resources/phase_5;resources/phase_4;resources/phase_3;resources/phase_2;resources;resources/phase_2;resources/phase_3;resources/phase_4;resources/phase_5")
:loader(error): Couldn't load file models/char/js_emote_hands_on_hips.bam: not found on model path (currently: "resources;resources/phase_6;resources/phase_5;resources/phase_4;resources/phase_3;resources/phase_2;resources;resources/phase_2;resources/phase_3;resources/phase_4;resources/phase_5")
:loader(error): Couldn't load file models/char/js_strafe_right.bam: not found on model path (currently: "resources;resources/phase_6;resources/phase_5;resources/phase_4;resources/phase_3;resources/phase_2;resources;resources/phase_2;resources/phase_3;resources/phase_4;resources/phase_5")
:display:gsg:glgsg: reloading texture card_back with mipmaps
:display:gsg:glgsg: reloading texture cast_jg_alpha with mipmaps
:display:gsg:glgsg: reloading texture cast_jg_head with mipmaps
:display:gsg:glgsg: reloading texture cast_jg_body with mipmaps
:display:gsg:glgsg: reloading texture JD_Head_rev with mipmaps
:display:gsg:glgsg: reloading texture JD_Body_rev with mipmaps
:display:gsg:glgsg: reloading texture JD_Alpha_rev with mipmaps
:display:gsg:glgsg: reloading texture pirate_female_palette_3cmla_1 with mipmaps
:display:gsg:glgsg: reloading texture PM_pant_shorts_1buttonflap with mipmaps
:display:gsg:glgsg: reloading texture PM_shirt_shared_cloth_metal_buttons with mipmaps
:display:gsg:glgsg: reloading texture PM_vest_closed_leathertop with mipmaps
:display:gsg:glgsg: reloading texture PM_shirt_shared_cloth_metal_buttons with mipmaps
:display:gsg:glgsg: reloading texture PM_shoe_medium_boots_buckle with mipmaps
:display:gsg:glgsg: reloading texture PM_shirt_shared_cloth_metal_buttons with mipmaps
:display:gsg:glgsg: reloading texture PM_vest_closed_silk_stripe_lapel with mipmaps
:display:gsg:glgsg: reloading texture hat_eitc with mipmaps
:display:gsg:glgsg: reloading texture PM_shirt_shared_cloth_metal_buttons with mipmaps
:display:gsg:glgsg: reloading texture FP_pant_short_pants_red with mipmaps
:display:gsg:glgsg: reloading texture FP_shirt_long_sleeve_collar_stitches with mipmaps
:display:gsg:glgsg: reloading texture FP_shirt_long_sleeve_collar_stitches with mipmaps
:display:gsg:glgsg: reloading texture FP_shoe_medium_boots_BuckleSkullSole with mipmaps
:display:gsg:glgsg: reloading texture FP_belt_strap_RivetsSkullBuckle with mipmaps
:display:gsg:glgsg: reloading texture FP_coat_long_advanced_outfit with mipmaps
:display:gsg:glgsg: reloading texture FP_belt_buckle_square with mipmaps
:interval(warning): CInterval::priv_finalize() called for LerpColorScaleInterval-9786 in state final.
:interval(warning): CLerpNodePathInterval::priv_step() called for LerpColorScaleInterval-9786 in state final.
:interval(warning): CInterval::priv_finalize() called for LerpScaleInterval-9785 in state final.
:interval(warning): CLerpNodePathInterval::priv_step() called for LerpScaleInterval-9785 in state final.
:interval(warning): CInterval::priv_finalize() called for LerpPosInterval-9784 in state final.
:interval(warning): CLerpNodePathInterval::priv_step() called for LerpPosInterval-9784 in state final.
:display: Created output of type ParasiteBuffer
:interval(warning): CInterval::priv_finalize() called for LerpColorScaleInterval-9825 in state final.
:interval(warning): CLerpNodePathInterval::priv_step() called for LerpColorScaleInterval-9825 in state final.
:interval(warning): CInterval::priv_finalize() called for LerpScaleInterval-9824 in state final.
:interval(warning): CLerpNodePathInterval::priv_step() called for LerpScaleInterval-9824 in state final.
:interval(warning): CInterval::priv_finalize() called for LerpPosInterval-9823 in state final.
:interval(warning): CLerpNodePathInterval::priv_step() called for LerpPosInterval-9823 in state final.
:display: Created output of type ParasiteBuffer
Assertion failed: !is_empty() at line 1838 of c:\nirai\panda3d\panda\src\pgraph\nodePath.I
:display: Created output of type ParasiteBuffer
:text(warning): Unknown TextGraphic: badge-0-0
:text(warning): Unknown TextGraphic: badge-0-0
:text(warning): Unknown TextGraphic: badge-0-0
:text(warning): Unknown TextGraphic: badge-0-0
:text(warning): Unknown TextGraphic: badge-0-0
:text(warning): Unknown TextGraphic: badge-0-0
:display: Created output of type ParasiteBuffer
:display: Created output of type ParasiteBuffer
:text(warning): Unknown TextGraphic: badge-0-0
Assertion failed: !is_empty() at line 1838 of c:\nirai\panda3d\panda\src\pgraph\nodePath.I
:text(warning): Unknown TextGraphic: badge-0-0
:text(warning): Unknown TextGraphic: badge-0-0
:text(warning): Unknown TextGraphic: badge-0-0
:display: Created output of type ParasiteBuffer
:text(warning): Unknown TextGraphic: badge-0-0
:display:gsg:glgsg: reloading texture PM_shirt_shared_cloth_plain2 with mipmaps
:display:gsg:glgsg: reloading texture PM_shirt_shared_cloth_plain2 with mipmaps
:display:gsg:glgsg: reloading texture PM_shirt_shared_cloth_plain2 with mipmaps
:display:gsg:glgsg: reloading texture PM_shirt_shared_cloth_plain2 with mipmaps
Assertion failed: !is_empty() at line 1838 of c:\nirai\panda3d\panda\src\pgraph\nodePath.I
:text(warning): Unknown TextGraphic: badge-0-0
:display: Created output of type ParasiteBuffer
:display:gsg:glgsg: reloading texture PM_vest_open_clasp with mipmaps
:interval(warning): CInterval::priv_finalize() called for LerpColorScaleInterval-10461 in state final.
:interval(warning): CLerpNodePathInterval::priv_step() called for LerpColorScaleInterval-10461 in state final.
:interval(warning): CInterval::priv_finalize() called for LerpScaleInterval-10460 in state final.
:interval(warning): CLerpNodePathInterval::priv_step() called for LerpScaleInterval-10460 in state final.
:interval(warning): CInterval::priv_finalize() called for LerpPosInterval-10459 in state final.
:interval(warning): CLerpNodePathInterval::priv_step() called for LerpPosInterval-10459 in state final.
Assertion failed: !is_empty() at line 1838 of c:\nirai\panda3d\panda\src\pgraph\nodePath.I
:display: Created output of type ParasiteBuffer
:text(warning): Unknown TextGraphic: badge-0-0
:text(warning): Unknown TextGraphic: badge-0-0
:text(warning): Unknown TextGraphic: badge-0-0
:text(warning): Unknown TextGraphic: badge-0-0
:text(warning): Unknown TextGraphic: badge-0-0
:text(warning): Unknown TextGraphic: badge-0-0
:display:gsg:glgsg: reloading texture treasure_chest_palette_3cmla_1 with mipmaps
:text(warning): Unknown TextGraphic: badge-0-0
Assertion failed: !is_empty() at line 1838 of c:\nirai\panda3d\panda\src\pgraph\nodePath.I
:text(warning): Unknown TextGraphic: badge-0-0
:text(warning): Unknown TextGraphic: badge-0-0
:text(warning): Unknown TextGraphic: badge-0-0
:display: Created output of type ParasiteBuffer
:interval(warning): CLerpNodePathInterval::priv_instant() called for LerpColorScaleInterval-10680 in state started.
:interval(warning): CInterval::priv_finalize() called for LerpColorScaleInterval-10680 in state final.
:interval(warning): CLerpNodePathInterval::priv_step() called for LerpColorScaleInterval-10680 in state final.
:display:gsg:glgsg: reloading texture PM_shoe_tall_boots_advanced_outfit with mipmaps
:display:gsg:glgsg: reloading texture PM_belt_strap_square_sculpture_blackbutton with mipmaps
:display:gsg:glgsg: reloading texture PM_belt_buckle_square_sculpture_blackbutton with mipmaps
:display:gsg:glgsg: reloading texture hat_tricorn_black_skull with mipmaps
:display: Created output of type ParasiteBuffer
:display: Created output of type ParasiteBuffer
:display:gsg:glgsg: reloading texture pir_t_hnd_swd_broadsword_b with mipmaps
:task(error): Exception occurred in PythonTask eventManager
