Sat Feb 11 08:29:33 2017: TLOPO_GAMESERVER = gs-1.piratesonline.co
Sat Feb 11 08:29:33 2017: TLOPO_PLAYCOOKIE = 37e03850d028a71bed408dd4cb59c96b
Sat Feb 11 08:29:33 2017: PLocalizer: Running in language: English
Sat Feb 11 08:29:33 2017: PiratesStart: Starting the game.
Sat Feb 11 08:29:38 2017: :PiratesStart: getDriverVendor NVIDIA Corporation
Sat Feb 11 08:29:38 2017: :PiratesStart: getDriverRenderer GeForce GTX 1060 3GB/PCIe/SSE2
Sat Feb 11 08:29:38 2017: :PiratesStart: getDriverVersion 4.5.0 NVIDIA 376.53
Sat Feb 11 08:29:38 2017: serverVersion:  tlopo-beta-v1.3.8
Sat Feb 11 08:29:39 2017: Initializing quest ladders...
Sat Feb 11 08:30:13 2017: Traceback (most recent call last):
Sat Feb 11 08:30:13 2017:   File "direct.distributed.ConnectionRepository", line 609, in readerPollUntilEmpty
Sat Feb 11 08:30:13 2017:   File "direct.distributed.ConnectionRepository", line 616, in readerPollOnce
Sat Feb 11 08:30:13 2017:   File "otp.distributed.OTPClientRepository", line 1606, in handleDatagram
Sat Feb 11 08:30:13 2017:   File "otp.distributed.OTPClientRepository", line 1491, in handleMessageType
Sat Feb 11 08:30:13 2017:   File "otp.distributed.OTPClientRepository", line 1761, in handleGenerateWithRequiredOwner
Sat Feb 11 08:30:13 2017:   File "otp.distributed.OTPClientRepository", line 1777, in generateWithRequiredOwner
Sat Feb 11 08:30:13 2017:   File "pirates.quest.DistributedQuestOV", line 20, in __init__
Sat Feb 11 08:30:13 2017:   File "pirates.quest.DistributedQuest", line 64, in __init__
Sat Feb 11 08:30:13 2017: NameError: global name 'localAvatar' is not defined
Sat Feb 11 08:30:13 2017: :TaskManager: TaskManager.destroy()
s://gs-1.piratesonline.co:7969 ]
Assertion failed: !is_empty() at line 1838 of c:\nirai\panda3d\panda\src\pgraph\nodePath.I
:downloader: Server certificate is pre-approved.
:downloader: [1DF9BA64] Self-signed certificate from gs-1.piratesonline.co:7969
:prc(warning): changing type for ConfigVariable want-avatar-shadows from int to bool.
:prc(warning): changing type for ConfigVariable want-shaders from int to bool.
:prc(warning): changing type for ConfigVariable want-water-reflection from int to bool.
:text: Loading font /c/Program Files (x86)/TLOPO/resources/phase_2/models/fonts/BriosoPro_bold_outline.bam
:display: Created output of type ParasiteBuffer
Assertion failed: !is_empty() at line 1838 of c:\nirai\panda3d\panda\src\pgraph\nodePath.I
:task(error): Exception occurred in PythonTask readerPollTask-441700544
