Mon Feb 06 09:00:59 2017: TLOPO_GAMESERVER = gs-3.piratesonline.co
Mon Feb 06 09:00:59 2017: TLOPO_PLAYCOOKIE = 0dbe518672eac3bd6ca8b61f329b2475
Mon Feb 06 09:00:59 2017: PLocalizer: Running in language: English
Mon Feb 06 09:00:59 2017: PiratesStart: Starting the game.
Mon Feb 06 09:01:03 2017: :PiratesStart: getDriverVendor NVIDIA Corporation
Mon Feb 06 09:01:03 2017: :PiratesStart: getDriverRenderer GeForce GTX 1060 3GB/PCIe/SSE2
Mon Feb 06 09:01:03 2017: :PiratesStart: getDriverVersion 4.5.0 NVIDIA 375.86
Mon Feb 06 09:01:04 2017: serverVersion:  tlopo-beta-v1.3.7
Mon Feb 06 09:01:05 2017: Initializing quest ladders...
Mon Feb 06 09:03:42 2017: Traceback (most recent call last):
Mon Feb 06 09:03:42 2017:   File "direct.distributed.ConnectionRepository", line 609, in readerPollUntilEmpty
Mon Feb 06 09:03:42 2017:   File "direct.distributed.ConnectionRepository", line 616, in readerPollOnce
Mon Feb 06 09:03:42 2017:   File "otp.distributed.OTPClientRepository", line 1606, in handleDatagram
Mon Feb 06 09:03:42 2017:   File "otp.distributed.OTPClientRepository", line 1491, in handleMessageType
Mon Feb 06 09:03:42 2017:   File "otp.distributed.OTPClientRepository", line 1761, in handleGenerateWithRequiredOwner
Mon Feb 06 09:03:42 2017:   File "otp.distributed.OTPClientRepository", line 1777, in generateWithRequiredOwner
Mon Feb 06 09:03:42 2017:   File "pirates.quest.DistributedQuestOV", line 20, in __init__
Mon Feb 06 09:03:42 2017:   File "pirates.quest.DistributedQuest", line 64, in __init__
Mon Feb 06 09:03:42 2017: NameError: global name 'localAvatar' is not defined
Mon Feb 06 09:03:42 2017: :TaskManager: TaskManager.destroy()
s://gs-3.piratesonline.co:7969 ]
Assertion failed: !is_empty() at line 1838 of c:\nirai\panda3d\panda\src\pgraph\nodePath.I
:downloader: Server certificate is pre-approved.
:downloader: [1F66A01C] Self-signed certificate from gs-3.piratesonline.co:7969
:prc(warning): changing type for ConfigVariable want-avatar-shadows from int to bool.
:prc(warning): changing type for ConfigVariable want-shaders from int to bool.
:prc(warning): changing type for ConfigVariable want-water-reflection from int to bool.
:text: Loading font /c/Program Files (x86)/TLOPO/resources/phase_2/models/fonts/BriosoPro_bold_outline.bam
:display: Created output of type ParasiteBuffer
Assertion failed: !is_empty() at line 1838 of c:\nirai\panda3d\panda\src\pgraph\nodePath.I
:task(error): Exception occurred in PythonTask readerPollTask-388913680
