Tue Feb 07 15:45:06 2017: TLOPO_GAMESERVER = gs-3.piratesonline.co
Tue Feb 07 15:45:06 2017: TLOPO_PLAYCOOKIE = 438bb4fb95eb24807d9b1c181361d3af
Tue Feb 07 15:45:06 2017: PLocalizer: Running in language: English
Tue Feb 07 15:45:06 2017: PiratesStart: Starting the game.
Tue Feb 07 15:45:11 2017: :PiratesStart: getDriverVendor NVIDIA Corporation
Tue Feb 07 15:45:11 2017: :PiratesStart: getDriverRenderer GeForce GTX 1060 3GB/PCIe/SSE2
Tue Feb 07 15:45:11 2017: :PiratesStart: getDriverVersion 4.5.0 NVIDIA 375.86
Tue Feb 07 15:45:11 2017: serverVersion:  tlopo-beta-v1.3.7
Tue Feb 07 15:45:12 2017: Initializing quest ladders...
Tue Feb 07 15:45:51 2017: Cannot configure initialisation option "scale" for DirectFrame
Tue Feb 07 15:45:53 2017: setActiveQuest: c3r2r2r8r5.1necklaceMaterials
 Files (x86)/TLOPO/resources/phase_2/models/fonts/BriosoPro_chipped_outline.bam
:prc(warning): changing type for ConfigVariable compressed-textures from bool to int.
:text: Loading font /c/Program Files (x86)/TLOPO/resources/phase_2/models/fonts/BardiT.bam
:display: Created output of type ParasiteBuffer
:text: Loading font /c/Program Files (x86)/TLOPO/resources/phase_2/models/fonts/BriosoPro_chipped.bam
:text(warning): Creating default TextProperties for name 'purple'
:text(warning): Creating default TextProperties for name 'orange'
:text(warning): Creating default TextProperties for name 'maroon'
:text(warning): Creating default TextProperties for name 'lightGold'
:downloader: [13CC8E5C] begin CONNECT [ s://gs-3.piratesonline.co:7969 ]
:display: Created output of type ParasiteBuffer
:downloader: [13CC8E5C] Could not establish SSL handshake with gs-3.piratesonline.co:7969
:downloader: [252BC114] begin CONNECT [ s://gs-3.piratesonline.co:7969 ]
Assertion failed: !is_empty() at line 1838 of c:\nirai\panda3d\panda\src\pgraph\nodePath.I
:downloader: Server certificate is pre-approved.
:downloader: [252BC114] Self-signed certificate from gs-3.piratesonline.co:7969
:prc(warning): changing type for ConfigVariable want-avatar-shadows from int to bool.
:prc(warning): changing type for ConfigVariable want-shaders from int to bool.
:prc(warning): changing type for ConfigVariable want-water-reflection from int to bool.
:text: Loading font /c/Program Files (x86)/TLOPO/resources/phase_2/models/fonts/BriosoPro_bold_outline.bam
:display: Created output of type ParasiteBuffer
Assertion failed: !is_empty() at line 1838 of c:\nirai\panda3d\panda\src\pgraph\nodePath.I
:text: Loading font /c/Program Files (x86)/TLOPO/resources/phase_2/models/fonts/BardiT_outline.bam
:display: Created output of type ParasiteBuffer
:text(warning): Unknown TextGraphic: badge-0-0
:text(warning): Unknown TextGraphic: badge-0-0
:display:windisplay: begin QueryPerformanceFrequency
:display:windisplay: QueryPerformanceFrequency: 14318180
:display:windisplay: CPU frequency: 3917807999
:display:windisplay: start CPU ID
:display:windisplay: end CPU ID
:display:windisplay: 3 CPU cores, with 6 logical processors.
:text(warning): Unknown TextGraphic: badge-0-0
:text(warning): Unknown TextGraphic: badge-0-0
:display: Created output of type ParasiteBuffer
:text(warning): Unknown TextGraphic: badge-0-0
:display:gsg:glgsg: reloading texture particleRockShower with mipmaps
:display:gsg:glgsg: reloading texture particleRockShower with mipmaps
:display:gsg:glgsg: reloading texture particleSmoke with mipmaps
:display:gsg:glgsg: reloading texture particleSmoke with mipmaps
:text(warning): Unknown TextGraphic: badge-0-0
:display:gsg:glgsg: reloading texture FP_shoe_medium_boots_black-topstitch with mipmaps
:display:gsg:glgsg: reloading texture FP_pant_shorts_blue_stripes with mipmaps
:display:gsg:glgsg: reloading texture FP_shirt_long_sleeve_collar_stitches with mipmaps
:display:gsg:glgsg: reloading texture FP_coat_long_advanced_outfit with mipmaps
:display:gsg:glgsg: reloading texture FP_shirt_long_sleeve_collar_stitches with mipmaps
:display:gsg:glgsg: reloading texture pupilAqua with mipmaps
:display:gsg:glgsg: reloading texture FP_belt_sash_blue_belt with mipmaps
:display:gsg:glgsg: reloading texture FP_shoe_medium_boots_black-topstitch with mipmaps
:display:gsg:glgsg: reloading texture FP_pant_shorts_blue_stripes with mipmaps
:display:gsg:glgsg: reloading texture FP_shirt_long_sleeve_collar_stitches with mipmaps
:display:gsg:glgsg: reloading texture FP_coat_long_advanced_outfit with mipmaps
:display:gsg:glgsg: reloading texture FP_shirt_long_sleeve_collar_stitches with mipmaps
:display:gsg:glgsg: reloading texture pupilAqua with mipmaps
:display:gsg:glgsg: reloading texture FP_belt_sash_blue_belt with mipmaps
:display:gsg:glgsg: reloading texture hat_gm_red_dkgreen_skullcrossbones with mipmaps
:display:gsg:glgsg: reloading texture pupilAqua with mipmaps
:display:gsg:glgsg: reloading texture PM_vest_closed_advanced_outfit with mipmaps
:display:gsg:glgsg: reloading texture PM_eitc with mipmaps
:display:gsg:glgsg: reloading texture PM_shirt_shared_cloth_metal_buttons with mipmaps
:display:gsg:glgsg: reloading texture prop_aztec_coin with mipmaps
:display:gsg:glgsg: reloading texture effectHoleD with mipmaps
:display:gsg:glgsg: reloading texture effectHoleD with mipmaps
:display:gsg:glgsg: reloading texture effectWindBlur with mipmaps
:display:gsg:glgsg: reloading texture effectWindBlur with mipmaps
:display:gsg:glgsg: reloading texture effectWindBlur with mipmaps
:display:gsg:glgsg: reloading texture effectWindBlur with mipmaps
:display:gsg:glgsg: reloading texture effectWindBlur with mipmaps
:display:gsg:glgsg: reloading texture effectWindBlur with mipmaps
:display:gsg:glgsg: reloading texture effectWindBlur with mipmaps
:display:gsg:glgsg: reloading texture effectWindBlur with mipmaps
:display:gsg:glgsg: reloading texture effectWindBlur with mipmaps
:display:gsg:glgsg: reloading texture PM_pant_long_pants_untucked_plain3 with mipmaps
:display:gsg:glgsg: reloading texture PM_shoe_medium_boots_laced with mipmaps
:display:gsg:glgsg: reloading texture PM_belt_sash_celticbuckle with mipmaps
:display:gsg:glgsg: reloading texture PM_pant_long_pants_untucked_plain3 with mipmaps
:display:gsg:glgsg: reloading texture PM_shoe_medium_boots_laced with mipmaps
:display:gsg:glgsg: reloading texture PM_belt_sash_celticbuckle with mipmaps
:display:gsg:glgsg: reloading texture FP_gypsy_dress_a with mipmaps
:display:gsg:glgsg: reloading texture FP_gypsy_dress_a with mipmaps
:display:gsg:glgsg: reloading texture FP_shoe_short_boots_celticpattern with mipmaps
:display:gsg:glgsg: reloading texture hand_held_palette_3cmla_1 with mipmaps
:display:gsg:glgsg: reloading texture weapons_palette_3cmla_1 with mipmaps
:display:gsg:glgsg: reloading texture particleVolcanoSmoke with mipmaps
:display:gsg:glgsg: reloading texture pupilLightBrown with mipmaps
:display:gsg:glgsg: reloading texture PM_pant_long_pants_tucked_cotton_leathersidepocket with mipmaps
:display:gsg:glgsg: reloading texture pir_t_hnd_gun_musket_a with mipmaps
Assertion failed: !is_empty() at line 1838 of c:\nirai\panda3d\panda\src\pgraph\nodePath.I
:display: Created output of type ParasiteBuffer
:display:gsg:glgsg: reloading texture treasure_chest_palette_3cmla_1 with mipmaps
Assertion failed: !is_empty() at line 1838 of c:\nirai\panda3d\panda\src\pgraph\nodePath.I
:audio(error): Cannot open file: audio/sfx_fire_loop.ogg
:audio(error): Could not open audio audio/sfx_fire_loop.ogg
:audio(error): Cannot open file: audio/sfx_fire_loop.ogg
:audio(error): Could not open audio audio/sfx_fire_loop.ogg
:audio(error): Cannot open file: audio/sfx_fire_loop.ogg
:audio(error): Could not open audio audio/sfx_fire_loop.ogg
:audio(error): Cannot open file: audio/sfx_fire_loop.ogg
:audio(error): Could not open audio audio/sfx_fire_loop.ogg
:audio(error): Cannot open file: audio/sfx_fire_loop.ogg
:audio(error): Could not open audio audio/sfx_fire_loop.ogg
:audio(error): Cannot open file: audio/sfx_fire_loop.ogg
:audio(error): Could not open audio audio/sfx_fire_loop.ogg
:audio(error): Cannot open file: audio/sfx_fire_loop.ogg
:audio(error): Could not open audio audio/sfx_fire_loop.ogg
:audio(error): Cannot open file: audio/sfx_fire_loop.ogg
:audio(error): Could not open audio audio/sfx_fire_loop.ogg
:audio(error): Cannot open file: audio/sfx_fire_loop.ogg
:audio(error): Could not open audio audio/sfx_fire_loop.ogg
:audio(error): Cannot open file: audio/sfx_fire_loop.ogg
:audio(error): Could not open audio audio/sfx_fire_loop.ogg
:audio(error): Cannot open file: audio/sfx_fire_loop.ogg
:audio(error): Could not open audio audio/sfx_fire_loop.ogg
:audio(error): Cannot open file: audio/sfx_fire_loop.ogg
:audio(error): Could not open audio audio/sfx_fire_loop.ogg
:audio(error): Cannot open file: audio/sfx_fire_loop.ogg
:audio(error): Could not open audio audio/sfx_fire_loop.ogg
:audio(error): Cannot open file: audio/sfx_fire_loop.ogg
:audio(error): Could not open audio audio/sfx_fire_loop.ogg
:audio(error): Cannot open file: audio/sfx_fire_loop.ogg
:audio(error): Could not open audio audio/sfx_fire_loop.ogg
:audio(error): Cannot open file: audio/sfx_fire_loop.ogg
:audio(error): Could not open audio audio/sfx_fire_loop.ogg
:audio(error): Cannot open file: audio/sfx_fire_loop.ogg
:audio(error): Could not open audio audio/sfx_fire_loop.ogg
:audio(error): Cannot open file: audio/sfx_fire_loop.ogg
:audio(error): Could not open audio audio/sfx_fire_loop.ogg
:audio(error): Cannot open file: audio/sfx_fire_loop.ogg
:audio(error): Could not open audio audio/sfx_fire_loop.ogg
:audio(error): Cannot open file: audio/sfx_fire_loop.ogg
:audio(error): Could not open audio audio/sfx_fire_loop.ogg
:display: Created output of type ParasiteBuffer
:display:gsg:glgsg: reloading texture particleSparkle with mipmaps
:display:gsg:glgsg: reloading texture particleSparkle with mipmaps
:display:gsg:glgsg: reloading texture particleGunSmoke with mipmaps
:display:gsg:glgsg: reloading texture particleGunSmoke with mipmaps
:display:gsg:glgsg: reloading texture bat_undead with mipmaps
:display: Created output of type ParasiteBuffer
:display:gsg:glgsg: reloading texture swordtrail_lines with mipmaps
:display:gsg:glgsg: reloading texture effectHitSplatA with mipmaps
:display:gsg:glgsg: reloading texture particleGlow with mipmaps
:display:gsg:glgsg: reloading texture effectHitSplatA with mipmaps
:display:gsg:glgsg: reloading texture particleGlow with mipmaps
:display:gsg:glgsg: reloading texture effectHitSplatA with mipmaps
:display:gsg:glgsg: reloading texture effectShockwave1 with mipmaps
:display:gsg:glgsg: reloading texture effectRedShockwave with mipmaps
:display:gsg:glgsg: reloading texture effectFlashRays with mipmaps
:display:gsg:glgsg: reloading texture pir_t_hnd_swd_broadsword_b with mipmaps
:display:gsg:glgsg: reloading texture Jolly_skull with mipmaps
:linmath(warning): Tried to invert singular LMatrix3.
:display:gsg:glgsg: reloading texture pir_t_hnd_trs_bag with mipmaps
:display:gsg:glgsg: reloading texture particleSpark with mipmaps
:display:gsg:glgsg: reloading texture effectVoodooShockwave with mipmaps
:display:gsg:glgsg: reloading texture pir_t_hnd_dol_mojo_a with mipmaps
:display:gsg:glgsg: reloading texture pir_t_hnd_dol_mojo_a with mipmaps
:display:gsg:glgsg: reloading texture effectCandleHalo with mipmaps
:display:gsg:glgsg: reloading texture effectCloth with mipmaps
:display:gsg:glgsg: reloading texture particleWasp_1 with mipmaps
:display:gsg:glgsg: reloading texture particleWasp_2 with mipmaps
:display:gsg:glgsg: reloading texture particleWasp_0 with mipmaps
:display:gsg:glgsg: reloading texture effectSkull with mipmaps
:display:gsg:glgsg: reloading texture effectYellowGlowRing with mipmaps
:display:gsg:glgsg: reloading texture particleSparkles with mipmaps
:display:gsg:glgsg: reloading texture pir_t_hnd_knf_dirk_a with mipmaps
:display: Created output of type ParasiteBuffer
:display: Created output of type ParasiteBuffer
:display: Created output of type ParasiteBuffer
:display: Created output of type ParasiteBuffer
:display: Created output of type ParasiteBuffer
:display: Created output of type ParasiteBuffer
:display: Created output of type ParasiteBuffer
:display: Created output of type ParasiteBuffer
:display: Created output of type ParasiteBuffer
:display: Created output of type ParasiteBuffer
:display: Created output of type ParasiteBuffer
:display: Created output of type ParasiteBuffer
Assertion failed: !is_empty() at line 1838 of c:\nirai\panda3d\panda\src\pgraph\nodePath.I
