Wed Feb 08 18:10:20 2017: TLOPO_GAMESERVER = gs-3.piratesonline.co
Wed Feb 08 18:10:20 2017: TLOPO_PLAYCOOKIE = 63a02e7108c658b04e8205714ce50851
Wed Feb 08 18:10:20 2017: PLocalizer: Running in language: English
Wed Feb 08 18:10:20 2017: PiratesStart: Starting the game.
Wed Feb 08 18:10:25 2017: :PiratesStart: getDriverVendor NVIDIA Corporation
Wed Feb 08 18:10:25 2017: :PiratesStart: getDriverRenderer GeForce GTX 1060 3GB/PCIe/SSE2
Wed Feb 08 18:10:25 2017: :PiratesStart: getDriverVersion 4.5.0 NVIDIA 376.53
Wed Feb 08 18:10:25 2017: serverVersion:  tlopo-beta-v1.3.7
Wed Feb 08 18:10:26 2017: Initializing quest ladders...
Wed Feb 08 18:11:18 2017: Cannot configure initialisation option "scale" for DirectFrame
Wed Feb 08 18:11:20 2017: setActiveQuest: c3r2r3r1.1recoverPearls
Wed Feb 08 18:14:24 2017: MotionTrail task removed
Wed Feb 08 18:14:26 2017: :TaskManager: TaskManager.destroy()
ext: Loading font /c/Program Files (x86)/TLOPO/resources/phase_2/models/fonts/BardiT.bam
:display: Created output of type ParasiteBuffer
:text: Loading font /c/Program Files (x86)/TLOPO/resources/phase_2/models/fonts/BriosoPro_chipped.bam
:text(warning): Creating default TextProperties for name 'purple'
:text(warning): Creating default TextProperties for name 'orange'
:text(warning): Creating default TextProperties for name 'maroon'
:text(warning): Creating default TextProperties for name 'lightGold'
:downloader: [1F22CFF4] begin CONNECT [ s://gs-3.piratesonline.co:7969 ]
:display: Created output of type ParasiteBuffer
:downloader: [1F22CFF4] Could not establish SSL handshake with gs-3.piratesonline.co:7969
:downloader: [24E71274] begin CONNECT [ s://gs-3.piratesonline.co:7969 ]
Assertion failed: !is_empty() at line 1838 of c:\nirai\panda3d\panda\src\pgraph\nodePath.I
:downloader: Server certificate is pre-approved.
:downloader: [24E71274] Self-signed certificate from gs-3.piratesonline.co:7969
:prc(warning): changing type for ConfigVariable want-avatar-shadows from int to bool.
:prc(warning): changing type for ConfigVariable want-shaders from int to bool.
:prc(warning): changing type for ConfigVariable want-water-reflection from int to bool.
:text: Loading font /c/Program Files (x86)/TLOPO/resources/phase_2/models/fonts/BriosoPro_bold_outline.bam
:display: Created output of type ParasiteBuffer
Assertion failed: !is_empty() at line 1838 of c:\nirai\panda3d\panda\src\pgraph\nodePath.I
:text: Loading font /c/Program Files (x86)/TLOPO/resources/phase_2/models/fonts/BardiT_outline.bam
:display: Created output of type ParasiteBuffer
:text(warning): Unknown TextGraphic: badge-0-0
:text(warning): Unknown TextGraphic: badge-0-0
:text(warning): Unknown TextGraphic: badge-0-0
:display:windisplay: begin QueryPerformanceFrequency
:display:windisplay: QueryPerformanceFrequency: 14318180
:display:windisplay: CPU frequency: 3917811242
:display:windisplay: start CPU ID
:display:windisplay: end CPU ID
:display:windisplay: 3 CPU cores, with 6 logical processors.
:text(warning): Unknown TextGraphic: badge-0-0
:text(warning): Unknown TextGraphic: badge-0-0
:text(warning): Unknown TextGraphic: badge-0-0
:text(warning): Unknown TextGraphic: badge-0-0
:text(warning): Unknown TextGraphic: badge-0-0
:text(warning): Unknown TextGraphic: badge-0-0
:text(warning): Unknown TextGraphic: badge-0-0
:text(warning): Unknown TextGraphic: badge-0-0
:text(warning): Unknown TextGraphic: badge-0-0
:text(warning): Unknown TextGraphic: badge-0-0
:display: Created output of type ParasiteBuffer
:display:gsg:glgsg: reloading texture PM_shirt_shared_cloth_plain1 with mipmaps
:display:gsg:glgsg: reloading texture PM_shirt_shared_cloth_plain1 with mipmaps
:display:gsg:glgsg: reloading texture PM_shirt_shared_cloth_plain1 with mipmaps
:display:gsg:glgsg: reloading texture PM_pant_long_pants_tucked_leathergoldbuttons_nopatch with mipmaps
:display:gsg:glgsg: reloading texture PM_shirt_shared_cloth_plain1 with mipmaps
:display:gsg:glgsg: reloading texture PM_shirt_shared_cloth_plain1 with mipmaps
:display:gsg:glgsg: reloading texture PM_shirt_shared_cloth_plain1 with mipmaps
:display:gsg:glgsg: reloading texture particleRockShower with mipmaps
:display:gsg:glgsg: reloading texture particleRockShower with mipmaps
:display:gsg:glgsg: reloading texture FP_shirt_short_sleeve_stitch with mipmaps
:display:gsg:glgsg: reloading texture FP_shirt_short_sleeve_stitch with mipmaps
:display:gsg:glgsg: reloading texture FP_belt_sash_tassles with mipmaps
:display:gsg:glgsg: reloading texture FP_pant_shorts_lightcloth with mipmaps
:display:gsg:glgsg: reloading texture FP_shoe_short_boots_plain with mipmaps
:display:gsg:glgsg: reloading texture FP_shirt_short_sleeve_stitch with mipmaps
:display:gsg:glgsg: reloading texture FP_shirt_short_sleeve_stitch with mipmaps
:display:gsg:glgsg: reloading texture FP_belt_sash_tassles with mipmaps
:display:gsg:glgsg: reloading texture FP_pant_shorts_lightcloth with mipmaps
:display:gsg:glgsg: reloading texture FP_shoe_short_boots_plain with mipmaps
:display:gsg:glgsg: reloading texture hat_beanie_plain with mipmaps
:display:gsg:glgsg: reloading texture PM_pant_shorts_threesidebuttons with mipmaps
:display:gsg:glgsg: reloading texture PM_shirt_tanktop_suspenders with mipmaps
:display:gsg:glgsg: reloading texture PM_shirt_tanktop_suspenders with mipmaps
:display:gsg:glgsg: reloading texture PM_shoe_medium_boots_lacefront with mipmaps
:display:gsg:glgsg: reloading texture PM_vest_open_leather_silk with mipmaps
:display:gsg:glgsg: reloading texture PM_shirt_tanktop_suspenders with mipmaps
:display:gsg:glgsg: reloading texture feather with mipmaps
:display:gsg:glgsg: reloading texture prop_aztec_coin with mipmaps
:display:gsg:glgsg: reloading texture PM_vest_open_belts with mipmaps
:display:gsg:glgsg: reloading texture particleVolcanoSmoke with mipmaps
:display:gsg:glgsg: reloading texture PM_pant_long_pants_untucked_leatherpocket_trim with mipmaps
:display:gsg:glgsg: reloading texture PM_shirt_tanktop_stripes with mipmaps
:display:gsg:glgsg: reloading texture PM_belt_buckle_square_sculpture_blackbutton with mipmaps
:display:gsg:glgsg: reloading texture PM_vest_closed_silk_stripe_lapel with mipmaps
:display:gsg:glgsg: reloading texture PM_belt_strap_square_sculpture_blackbutton with mipmaps
:display:gsg:glgsg: reloading texture PM_coat_long_brown with mipmaps
:display:gsg:glgsg: reloading texture props_shop_bsmith_palette_3cmla_1 with mipmaps
:display:gsg:glgsg: reloading texture FP_pant_skirt_slip with mipmaps
:display:gsg:glgsg: reloading texture FP_belt_buckle_weave with mipmaps
:display:gsg:glgsg: reloading texture FP_pant_skirt_slip with mipmaps
:display:gsg:glgsg: reloading texture FP_belt_strap_weave with mipmaps
:display:gsg:glgsg: reloading texture FP_pant_skirt_slip with mipmaps
:display:gsg:glgsg: reloading texture FP_coat_long_patchwork with mipmaps
:display:gsg:glgsg: reloading texture FP_coat_long_patchwork with mipmaps
:display:gsg:glgsg: reloading texture FP_pant_skirt_slip with mipmaps
:text(warning): Unknown TextGraphic: badge-0-0
:text(warning): Unknown TextGraphic: badge-0-0
:display:gsg:glgsg: reloading texture pirate_female_palette_3cmla_1 with mipmaps
:display:gsg:glgsg: reloading texture pirate_female_palette_3cmla_1 with mipmaps
:display:gsg:glgsg: reloading texture pirate_female_palette_3cmla_1 with mipmaps
:display:gsg:glgsg: reloading texture alligator_undead with mipmaps
:display:gsg:glgsg: reloading texture particleSplash with mipmaps
:display:gsg:glgsg: reloading texture particleSplash with mipmaps
:display:gsg:glgsg: reloading texture water_ripple with mipmaps
:display:gsg:glgsg: reloading texture water_ripple with mipmaps
Assertion failed: !is_empty() at line 1838 of c:\nirai\panda3d\panda\src\pgraph\nodePath.I
:display: Created output of type ParasiteBuffer
:display:gsg:glgsg: reloading texture jr_crew_palette_3cmla_1 with mipmaps
:display:gsg:glgsg: reloading texture jr_crew_palette_3cmla_1 with mipmaps
:display:gsg:glgsg: reloading texture pir_t_hnd_knf_dagger_a with mipmaps
:display:gsg:glgsg: reloading texture pir_t_hnd_knf_dagger_a with mipmaps
:display:gsg:glgsg: reloading texture pir_t_hnd_knf_dirk_a with mipmaps
:display:gsg:glgsg: reloading texture pir_t_hnd_knf_dagger_a with mipmaps
:display:gsg:glgsg: reloading texture flytrap_undead with mipmaps
:display:gsg:glgsg: reloading texture pir_t_hnd_knf_dirk_a with mipmaps
:display:gsg:glgsg: reloading texture pir_t_hnd_knf_dagger_a with mipmaps
:display:gsg:glgsg: reloading texture flytrap_undead with mipmaps
:display:gsg:glgsg: reloading texture pir_t_hnd_knf_dirk_a with mipmaps
:display:gsg:glgsg: reloading texture pir_t_hnd_knf_dagger_a with mipmaps
:display:gsg:glgsg: reloading texture pir_t_hnd_swd_cutlass_a with mipmaps
:display:gsg:glgsg: reloading texture pir_t_hnd_swd_cutlass_a with mipmaps
:display:gsg:glgsg: reloading texture pir_t_hnd_swd_cutlass_a with mipmaps
:display:gsg:glgsg: reloading texture particleSparkles with mipmaps
Assertion failed: !is_empty() at line 1838 of c:\nirai\panda3d\panda\src\pgraph\nodePath.I
