Fri Feb 10 20:55:50 2017: TLOPO_GAMESERVER = gs-1.piratesonline.co
Fri Feb 10 20:55:50 2017: TLOPO_PLAYCOOKIE = 48c9a920ae10bef7c48c6bcb1af61c0e
Fri Feb 10 20:55:50 2017: PLocalizer: Running in language: English
Fri Feb 10 20:55:50 2017: PiratesStart: Starting the game.
Fri Feb 10 20:55:55 2017: :PiratesStart: getDriverVendor NVIDIA Corporation
Fri Feb 10 20:55:55 2017: :PiratesStart: getDriverRenderer GeForce GTX 1060 3GB/PCIe/SSE2
Fri Feb 10 20:55:55 2017: :PiratesStart: getDriverVersion 4.5.0 NVIDIA 376.53
Fri Feb 10 20:55:55 2017: serverVersion:  tlopo-beta-v1.3.8
Fri Feb 10 20:55:56 2017: Initializing quest ladders...
Fri Feb 10 20:56:33 2017: Cannot configure initialisation option "scale" for DirectFrame
Fri Feb 10 20:56:34 2017: setActiveQuest: tt.2recoverTeeth
Fri Feb 10 22:12:02 2017: left area Marching Grounds
ng type for ConfigVariable compressed-textures from bool to int.
:text: Loading font /c/Program Files (x86)/TLOPO/resources/phase_2/models/fonts/BardiT.bam
:display: Created output of type ParasiteBuffer
:text: Loading font /c/Program Files (x86)/TLOPO/resources/phase_2/models/fonts/BriosoPro_chipped.bam
:text(warning): Creating default TextProperties for name 'purple'
:text(warning): Creating default TextProperties for name 'orange'
:text(warning): Creating default TextProperties for name 'maroon'
:text(warning): Creating default TextProperties for name 'lightGold'
:downloader: [1EF0CEAC] begin CONNECT [ s://gs-1.piratesonline.co:7969 ]
:display: Created output of type ParasiteBuffer
:downloader: [1EF0CEAC] Could not establish SSL handshake with gs-1.piratesonline.co:7969
:downloader: [24B4948C] begin CONNECT [ s://gs-1.piratesonline.co:7969 ]
Assertion failed: !is_empty() at line 1838 of c:\nirai\panda3d\panda\src\pgraph\nodePath.I
:downloader: Server certificate is pre-approved.
:downloader: [24B4948C] Self-signed certificate from gs-1.piratesonline.co:7969
:prc(warning): changing type for ConfigVariable want-avatar-shadows from int to bool.
:prc(warning): changing type for ConfigVariable want-shaders from int to bool.
:prc(warning): changing type for ConfigVariable want-water-reflection from int to bool.
:text: Loading font /c/Program Files (x86)/TLOPO/resources/phase_2/models/fonts/BriosoPro_bold_outline.bam
:display: Created output of type ParasiteBuffer
Assertion failed: !is_empty() at line 1838 of c:\nirai\panda3d\panda\src\pgraph\nodePath.I
:text: Loading font /c/Program Files (x86)/TLOPO/resources/phase_2/models/fonts/BardiT_outline.bam
:display: Created output of type ParasiteBuffer
:text(warning): Unknown TextGraphic: badge-0-0
:text(warning): Unknown TextGraphic: badge-0-0
:text(warning): Unknown TextGraphic: badge-0-0
:display:windisplay: begin QueryPerformanceFrequency
:display:windisplay: QueryPerformanceFrequency: 14318180
:display:windisplay: CPU frequency: 3917807413
:display:windisplay: start CPU ID
:display:windisplay: end CPU ID
:display:windisplay: 3 CPU cores, with 6 logical processors.
:text(warning): Unknown TextGraphic: badge-0-0
:text(warning): Unknown TextGraphic: badge-0-0
:text(warning): Unknown TextGraphic: badge-0-0
:text(warning): Unknown TextGraphic: badge-0-0
:display: Created output of type ParasiteBuffer
:text(warning): Unknown TextGraphic: badge-0-0
:display:gsg:glgsg: reloading texture particleRockShower with mipmaps
:display:gsg:glgsg: reloading texture particleRockShower with mipmaps
:display:gsg:glgsg: reloading texture particleSmoke with mipmaps
:display:gsg:glgsg: reloading texture particleSmoke with mipmaps
:text(warning): Unknown TextGraphic: badge-0-0
:display:gsg:glgsg: reloading texture particleVolcanoSmoke with mipmaps
:display:gsg:glgsg: reloading texture ship_cannon_palette_3cmla_1 with mipmaps
:display:gsg:glgsg: reloading texture ship_cannon_palette_3cmla_1 with mipmaps
:display:gsg:glgsg: reloading texture tattoo_face_color_eye_01 with mipmaps
:display:gsg:glgsg: reloading texture tattoo_chest_mono_tribal_yakuza with mipmaps
:display:gsg:glgsg: reloading texture tattoo_chest_mono_tribal_yakuza with mipmaps
:text(warning): Unknown TextGraphic: badge-0-0
:display: Created output of type ParasiteBuffer
:display: Created output of type ParasiteBuffer
:display:gsg:glgsg: reloading texture world_map_base with mipmaps
:display:gsg:glgsg: reloading texture chicken with mipmaps
:display:gsg:glgsg: reloading texture hand_held_palette_3cmla_1 with mipmaps
:display:gsg:glgsg: reloading texture PM_pant_apron with mipmaps
:display:gsg:glgsg: reloading texture PM_shirt_apron with mipmaps
:display:gsg:glgsg: reloading texture PM_pant_apron with mipmaps
:display:gsg:glgsg: reloading texture PM_belt_strap_oval with mipmaps
:display:gsg:glgsg: reloading texture PM_belt_buckle_oval with mipmaps
:display:gsg:glgsg: reloading texture effectWindBlur with mipmaps
:display:gsg:glgsg: reloading texture effectHoleD with mipmaps
:display:gsg:glgsg: reloading texture effectWindBlur with mipmaps
:display:gsg:glgsg: reloading texture effectHoleD with mipmaps
:display:gsg:glgsg: reloading texture effectWindBlur with mipmaps
:display:gsg:glgsg: reloading texture effectWindBlur with mipmaps
:display:gsg:glgsg: reloading texture effectHoleD with mipmaps
:display:gsg:glgsg: reloading texture effectWindBlur with mipmaps
:display:gsg:glgsg: reloading texture tattoo_chest_mono_skullcrossbones with mipmaps
:display:gsg:glgsg: reloading texture tattoo_arm_color_skull_pirate with mipmaps
:display:gsg:glgsg: reloading texture tattoo_arm_mono_dagger_fancy with mipmaps
:display:gsg:glgsg: reloading texture tattoo_chest_mono_skullcrossbones with mipmaps
:display:gsg:glgsg: reloading texture alligator_undead with mipmaps
:display:gsg:glgsg: reloading texture prop_aztec_coin with mipmaps
:text(warning): Unknown TextGraphic: badge-0-0
:display:gsg:glgsg: reloading texture tattoo_skull_face with mipmaps
:display: Created output of type ParasiteBuffer
:display:gsg:glgsg: reloading texture weapons_palette_3cmla_1 with mipmaps
:display:gsg:glgsg: reloading texture feather with mipmaps
:text(warning): Unknown TextGraphic: badge-0-0
:display:gsg:glgsg: reloading texture pirate_female_palette_3cmla_1 with mipmaps
:display:gsg:glgsg: reloading texture tattoo_arm_color_skull_octo with mipmaps
:display:gsg:glgsg: reloading texture tattoo_chest_color_squid_ship with mipmaps
:display: Created output of type ParasiteBuffer
:display: Created output of type ParasiteBuffer
Assertion failed: !is_empty() at line 1838 of c:\nirai\panda3d\panda\src\pgraph\nodePath.I
:text(warning): Unknown TextGraphic: badge-0-0
:text(warning): Unknown TextGraphic: badge-0-0
:text(warning): Unknown TextGraphic: badge-0-0
:text(warning): Unknown TextGraphic: badge-0-0
:text(warning): Unknown TextGraphic: badge-0-0
:display: Created output of type ParasiteBuffer
Assertion failed: !is_empty() at line 1838 of c:\nirai\panda3d\panda\src\pgraph\nodePath.I
:text(warning): Unknown TextGraphic: badge-0-0
:text(warning): Unknown TextGraphic: badge-0-0
:text(warning): Unknown TextGraphic: badge-0-0
:text(warning): Unknown TextGraphic: badge-0-0
:text(warning): Unknown TextGraphic: badge-0-0
:text(warning): Unknown TextGraphic: badge-0-0
:text(warning): Unknown TextGraphic: badge-0-0
:text(warning): Unknown TextGraphic: badge-0-0
:text(warning): Unknown TextGraphic: badge-0-0
:text(warning): Unknown TextGraphic: badge-0-0
:text(warning): Unknown TextGraphic: badge-0-0
:text(warning): Unknown TextGraphic: badge-0-0
:text(warning): Unknown TextGraphic: badge-0-0
:text(warning): Unknown TextGraphic: badge-0-0
:text(warning): Unknown TextGraphic: badge-0-0
:text(warning): Unknown TextGraphic: badge-0-0
:text(warning): Unknown TextGraphic: badge-0-0
:text(warning): Unknown TextGraphic: badge-0-0
:text(warning): Unknown TextGraphic: badge-0-0
:text(warning): Unknown TextGraphic: badge-0-0
:text(warning): Unknown TextGraphic: badge-0-0
:text(warning): Unknown TextGraphic: badge-0-0
:display: Created output of type ParasiteBuffer
:text(warning): Unknown TextGraphic: badge-0-0
:text(warning): Unknown TextGraphic: badge-0-0
:text(warning): Unknown TextGraphic: badge-0-0
:text(warning): Unknown TextGraphic: badge-0-0
:text(warning): Unknown TextGraphic: badge-0-0
:text(warning): Unknown TextGraphic: badge-0-0
:text(warning): Unknown TextGraphic: badge-0-0
:text(warning): Unknown TextGraphic: badge-0-0
:text(warning): Unknown TextGraphic: badge-0-0
:text(warning): Unknown TextGraphic: badge-0-0
:text(warning): Unknown TextGraphic: badge-0-0
:text(warning): Unknown TextGraphic: badge-0-0
:text(warning): Unknown TextGraphic: badge-0-0
:text(warning): Unknown TextGraphic: badge-0-0
:text(warning): Unknown TextGraphic: badge-0-0
:text(warning): Unknown TextGraphic: badge-0-0
:text(warning): Unknown TextGraphic: badge-0-0
:text(warning): Unknown TextGraphic: badge-0-0
:text(warning): Unknown TextGraphic: badge-0-0
:text(warning): Unknown TextGraphic: badge-0-0
:display:gsg:glgsg: reloading texture particleFire2 with mipmaps
:display:gsg:glgsg: reloading texture particleFire2 with mipmaps
:text(warning): Unknown TextGraphic: badge-0-0
:text(warning): Unknown TextGraphic: badge-0-0
:text(warning): Unknown TextGraphic: badge-0-0
:text(warning): Unknown TextGraphic: badge-0-0
:text(warning): Unknown TextGraphic: badge-0-0
:text(warning): Unknown TextGraphic: badge-0-0
:text(warning): Unknown TextGraphic: badge-0-0
:text(warning): Unknown TextGraphic: badge-0-0
:text(warning): Unknown TextGraphic: badge-0-0
:text(warning): Unknown TextGraphic: badge-0-0
:text(warning): Unknown TextGraphic: badge-0-0
:text(warning): Unknown TextGraphic: badge-0-0
:text(warning): Unknown TextGraphic: badge-0-0
:text(warning): Unknown TextGraphic: badge-0-0
:text(warning): Unknown TextGraphic: badge-0-0
:text(warning): Unknown TextGraphic: badge-0-0
:text(warning): Unknown TextGraphic: badge-0-0
:text(warning): Unknown TextGraphic: badge-0-0
:text(warning): Unknown TextGraphic: badge-0-0
:text(warning): Unknown TextGraphic: badge-0-0
:text(warning): Unknown TextGraphic: badge-0-0
:text(warning): Unknown TextGraphic: badge-0-0
:text(warning): Unknown TextGraphic: badge-0-0
:text(warning): Unknown TextGraphic: badge-0-0
:text(warning): Unknown TextGraphic: badge-0-0
:text(warning): Unknown TextGraphic: badge-0-0
Assertion failed: !is_empty() at line 1838 of c:\nirai\panda3d\panda\src\pgraph\nodePath.I
:text(warning): Unknown TextGraphic: badge-0-0
:text(warning): Unknown TextGraphic: badge-0-0
:text(warning): Unknown TextGraphic: badge-0-0
:text(warning): Unknown TextGraphic: badge-0-0
:text(warning): Unknown TextGraphic: badge-0-0
:text(warning): Unknown TextGraphic: badge-0-0
:text(warning): Unknown TextGraphic: badge-0-0
:display: Created output of type ParasiteBuffer
:display: Created output of type ParasiteBuffer
:display:gsg:glgsg: reloading texture pir_t_hnd_swd_cutlass_a with mipmaps
:display:gsg:glgsg: reloading texture pir_t_hnd_swd_cutlass_a with mipmaps
:display:gsg:glgsg: reloading texture pir_t_hnd_swd_cutlass_a with mipmaps
:display:gsg:glgsg: reloading texture particleSparkles with mipmaps
:display:gsg:glgsg: reloading texture effectShockwave1 with mipmaps
:display:gsg:glgsg: reloading texture effects2_palette_3cmla_1 with mipmaps
:display:gsg:glgsg: reloading texture particleGlow with mipmaps
:display:gsg:glgsg: reloading texture effectHitSplatA with mipmaps
:display:gsg:glgsg: reloading texture swordtrail_lines with mipmaps
:display:gsg:glgsg: reloading texture swordtrail_lines with mipmaps
:display:gsg:glgsg: reloading texture FP_pant_short_pants_frontties with mipmaps
:display:gsg:glgsg: reloading texture FP_vest_closed_ties with mipmaps
:display:gsg:glgsg: reloading texture FP_shirt_long_sleeve_puffy_collarbuttons with mipmaps
Assertion failed: !is_empty() at line 1838 of c:\nirai\panda3d\panda\src\pgraph\nodePath.I
:display: Created output of type ParasiteBuffer
:display: Created output of type ParasiteBuffer
:display:gsg:glgsg: reloading texture treasure_chest_palette_3cmla_1 with mipmaps
:display:gsg:glgsg: reloading texture weapons_palette_2tmla_1 with mipmaps
:display:gsg:glgsg: reloading texture effectFlashRays with mipmaps
:display:gsg:glgsg: reloading texture effectWindBlur with mipmaps
:display:gsg:glgsg: reloading texture clouds_heavy with mipmaps
:display:gsg:glgsg: reloading texture clouds_heavy with mipmaps
:display:gsg:glgsg: reloading texture clouds_heavy with mipmaps
:display:gsg:glgsg: reloading texture clouds_heavy with mipmaps
:display:gsg:glgsg: reloading texture Jolly_skull with mipmaps
:linmath(warning): Tried to invert singular LMatrix3.
:display:gsg:glgsg: reloading texture particleSpark with mipmaps
:display:gsg:glgsg: reloading texture pir_t_hnd_trs_bag with mipmaps
:display: Created output of type ParasiteBuffer
:display: Created output of type ParasiteBuffer
:display: Created output of type ParasiteBuffer
:display: Created output of type ParasiteBuffer
:display: Created output of type ParasiteBuffer
:display: Created output of type ParasiteBuffer
:display: Created output of type ParasiteBuffer
:display:gsg:glgsg: reloading texture effectRedShockwave with mipmaps
:display: Created output of type ParasiteBuffer
:display: Created output of type ParasiteBuffer
:display: Created output of type ParasiteBuffer
:display: Created output of type ParasiteBuffer
:display: Created output of type ParasiteBuffer
:display: Created output of type ParasiteBuffer
:display: Created output of type ParasiteBuffer
:display: Created output of type ParasiteBuffer
:display: Created output of type ParasiteBuffer
:display:gsg:glgsg: reloading texture PM_coat_short_dark_stringtiesback with mipmaps
:display:gsg:glgsg: reloading texture PM_belt_strap_zombie with mipmaps
:display:gsg:glgsg: reloading texture PM_coat_short_dark_stringtiesback with mipmaps
:display:gsg:glgsg: reloading texture PM_belt_buckle_square_zombie with mipmaps
:display:gsg:glgsg: reloading texture PM_shirt_long_sleeve_puffy_valentines with mipmaps
:display:gsg:glgsg: reloading texture PM_shirt_long_sleeve_puffy_valentines with mipmaps
:display:gsg:glgsg: reloading texture PM_shirt_long_sleeve_puffy_valentines with mipmaps
:display:gsg:glgsg: reloading texture hat_barbossa_feather with mipmaps
:display: Created output of type ParasiteBuffer
:display: Created output of type ParasiteBuffer
:display: Created output of type ParasiteBuffer
:display:gsg:glgsg: reloading texture particleDot with mipmaps
:display: Created output of type ParasiteBuffer
:display: Created output of type ParasiteBuffer
:display: Created output of type ParasiteBuffer
:display: Created output of type ParasiteBuffer
:display: Created output of type ParasiteBuffer
:display: Created output of type ParasiteBuffer
:display: Created output of type ParasiteBuffer
:display: Created output of type ParasiteBuffer
:display: Created output of type ParasiteBuffer
Assertion failed: !is_empty() at line 1838 of c:\nirai\panda3d\panda\src\pgraph\nodePath.I
:text(warning): Unknown TextGraphic: badge-0-0
:text(warning): Unknown TextGraphic: badge-0-0
:display: Created output of type ParasiteBuffer
Assertion failed: !is_empty() at line 1838 of c:\nirai\panda3d\panda\src\pgraph\nodePath.I
:text(warning): Unknown TextGraphic: badge-0-0
:text(warning): Unknown TextGraphic: badge-0-0
:text(warning): Unknown TextGraphic: badge-0-0
:text(warning): Unknown TextGraphic: badge-0-0
:text(warning): Unknown TextGraphic: badge-0-0
:text(warning): Unknown TextGraphic: badge-0-0
:text(warning): Unknown TextGraphic: badge-0-0
:text(warning): Unknown TextGraphic: badge-0-0
:text(warning): Unknown TextGraphic: badge-0-0
:text(warning): Unknown TextGraphic: badge-0-0
:text(warning): Unknown TextGraphic: badge-0-0
:text(warning): Unknown TextGraphic: badge-0-0
:text(warning): Unknown TextGraphic: badge-0-0
:text(warning): Unknown TextGraphic: badge-0-0
:text(warning): Unknown TextGraphic: badge-0-0
:text(warning): Unknown TextGraphic: badge-0-0
:text(warning): Unknown TextGraphic: badge-0-0
:text(warning): Unknown TextGraphic: badge-0-0
:text(warning): Unknown TextGraphic: badge-0-0
:text(warning): Unknown TextGraphic: badge-0-0
:text(warning): Unknown TextGraphic: badge-0-0
:text(warning): Unknown TextGraphic: badge-0-0
:text(warning): Unknown TextGraphic: badge-0-0
:text(warning): Unknown TextGraphic: badge-0-0
:text(warning): Unknown TextGraphic: badge-0-0
:text(warning): Unknown TextGraphic: badge-0-0
:display: Created output of type ParasiteBuffer
:text(warning): Unknown TextGraphic: badge-0-0
:text(warning): Unknown TextGraphic: badge-0-0
:text(warning): Unknown TextGraphic: badge-0-0
:text(warning): Unknown TextGraphic: badge-0-0
:text(warning): Unknown TextGraphic: badge-0-0
:text(warning): Unknown TextGraphic: badge-0-0
:text(warning): Unknown TextGraphic: badge-0-0
:text(warning): Unknown TextGraphic: badge-0-0
:text(warning): Unknown TextGraphic: badge-0-0
:text(warning): Unknown TextGraphic: badge-0-0
:text(warning): Unknown TextGraphic: badge-0-0
:text(warning): Unknown TextGraphic: badge-0-0
:text(warning): Unknown TextGraphic: badge-0-0
:text(warning): Unknown TextGraphic: badge-0-0
:text(warning): Unknown TextGraphic: badge-0-0
:text(warning): Unknown TextGraphic: badge-0-0
:display:gsg:glgsg: reloading texture water_ripple3 with mipmaps
:display:gsg:glgsg: reloading texture water_ripple3 with mipmaps
:text(warning): Unknown TextGraphic: badge-0-0
:text(warning): Unknown TextGraphic: badge-0-0
:display:gsg:glgsg: reloading texture shadow_warship with mipmaps
:interval(warning): CLerpNodePathInterval::priv_initialize() called for LerpColorScaleInterval-36982 in state started.
:interval(warning): CLerpNodePathInterval::priv_step() called for LerpColorScaleInterval-36982 in state final.
:text(warning): Unknown TextGraphic: badge-0-0
:text(warning): Unknown TextGraphic: badge-0-0
:text(warning): Unknown TextGraphic: badge-0-0
:text(warning): Unknown TextGraphic: badge-0-0
:text(warning): Unknown TextGraphic: badge-0-0
:text(warning): Unknown TextGraphic: badge-0-0
:text(warning): Unknown TextGraphic: badge-0-0
:text(warning): Unknown TextGraphic: badge-0-0
:text(warning): Unknown TextGraphic: badge-0-0
:text(warning): Unknown TextGraphic: badge-0-0
:text(warning): Unknown TextGraphic: badge-0-0
:text(warning): Unknown TextGraphic: badge-0-0
:text(warning): Unknown TextGraphic: badge-0-0
:text(warning): Unknown TextGraphic: badge-0-0
:text(warning): Unknown TextGraphic: badge-0-0
:text(warning): Unknown TextGraphic: badge-0-0
:text(warning): Unknown TextGraphic: badge-0-0
:text(warning): Unknown TextGraphic: badge-0-0
Assertion failed: !is_empty() at line 1838 of c:\nirai\panda3d\panda\src\pgraph\nodePath.I
:text(warning): Unknown TextGraphic: badge-0-0
:text(warning): Unknown TextGraphic: badge-0-0
:text(warning): Unknown TextGraphic: badge-0-0
:display: Created output of type ParasiteBuffer
:display: Created output of type ParasiteBuffer
:display: Created output of type ParasiteBuffer
:display:gsg:glgsg: reloading texture swordtrail_lines with mipmaps
:display:gsg:glgsg: reloading texture pir_t_hnd_swd_cage_copper with mipmaps
:display:gsg:glgsg: reloading texture pir_t_hnd_swd_broadsword_e with mipmaps
:interval(warning): CInterval::priv_finalize() called for LerpScaleInterval-38071 in state final.
:interval(warning): CLerpNodePathInterval::priv_step() called for LerpScaleInterval-38071 in state final.
:interval(warning): CInterval::priv_finalize() called for LerpPosInterval-38070 in state final.
:interval(warning): CLerpNodePathInterval::priv_step() called for LerpPosInterval-38070 in state final.
:interval(warning): CInterval::priv_finalize() called for LerpColorScaleInterval-38087 in state final.
:interval(warning): CLerpNodePathInterval::priv_step() called for LerpColorScaleInterval-38087 in state final.
:interval(warning): CInterval::priv_finalize() called for LerpScaleInterval-38086 in state final.
:interval(warning): CLerpNodePathInterval::priv_step() called for LerpScaleInterval-38086 in state final.
:interval(warning): CInterval::priv_finalize() called for LerpPosInterval-38085 in state final.
:interval(warning): CLerpNodePathInterval::priv_step() called for LerpPosInterval-38085 in state final.
:text(warning): Unknown TextGraphic: badge-0-0
:interval(warning): CLerpNodePathInterval::priv_initialize() called for LerpColorScaleInterval-37725 in state started.
:interval(warning): CInterval::priv_finalize() called for LerpScaleInterval-38192 in state final.
:interval(warning): CLerpNodePathInterval::priv_step() called for LerpScaleInterval-38192 in state final.
:interval(warning): CInterval::priv_finalize() called for LerpPosInterval-38191 in state final.
:interval(warning): CLerpNodePathInterval::priv_step() called for LerpPosInterval-38191 in state final.
:interval(warning): CLerpNodePathInterval::priv_step() called for LerpColorScaleInterval-37725 in state final.
:display: Created output of type ParasiteBuffer
Assertion failed: !is_empty() at line 1838 of c:\nirai\panda3d\panda\src\pgraph\nodePath.I
:text(warning): Unknown TextGraphic: badge-0-0
:text(warning): Unknown TextGraphic: badge-0-0
:text(warning): Unknown TextGraphic: badge-0-0
:text(warning): Unknown TextGraphic: badge-0-0
:text(warning): Unknown TextGraphic: badge-0-0
:text(warning): Unknown TextGraphic: badge-0-0
:text(warning): Unknown TextGraphic: badge-0-0
:text(warning): Unknown TextGraphic: badge-0-0
:text(warning): Unknown TextGraphic: badge-0-0
:text(warning): Unknown TextGraphic: badge-0-0
:display: Created output of type ParasiteBuffer
:display:gsg:glgsg: reloading texture PM_shirt_shared_cloth_plain2 with mipmaps
:display:gsg:glgsg: reloading texture PM_shirt_shared_cloth_plain2 with mipmaps
:display:gsg:glgsg: reloading texture PM_vest_open_belts with mipmaps
:display:gsg:glgsg: reloading texture PM_shirt_shared_cloth_plain2 with mipmaps
:display:gsg:glgsg: reloading texture PM_shirt_shared_cloth_plain2 with mipmaps
:display:gsg:glgsg: reloading texture PM_shirt_shared_cloth_plain2 with mipmaps
:display:gsg:glgsg: reloading texture PM_shirt_shared_cloth_plain2 with mipmaps
:display:gsg:glgsg: reloading texture PM_vest_open_belts with mipmaps
:display:gsg:glgsg: reloading texture PM_shirt_shared_cloth_plain2 with mipmaps
:display:gsg:glgsg: reloading texture PM_shirt_shared_cloth_plain2 with mipmaps
:display:gsg:glgsg: reloading texture PM_shirt_shared_cloth_plain2 with mipmaps
:display:gsg:glgsg: reloading texture PM_shirt_shared_cloth_plain2 with mipmaps
:display:gsg:glgsg: reloading texture PM_vest_open_belts with mipmaps
:display:gsg:glgsg: reloading texture PM_shirt_shared_cloth_plain2 with mipmaps
:display:gsg:glgsg: reloading texture PM_shirt_shared_cloth_plain2 with mipmaps
:display: Created output of type ParasiteBuffer
Assertion failed: !is_empty() at line 1838 of c:\nirai\panda3d\panda\src\pgraph\nodePath.I
:text(warning): Unknown TextGraphic: badge-0-0
:text(warning): Unknown TextGraphic: badge-0-0
:text(warning): Unknown TextGraphic: badge-0-0
:text(warning): Unknown TextGraphic: badge-0-0
:text(warning): Unknown TextGraphic: badge-0-0
:display: Created output of type ParasiteBuffer
Assertion failed: !is_empty() at line 1838 of c:\nirai\panda3d\panda\src\pgraph\nodePath.I
:text(warning): Unknown TextGraphic: badge-0-0
:text(warning): Unknown TextGraphic: badge-0-0
:text(warning): Unknown TextGraphic: badge-0-0
:text(warning): Unknown TextGraphic: badge-0-0
:text(warning): Unknown TextGraphic: badge-0-0
:text(warning): Unknown TextGraphic: badge-0-0
:text(warning): Unknown TextGraphic: badge-0-0
:text(warning): Unknown TextGraphic: badge-0-0
:text(warning): Unknown TextGraphic: badge-0-0
:text(warning): Unknown TextGraphic: badge-0-0
:text(warning): Unknown TextGraphic: badge-0-0
:text(warning): Unknown TextGraphic: badge-0-0
:text(warning): Unknown TextGraphic: badge-0-0
:text(warning): Unknown TextGraphic: badge-0-0
:text(warning): Unknown TextGraphic: badge-0-0
:text(warning): Unknown TextGraphic: badge-0-0
:text(warning): Unknown TextGraphic: badge-0-0
:text(warning): Unknown TextGraphic: badge-0-0
:text(warning): Unknown TextGraphic: badge-0-0
:text(warning): Unknown TextGraphic: badge-0-0
:text(warning): Unknown TextGraphic: badge-0-0
:text(warning): Unknown TextGraphic: badge-0-0
:text(warning): Unknown TextGraphic: badge-0-0
:text(warning): Unknown TextGraphic: badge-0-0
:text(warning): Unknown TextGraphic: badge-0-0
:text(warning): Unknown TextGraphic: badge-0-0
:text(warning): Unknown TextGraphic: badge-0-0
:text(warning): Unknown TextGraphic: badge-0-0
:text(warning): Unknown TextGraphic: badge-0-0
:text(warning): Unknown TextGraphic: badge-0-0
:text(warning): Unknown TextGraphic: badge-0-0
:text(warning): Unknown TextGraphic: badge-0-0
:text(warning): Unknown TextGraphic: badge-0-0
:text(warning): Unknown TextGraphic: badge-0-0
:text(warning): Unknown TextGraphic: badge-0-0
:text(warning): Unknown TextGraphic: badge-0-0
:text(warning): Unknown TextGraphic: badge-0-0
:text(warning): Unknown TextGraphic: badge-0-0
:display: Created output of type ParasiteBuffer
:text(warning): Unknown TextGraphic: badge-0-0
:text(warning): Unknown TextGraphic: badge-0-0
:interval(warning): CLerpNodePathInterval::priv_initialize() called for LerpColorScaleInterval-38793 in state started.
:interval(warning): CLerpNodePathInterval::priv_step() called for LerpColorScaleInterval-38793 in state final.
:text(warning): Unknown TextGraphic: badge-0-0
:text(warning): Unknown TextGraphic: badge-0-0
:text(warning): Unknown TextGraphic: badge-0-0
:text(warning): Unknown TextGraphic: badge-0-0
:text(warning): Unknown TextGraphic: badge-0-0
:text(warning): Unknown TextGraphic: badge-0-0
:text(warning): Unknown TextGraphic: badge-0-0
:text(warning): Unknown TextGraphic: badge-0-0
:text(warning): Unknown TextGraphic: badge-0-0
:text(warning): Unknown TextGraphic: badge-0-0
:text(warning): Unknown TextGraphic: badge-0-0
:text(warning): Unknown TextGraphic: badge-0-0
:text(warning): Unknown TextGraphic: badge-0-0
:text(warning): Unknown TextGraphic: badge-0-0
:text(warning): Unknown TextGraphic: badge-0-0
:text(warning): Unknown TextGraphic: badge-0-0
:text(warning): Unknown TextGraphic: badge-0-0
:text(warning): Unknown TextGraphic: badge-0-0
:text(warning): Unknown TextGraphic: badge-0-0
:text(warning): Unknown TextGraphic: badge-0-0
:text(warning): Unknown TextGraphic: badge-0-0
:text(warning): Unknown TextGraphic: badge-0-0
:text(warning): Unknown TextGraphic: badge-0-0
:text(warning): Unknown TextGraphic: badge-0-0
:text(warning): Unknown TextGraphic: badge-0-0
:text(warning): Unknown TextGraphic: badge-0-0
:text(warning): Unknown TextGraphic: badge-0-0
:text(warning): Unknown TextGraphic: badge-0-0
:text(warning): Unknown TextGraphic: badge-0-0
:text(warning): Unknown TextGraphic: badge-0-0
:text(warning): Unknown TextGraphic: badge-0-0
:text(warning): Unknown TextGraphic: badge-0-0
:text(warning): Unknown TextGraphic: badge-0-0
:text(warning): Unknown TextGraphic: badge-0-0
:text(warning): Unknown TextGraphic: badge-0-0
:text(warning): Unknown TextGraphic: badge-0-0
:interval(warning): CLerpNodePathInterval::priv_initialize() called for LerpColorScaleInterval-38996 in state started.
:text(warning): Unknown TextGraphic: badge-0-0
:text(warning): Unknown TextGraphic: badge-0-0
Assertion failed: !is_empty() at line 1838 of c:\nirai\panda3d\panda\src\pgraph\nodePath.I
:interval(warning): CLerpNodePathInterval::priv_step() called for LerpColorScaleInterval-38996 in state final.
:interval(warning): CLerpNodePathInterval::priv_initialize() called for LerpColorScaleInterval-39000 in state started.
:interval(warning): CLerpNodePathInterval::priv_step() called for LerpColorScaleInterval-39000 in state final.
:text(warning): Unknown TextGraphic: badge-0-0
:text(warning): Unknown TextGraphic: badge-0-0
:text(warning): Unknown TextGraphic: badge-0-0
:text(warning): Unknown TextGraphic: badge-0-0
:text(warning): Unknown TextGraphic: badge-0-0
:text(warning): Unknown TextGraphic: badge-0-0
:text(warning): Unknown TextGraphic: badge-0-0
:text(warning): Unknown TextGraphic: badge-0-0
:text(warning): Unknown TextGraphic: badge-0-0
:display: Created output of type ParasiteBuffer
:display: Created output of type ParasiteBuffer
:display: Created output of type ParasiteBuffer
:display:gsg:glgsg: reloading texture swordtrail_lines with mipmaps
:display:gsg:glgsg: reloading texture pir_t_hnd_knf_dirk_b with mipmaps
:display:gsg:glgsg: reloading texture PM_belt_buckle_SkullGold with mipmaps
:display:gsg:glgsg: reloading texture PM_pant_long_pants_tucked_leather_miniknives with mipmaps
:display:gsg:glgsg: reloading texture PM_coat_long_brown with mipmaps
:display:gsg:glgsg: reloading texture PM_vest_closed_lapel with mipmaps
:display:gsg:glgsg: reloading texture PM_shirt_short_round_frontbuttons with mipmaps
:display:gsg:glgsg: reloading texture PM_belt_strap_LeatherBrown with mipmaps
:display:gsg:glgsg: reloading texture hat_land_1_brown_leather with mipmaps
:display:gsg:glgsg: reloading texture pir_t_hnd_knf_dirk_b with mipmaps
:display:gsg:glgsg: reloading texture PM_belt_buckle_SkullGold with mipmaps
:display:gsg:glgsg: reloading texture PM_pant_long_pants_tucked_leather_miniknives with mipmaps
:display:gsg:glgsg: reloading texture PM_coat_long_brown with mipmaps
:display:gsg:glgsg: reloading texture PM_vest_closed_lapel with mipmaps
:display:gsg:glgsg: reloading texture PM_shirt_short_round_frontbuttons with mipmaps
:display:gsg:glgsg: reloading texture PM_belt_strap_LeatherBrown with mipmaps
:display:gsg:glgsg: reloading texture hat_land_1_brown_leather with mipmaps
:display:gsg:glgsg: reloading texture pir_t_hnd_knf_dirk_b with mipmaps
:display:gsg:glgsg: reloading texture PM_belt_buckle_SkullGold with mipmaps
:display:gsg:glgsg: reloading texture PM_pant_long_pants_tucked_leather_miniknives with mipmaps
:display:gsg:glgsg: reloading texture PM_coat_long_brown with mipmaps
:display:gsg:glgsg: reloading texture PM_vest_closed_lapel with mipmaps
:display:gsg:glgsg: reloading texture PM_shirt_short_round_frontbuttons with mipmaps
:display:gsg:glgsg: reloading texture PM_belt_strap_LeatherBrown with mipmaps
:display:gsg:glgsg: reloading texture hat_land_1_brown_leather with mipmaps
:display:gsg:glgsg: reloading texture pig with mipmaps
:display:gsg:glgsg: reloading texture pir_t_hnd_knf_dirk_b with mipmaps
:display:gsg:glgsg: reloading texture PM_belt_buckle_SkullGold with mipmaps
:display:gsg:glgsg: reloading texture PM_pant_long_pants_tucked_leather_miniknives with mipmaps
:display:gsg:glgsg: reloading texture PM_coat_long_brown with mipmaps
:display:gsg:glgsg: reloading texture PM_vest_closed_lapel with mipmaps
:display:gsg:glgsg: reloading texture PM_shirt_short_round_frontbuttons with mipmaps
:display:gsg:glgsg: reloading texture PM_belt_strap_LeatherBrown with mipmaps
:display:gsg:glgsg: reloading texture hat_land_1_brown_leather with mipmaps
:display:gsg:glgsg: reloading texture pig with mipmaps
:display:gsg:glgsg: reloading texture pir_t_hnd_knf_dirk_b with mipmaps
:display:gsg:glgsg: reloading texture PM_belt_buckle_SkullGold with mipmaps
:display:gsg:glgsg: reloading texture PM_pant_long_pants_tucked_leather_miniknives with mipmaps
:display:gsg:glgsg: reloading texture PM_coat_long_brown with mipmaps
:display:gsg:glgsg: reloading texture PM_vest_closed_lapel with mipmaps
:display:gsg:glgsg: reloading texture PM_shirt_short_round_frontbuttons with mipmaps
:display:gsg:glgsg: reloading texture PM_belt_strap_LeatherBrown with mipmaps
:display:gsg:glgsg: reloading texture hat_land_1_brown_leather with mipmaps
:display:gsg:glgsg: reloading texture pig with mipmaps
:text(warning): Unknown TextGraphic: badge-0-0
:display: Created output of type ParasiteBuffer
:display: Created output of type ParasiteBuffer
:text(warning): Unknown TextGraphic: badge-0-0
Assertion failed: !is_empty() at line 1838 of c:\nirai\panda3d\panda\src\pgraph\nodePath.I
:text(warning): Unknown TextGraphic: badge-0-0
:text(warning): Unknown TextGraphic: badge-0-0
:display: Created output of type ParasiteBuffer
:display:gsg:glgsg: reloading texture water_ripple with mipmaps
:display:gsg:glgsg: reloading texture water_ripple with mipmaps
:display:gsg:glgsg: reloading texture particleSplash with mipmaps
:display:gsg:glgsg: reloading texture particleSplash with mipmaps
:display:gsg:glgsg: reloading texture bat_undead with mipmaps
:display:gsg:glgsg: reloading texture rooster with mipmaps
:display:gsg:glgsg: reloading texture bat_undead with mipmaps
:display:gsg:glgsg: reloading texture rooster with mipmaps
:display:gsg:glgsg: reloading texture props_shop_bsmith_palette_3cmla_1 with mipmaps
Assertion failed: !is_empty() at line 1838 of c:\nirai\panda3d\panda\src\pgraph\nodePath.I
:text(warning): Unknown TextGraphic: badge-0-0
:text(warning): Unknown TextGraphic: badge-0-0
:text(warning): Unknown TextGraphic: badge-0-0
:text(warning): Unknown TextGraphic: badge-0-0
:text(warning): Unknown TextGraphic: badge-0-0
:text(warning): Unknown TextGraphic: badge-0-0
:text(warning): Unknown TextGraphic: badge-0-0
:text(warning): Unknown TextGraphic: badge-0-0
:text(warning): Unknown TextGraphic: badge-0-0
:text(warning): Unknown TextGraphic: badge-0-0
:text(warning): Unknown TextGraphic: badge-0-0
:text(warning): Unknown TextGraphic: badge-0-0
:text(warning): Unknown TextGraphic: badge-0-0
:text(warning): Unknown TextGraphic: badge-0-0
:text(warning): Unknown TextGraphic: badge-0-0
:text(warning): Unknown TextGraphic: badge-0-0
:text(warning): Unknown TextGraphic: badge-0-0
:text(warning): Unknown TextGraphic: badge-0-0
:text(warning): Unknown TextGraphic: badge-0-0
:text(warning): Unknown TextGraphic: badge-0-0
:text(warning): Unknown TextGraphic: badge-0-0
:text(warning): Unknown TextGraphic: badge-0-0
:text(warning): Unknown TextGraphic: badge-0-0
:text(warning): Unknown TextGraphic: badge-0-0
:text(warning): Unknown TextGraphic: badge-0-0
:text(warning): Unknown TextGraphic: badge-0-0
:text(warning): Unknown TextGraphic: badge-0-0
:text(warning): Unknown TextGraphic: badge-0-0
:text(warning): Unknown TextGraphic: badge-0-0
:text(warning): Unknown TextGraphic: badge-0-0
:text(warning): Unknown TextGraphic: badge-0-0
:text(warning): Unknown TextGraphic: badge-0-0
:text(warning): Unknown TextGraphic: badge-0-0
:text(warning): Unknown TextGraphic: badge-0-0
:text(warning): Unknown TextGraphic: badge-0-0
:text(warning): Unknown TextGraphic: badge-0-0
:text(warning): Unknown TextGraphic: badge-0-0
:text(warning): Unknown TextGraphic: badge-0-0
:text(warning): Unknown TextGraphic: badge-0-0
:text(warning): Unknown TextGraphic: badge-0-0
:text(warning): Unknown TextGraphic: badge-0-0
:text(warning): Unknown TextGraphic: badge-0-0
:display: Created output of type ParasiteBuffer
:display: Created output of type ParasiteBuffer
:text(warning): Unknown TextGraphic: badge-0-0
:text(warning): Unknown TextGraphic: badge-0-0
:text(warning): Unknown TextGraphic: badge-0-0
:text(warning): Unknown TextGraphic: badge-0-0
:text(warning): Unknown TextGraphic: badge-0-0
:text(warning): Unknown TextGraphic: badge-0-0
:text(warning): Unknown TextGraphic: badge-0-0
:text(warning): Unknown TextGraphic: badge-0-0
:text(warning): Unknown TextGraphic: badge-0-0
:text(warning): Unknown TextGraphic: badge-0-0
:text(warning): Unknown TextGraphic: badge-0-0
:text(warning): Unknown TextGraphic: badge-0-0
:text(warning): Unknown TextGraphic: badge-0-0
:text(warning): Unknown TextGraphic: badge-0-0
:text(warning): Unknown TextGraphic: badge-0-0
:text(warning): Unknown TextGraphic: badge-0-0
:text(warning): Unknown TextGraphic: badge-0-0
:text(warning): Unknown TextGraphic: badge-0-0
:text(warning): Unknown TextGraphic: badge-0-0
:text(warning): Unknown TextGraphic: badge-0-0
:text(warning): Unknown TextGraphic: badge-0-0
:text(warning): Unknown TextGraphic: badge-0-0
:text(warning): Unknown TextGraphic: badge-0-0
:text(warning): Unknown TextGraphic: badge-0-0
:text(warning): Unknown TextGraphic: badge-0-0
:text(warning): Unknown TextGraphic: badge-0-0
:text(warning): Unknown TextGraphic: badge-0-0
:text(warning): Unknown TextGraphic: badge-0-0
:text(warning): Unknown TextGraphic: badge-0-0
:text(warning): Unknown TextGraphic: badge-0-0
:text(warning): Unknown TextGraphic: badge-0-0
:text(warning): Unknown TextGraphic: badge-0-0
:text(warning): Unknown TextGraphic: badge-0-0
:text(warning): Unknown TextGraphic: badge-0-0
:text(warning): Unknown TextGraphic: badge-0-0
:text(warning): Unknown TextGraphic: badge-0-0
:display:gsg:glgsg: reloading texture FP_pant_short_pants_red with mipmaps
:display:gsg:glgsg: reloading texture FP_pant_short_pants_red with mipmaps
:display:gsg:glgsg: reloading texture FP_pant_short_pants_red with mipmaps
:display:gsg:glgsg: reloading texture FP_pant_short_pants_red with mipmaps
:display:gsg:glgsg: reloading texture FP_corset_low_ribs with mipmaps
:display:gsg:glgsg: reloading texture FP_pant_short_pants_red with mipmaps
:display:gsg:glgsg: reloading texture FP_corset_low_ribs with mipmaps
:display:gsg:glgsg: reloading texture FP_corset_low_ribs with mipmaps
:display:gsg:glgsg: reloading texture FP_corset_low_ribs with mipmaps
:text(warning): Unknown TextGraphic: badge-0-0
:text(warning): Unknown TextGraphic: badge-0-0
:text(warning): Unknown TextGraphic: badge-0-0
:text(warning): Unknown TextGraphic: badge-0-0
:text(warning): Unknown TextGraphic: badge-0-0
:text(warning): Unknown TextGraphic: badge-0-0
Assertion failed: !is_empty() at line 1838 of c:\nirai\panda3d\panda\src\pgraph\nodePath.I
:text(warning): Unknown TextGraphic: badge-0-0
:text(warning): Unknown TextGraphic: badge-0-0
:text(warning): Unknown TextGraphic: badge-0-0
:text(warning): Unknown TextGraphic: badge-0-0
:text(warning): Unknown TextGraphic: badge-0-0
:text(warning): Unknown TextGraphic: badge-0-0
:display: Created output of type ParasiteBuffer
:display: Created output of type ParasiteBuffer
:display: Created output of type ParasiteBuffer
:text(warning): Unknown TextGraphic: badge-0-0
:display:gsg:glgsg: reloading texture swordtrail_lines with mipmaps
Assertion failed: !is_empty() at line 1838 of c:\nirai\panda3d\panda\src\pgraph\nodePath.I
:text(warning): Unknown TextGraphic: badge-0-0
:text(warning): Unknown TextGraphic: badge-0-0
:text(warning): Unknown TextGraphic: badge-0-0
:text(warning): Unknown TextGraphic: badge-0-0
:text(warning): Unknown TextGraphic: badge-0-0
:text(warning): Unknown TextGraphic: badge-0-0
:text(warning): Unknown TextGraphic: badge-0-0
:text(warning): Unknown TextGraphic: badge-0-0
:text(warning): Unknown TextGraphic: badge-0-0
:text(warning): Unknown TextGraphic: badge-0-0
:text(warning): Unknown TextGraphic: badge-0-0
:text(warning): Unknown TextGraphic: badge-0-0
:text(warning): Unknown TextGraphic: badge-0-0
:text(warning): Unknown TextGraphic: badge-0-0
:text(warning): Unknown TextGraphic: badge-0-0
:text(warning): Unknown TextGraphic: badge-0-0
:text(warning): Unknown TextGraphic: badge-0-0
:text(warning): Unknown TextGraphic: badge-0-0
:text(warning): Unknown TextGraphic: badge-0-0
:text(warning): Unknown TextGraphic: badge-0-0
:text(warning): Unknown TextGraphic: badge-0-0
:text(warning): Unknown TextGraphic: badge-0-0
:text(warning): Unknown TextGraphic: badge-0-0
:text(warning): Unknown TextGraphic: badge-0-0
:text(warning): Unknown TextGraphic: badge-0-0
:text(warning): Unknown TextGraphic: badge-0-0
:text(warning): Unknown TextGraphic: badge-0-0
:text(warning): Unknown TextGraphic: badge-0-0
:text(warning): Unknown TextGraphic: badge-0-0
:text(warning): Unknown TextGraphic: badge-0-0
:text(warning): Unknown TextGraphic: badge-0-0
:text(warning): Unknown TextGraphic: badge-0-0
:text(warning): Unknown TextGraphic: badge-0-0
:text(warning): Unknown TextGraphic: badge-0-0
:text(warning): Unknown TextGraphic: badge-0-0
:display: Created output of type ParasiteBuffer
:text(warning): Unknown TextGraphic: badge-0-0
:text(warning): Unknown TextGraphic: badge-0-0
:text(warning): Unknown TextGraphic: badge-0-0
:text(warning): Unknown TextGraphic: badge-0-0
:interval(warning): CLerpNodePathInterval::priv_initialize() called for LerpColorScaleInterval-40982 in state started.
:interval(warning): CLerpNodePathInterval::priv_step() called for LerpColorScaleInterval-40982 in state final.
:text(warning): Unknown TextGraphic: badge-0-0
:text(warning): Unknown TextGraphic: badge-0-0
:text(warning): Unknown TextGraphic: badge-0-0
:text(warning): Unknown TextGraphic: badge-0-0
:text(warning): Unknown TextGraphic: badge-0-0
:text(warning): Unknown TextGraphic: badge-0-0
:text(warning): Unknown TextGraphic: badge-0-0
:text(warning): Unknown TextGraphic: badge-0-0
:text(warning): Unknown TextGraphic: badge-0-0
:text(warning): Unknown TextGraphic: badge-0-0
:text(warning): Unknown TextGraphic: badge-0-0
:text(warning): Unknown TextGraphic: badge-0-0
:text(warning): Unknown TextGraphic: badge-0-0
:text(warning): Unknown TextGraphic: badge-0-0
:text(warning): Unknown TextGraphic: badge-0-0
:text(warning): Unknown TextGraphic: badge-0-0
:text(warning): Unknown TextGraphic: badge-0-0
:text(warning): Unknown TextGraphic: badge-0-0
:text(warning): Unknown TextGraphic: badge-0-0
:text(warning): Unknown TextGraphic: badge-0-0
:text(warning): Unknown TextGraphic: badge-0-0
:text(warning): Unknown TextGraphic: badge-0-0
:text(warning): Unknown TextGraphic: badge-0-0
:text(warning): Unknown TextGraphic: badge-0-0
:text(warning): Unknown TextGraphic: badge-0-0
:text(warning): Unknown TextGraphic: badge-0-0
:text(warning): Unknown TextGraphic: badge-0-0
:text(warning): Unknown TextGraphic: badge-0-0
:text(warning): Unknown TextGraphic: badge-0-0
:text(warning): Unknown TextGraphic: badge-0-0
:text(warning): Unknown TextGraphic: badge-0-0
:text(warning): Unknown TextGraphic: badge-0-0
Assertion failed: !is_empty() at line 1838 of c:\nirai\panda3d\panda\src\pgraph\nodePath.I
:text(warning): Unknown TextGraphic: badge-0-0
:display: Created output of type ParasiteBuffer
Assertion failed: !is_empty() at line 1838 of c:\nirai\panda3d\panda\src\pgraph\nodePath.I
:display: Created output of type ParasiteBuffer
:display:gsg:glgsg: reloading texture FP_shirt_short_sleeve_3button with mipmaps
:display:gsg:glgsg: reloading texture FP_belt_strap_black with mipmaps
:display:gsg:glgsg: reloading texture FP_shirt_short_sleeve_3button with mipmaps
:display:gsg:glgsg: reloading texture FP_belt_buckle_square_dark with mipmaps
:display:gsg:glgsg: reloading texture flytrap_undead with mipmaps
:display: Created output of type ParasiteBuffer
:interval(warning): CInterval::priv_finalize() called for LerpColorScaleInterval-41595 in state final.
:interval(warning): CLerpNodePathInterval::priv_step() called for LerpColorScaleInterval-41595 in state final.
:interval(warning): CInterval::priv_finalize() called for LerpScaleInterval-41594 in state final.
:interval(warning): CLerpNodePathInterval::priv_step() called for LerpScaleInterval-41594 in state final.
:interval(warning): CInterval::priv_finalize() called for LerpPosInterval-41593 in state final.
:interval(warning): CLerpNodePathInterval::priv_step() called for LerpPosInterval-41593 in state final.
:interval(warning): CInterval::priv_finalize() called for LerpPosInterval-42807 in state final.
:interval(warning): CLerpNodePathInterval::priv_step() called for LerpPosInterval-42807 in state final.
:interval(warning): CInterval::priv_finalize() called for LerpPosInterval-42814 in state final.
:interval(warning): CLerpNodePathInterval::priv_step() called for LerpPosInterval-42814 in state final.
:interval(warning): CInterval::priv_finalize() called for LerpColorScaleInterval-42836 in state final.
:interval(warning): CLerpNodePathInterval::priv_step() called for LerpColorScaleInterval-42836 in state final.
:interval(warning): CInterval::priv_finalize() called for LerpScaleInterval-42835 in state final.
:interval(warning): CLerpNodePathInterval::priv_step() called for LerpScaleInterval-42835 in state final.
:interval(warning): CInterval::priv_finalize() called for LerpPosInterval-42834 in state final.
:interval(warning): CLerpNodePathInterval::priv_step() called for LerpPosInterval-42834 in state final.
:display:gsg:glgsg: reloading texture props_shop_doctor_palette_3cmla_1 with mipmaps
:interval(warning): CInterval::priv_finalize() called for LerpPosInterval-43917 in state final.
:interval(warning): CLerpNodePathInterval::priv_step() called for LerpPosInterval-43917 in state final.
:display:gsg:glgsg: reloading texture FP_shoe_tall_boots_bountyhunter with mipmaps
:display:gsg:glgsg: reloading texture FP_corset_high_SimpleCanvas with mipmaps
:interval(warning): CInterval::priv_finalize() called for LerpPosInterval-44446 in state final.
:interval(warning): CLerpNodePathInterval::priv_step() called for LerpPosInterval-44446 in state final.
:interval(warning): CInterval::priv_finalize() called for LerpScaleInterval-44454 in state final.
:interval(warning): CLerpNodePathInterval::priv_step() called for LerpScaleInterval-44454 in state final.
:interval(warning): CInterval::priv_finalize() called for LerpPosInterval-44453 in state final.
:interval(warning): CLerpNodePathInterval::priv_step() called for LerpPosInterval-44453 in state final.
:interval(warning): CInterval::priv_finalize() called for LerpScaleInterval-44490 in state final.
:interval(warning): CLerpNodePathInterval::priv_step() called for LerpScaleInterval-44490 in state final.
:interval(warning): CInterval::priv_finalize() called for LerpPosInterval-44489 in state final.
:interval(warning): CLerpNodePathInterval::priv_step() called for LerpPosInterval-44489 in state final.
:interval(warning): CInterval::priv_finalize() called for LerpScaleInterval-44497 in state final.
:interval(warning): CLerpNodePathInterval::priv_step() called for LerpScaleInterval-44497 in state final.
:interval(warning): CInterval::priv_finalize() called for LerpPosInterval-44496 in state final.
:interval(warning): CLerpNodePathInterval::priv_step() called for LerpPosInterval-44496 in state final.
:interval(warning): CInterval::priv_finalize() called for LerpScaleInterval-44504 in state final.
:interval(warning): CLerpNodePathInterval::priv_step() called for LerpScaleInterval-44504 in state final.
:interval(warning): CInterval::priv_finalize() called for LerpPosInterval-44503 in state final.
:interval(warning): CLerpNodePathInterval::priv_step() called for LerpPosInterval-44503 in state final.
:interval(warning): CInterval::priv_finalize() called for LerpPosInterval-44528 in state final.
:interval(warning): CLerpNodePathInterval::priv_step() called for LerpPosInterval-44528 in state final.
:interval(warning): CInterval::priv_finalize() called for LerpColorScaleInterval-44589 in state final.
:interval(warning): CLerpNodePathInterval::priv_step() called for LerpColorScaleInterval-44589 in state final.
:interval(warning): CInterval::priv_finalize() called for LerpScaleInterval-44588 in state final.
:interval(warning): CLerpNodePathInterval::priv_step() called for LerpScaleInterval-44588 in state final.
:interval(warning): CInterval::priv_finalize() called for LerpPosInterval-44587 in state final.
:interval(warning): CLerpNodePathInterval::priv_step() called for LerpPosInterval-44587 in state final.
:interval(warning): CInterval::priv_finalize() called for LerpPosInterval-45190 in state final.
:interval(warning): CLerpNodePathInterval::priv_step() called for LerpPosInterval-45190 in state final.
:interval(warning): CInterval::priv_finalize() called for LerpPosInterval-45360 in state final.
:interval(warning): CLerpNodePathInterval::priv_step() called for LerpPosInterval-45360 in state final.
:interval(warning): CInterval::priv_finalize() called for LerpPosInterval-45465 in state final.
:interval(warning): CLerpNodePathInterval::priv_step() called for LerpPosInterval-45465 in state final.
:display: Created output of type ParasiteBuffer
:display: Created output of type ParasiteBuffer
Assertion failed: !is_empty() at line 1838 of c:\nirai\panda3d\panda\src\pgraph\nodePath.I
:text(warning): Unknown TextGraphic: badge-0-0
:text(warning): Unknown TextGraphic: badge-0-0
:text(warning): Unknown TextGraphic: badge-0-0
:text(warning): Unknown TextGraphic: badge-0-0
:text(warning): Unknown TextGraphic: badge-0-0
:text(warning): Unknown TextGraphic: badge-0-0
:display: Created output of type ParasiteBuffer
Assertion failed: !is_empty() at line 1838 of c:\nirai\panda3d\panda\src\pgraph\nodePath.I
:text(warning): Unknown TextGraphic: badge-0-0
:text(warning): Unknown TextGraphic: badge-0-0
:text(warning): Unknown TextGraphic: badge-0-0
:text(warning): Unknown TextGraphic: badge-0-0
:text(warning): Unknown TextGraphic: badge-0-0
:text(warning): Unknown TextGraphic: badge-0-0
:text(warning): Unknown TextGraphic: badge-0-0
:text(warning): Unknown TextGraphic: badge-0-0
:text(warning): Unknown TextGraphic: badge-0-0
:text(warning): Unknown TextGraphic: badge-0-0
:text(warning): Unknown TextGraphic: badge-0-0
:text(warning): Unknown TextGraphic: badge-0-0
:text(warning): Unknown TextGraphic: badge-0-0
:text(warning): Unknown TextGraphic: badge-0-0
:text(warning): Unknown TextGraphic: badge-0-0
:text(warning): Unknown TextGraphic: badge-0-0
:text(warning): Unknown TextGraphic: badge-0-0
:text(warning): Unknown TextGraphic: badge-0-0
:text(warning): Unknown TextGraphic: badge-0-0
:text(warning): Unknown TextGraphic: badge-0-0
:text(warning): Unknown TextGraphic: badge-0-0
:text(warning): Unknown TextGraphic: badge-0-0
:text(warning): Unknown TextGraphic: badge-0-0
:text(warning): Unknown TextGraphic: badge-0-0
:text(warning): Unknown TextGraphic: badge-0-0
:text(warning): Unknown TextGraphic: badge-0-0
:display: Created output of type ParasiteBuffer
:text(warning): Unknown TextGraphic: badge-0-0
:text(warning): Unknown TextGraphic: badge-0-0
:text(warning): Unknown TextGraphic: badge-0-0
:text(warning): Unknown TextGraphic: badge-0-0
:text(warning): Unknown TextGraphic: badge-0-0
:text(warning): Unknown TextGraphic: badge-0-0
:text(warning): Unknown TextGraphic: badge-0-0
:text(warning): Unknown TextGraphic: badge-0-0
:text(warning): Unknown TextGraphic: badge-0-0
:text(warning): Unknown TextGraphic: badge-0-0
:text(warning): Unknown TextGraphic: badge-0-0
:text(warning): Unknown TextGraphic: badge-0-0
:text(warning): Unknown TextGraphic: badge-0-0
:text(warning): Unknown TextGraphic: badge-0-0
:text(warning): Unknown TextGraphic: badge-0-0
:text(warning): Unknown TextGraphic: badge-0-0
:text(warning): Unknown TextGraphic: badge-0-0
:text(warning): Unknown TextGraphic: badge-0-0
:text(warning): Unknown TextGraphic: badge-0-0
:text(warning): Unknown TextGraphic: badge-0-0
:text(warning): Unknown TextGraphic: badge-0-0
:text(warning): Unknown TextGraphic: badge-0-0
:text(warning): Unknown TextGraphic: badge-0-0
:text(warning): Unknown TextGraphic: badge-0-0
:text(warning): Unknown TextGraphic: badge-0-0
:text(warning): Unknown TextGraphic: badge-0-0
:text(warning): Unknown TextGraphic: badge-0-0
:text(warning): Unknown TextGraphic: badge-0-0
:text(warning): Unknown TextGraphic: badge-0-0
:text(warning): Unknown TextGraphic: badge-0-0
:text(warning): Unknown TextGraphic: badge-0-0
:text(warning): Unknown TextGraphic: badge-0-0
:text(warning): Unknown TextGraphic: badge-0-0
:text(warning): Unknown TextGraphic: badge-0-0
:text(warning): Unknown TextGraphic: badge-0-0
:text(warning): Unknown TextGraphic: badge-0-0
:text(warning): Unknown TextGraphic: badge-0-0
:text(warning): Unknown TextGraphic: badge-0-0
:text(warning): Unknown TextGraphic: badge-0-0
:text(warning): Unknown TextGraphic: badge-0-0
:text(warning): Unknown TextGraphic: badge-0-0
:text(warning): Unknown TextGraphic: badge-0-0
:interval(warning): CLerpNodePathInterval::priv_initialize() called for LerpColorScaleInterval-45832 in state started.
:interval(warning): CLerpNodePathInterval::priv_step() called for LerpColorScaleInterval-45832 in state final.
Assertion failed: !is_empty() at line 1838 of c:\nirai\panda3d\panda\src\pgraph\nodePath.I
:text(warning): Unknown TextGraphic: badge-0-0
:text(warning): Unknown TextGraphic: badge-0-0
:text(warning): Unknown TextGraphic: badge-0-0
:text(warning): Unknown TextGraphic: badge-0-0
:display: Created output of type ParasiteBuffer
:display: Created output of type ParasiteBuffer
Assertion failed: !is_empty() at line 1838 of c:\nirai\panda3d\panda\src\pgraph\nodePath.I
:display: Created output of type ParasiteBuffer
:display: Created output of type ParasiteBuffer
:display:gsg:glgsg: reloading texture swordtrail_lines with mipmaps
:display: Created output of type ParasiteBuffer
:display: Created output of type ParasiteBuffer
:display:gsg:glgsg: reloading texture FP_shoe_medium_boots_studs with mipmaps
:display:gsg:glgsg: reloading texture FP_shoe_medium_boots_studs with mipmaps
:display: Created output of type ParasiteBuffer
:display:gsg:glgsg: reloading texture PM_pant_long_pants_untucked_brownpatches with mipmaps
:display:gsg:glgsg: reloading texture PM_coat_short_brown_stripes with mipmaps
:display:gsg:glgsg: reloading texture PM_coat_short_brown_stripes with mipmaps
:display: Created output of type ParasiteBuffer
:display: Created output of type ParasiteBuffer
:display: Created output of type ParasiteBuffer
:display: Created output of type ParasiteBuffer
:display: Created output of type ParasiteBuffer
:display: Created output of type ParasiteBuffer
:display: Created output of type ParasiteBuffer
:display: Created output of type ParasiteBuffer
:display: Created output of type ParasiteBuffer
:display: Created output of type ParasiteBuffer
:display: Created output of type ParasiteBuffer
:display: Created output of type ParasiteBuffer
:display: Created output of type ParasiteBuffer
:display: Created output of type ParasiteBuffer
:display: Created output of type ParasiteBuffer
:display: Created output of type ParasiteBuffer
:display: Created output of type ParasiteBuffer
:display: Created output of type ParasiteBuffer
:display: Created output of type ParasiteBuffer
:display: Created output of type ParasiteBuffer
:display: Created output of type ParasiteBuffer
:display:gsg:glgsg: reloading texture FP_coat_short_bluegold with mipmaps
:display:gsg:glgsg: reloading texture FP_coat_short_bluegold with mipmaps
:display:gsg:glgsg: reloading texture FP_shirt_long_sleeve_collar_white_redvest with mipmaps
:display:gsg:glgsg: reloading texture FP_shirt_long_sleeve_collar_white_redvest with mipmaps
:display:gsg:glgsg: reloading texture FP_shirt_long_sleeve_collar_white_redvest with mipmaps
:display:gsg:glgsg: reloading texture FP_shirt_long_sleeve_collar_white_redvest with mipmaps
:display: Created output of type ParasiteBuffer
:display: Created output of type ParasiteBuffer
:display: Created output of type ParasiteBuffer
Assertion failed: !is_empty() at line 1838 of c:\nirai\panda3d\panda\src\pgraph\nodePath.I
