Sat Feb 11 10:16:53 2017: TLOPO_GAMESERVER = gs-1.piratesonline.co
Sat Feb 11 10:16:53 2017: TLOPO_PLAYCOOKIE = 03d8cae2d92395f56bf3d3f9029f5fbe
Sat Feb 11 10:16:53 2017: PLocalizer: Running in language: English
Sat Feb 11 10:16:53 2017: PiratesStart: Starting the game.
Sat Feb 11 10:16:58 2017: :PiratesStart: getDriverVendor NVIDIA Corporation
Sat Feb 11 10:16:58 2017: :PiratesStart: getDriverRenderer GeForce GTX 1060 3GB/PCIe/SSE2
Sat Feb 11 10:16:58 2017: :PiratesStart: getDriverVersion 4.5.0 NVIDIA 376.53
Sat Feb 11 10:16:58 2017: serverVersion:  tlopo-beta-v1.3.8
Sat Feb 11 10:16:59 2017: Initializing quest ladders...
Sat Feb 11 10:17:33 2017: Cannot configure initialisation option "scale" for DirectFrame
Sat Feb 11 10:17:35 2017: setActiveQuest: tt.2recoverTeeth
s/BriosoPro_chipped_outline.bam
:prc(warning): changing type for ConfigVariable compressed-textures from bool to int.
:text: Loading font /c/Program Files (x86)/TLOPO/resources/phase_2/models/fonts/BardiT.bam
:display: Created output of type ParasiteBuffer
:text: Loading font /c/Program Files (x86)/TLOPO/resources/phase_2/models/fonts/BriosoPro_chipped.bam
:text(warning): Creating default TextProperties for name 'purple'
:text(warning): Creating default TextProperties for name 'orange'
:text(warning): Creating default TextProperties for name 'maroon'
:text(warning): Creating default TextProperties for name 'lightGold'
:downloader: [1FEDA81C] begin CONNECT [ s://gs-1.piratesonline.co:7969 ]
:display: Created output of type ParasiteBuffer
:downloader: [1FEDA81C] Could not establish SSL handshake with gs-1.piratesonline.co:7969
:downloader: [1F691F0C] begin CONNECT [ s://gs-1.piratesonline.co:7969 ]
Assertion failed: !is_empty() at line 1838 of c:\nirai\panda3d\panda\src\pgraph\nodePath.I
:downloader: Server certificate is pre-approved.
:downloader: [1F691F0C] Self-signed certificate from gs-1.piratesonline.co:7969
:prc(warning): changing type for ConfigVariable want-avatar-shadows from int to bool.
:prc(warning): changing type for ConfigVariable want-shaders from int to bool.
:prc(warning): changing type for ConfigVariable want-water-reflection from int to bool.
:text: Loading font /c/Program Files (x86)/TLOPO/resources/phase_2/models/fonts/BriosoPro_bold_outline.bam
:display: Created output of type ParasiteBuffer
Assertion failed: !is_empty() at line 1838 of c:\nirai\panda3d\panda\src\pgraph\nodePath.I
:text: Loading font /c/Program Files (x86)/TLOPO/resources/phase_2/models/fonts/BardiT_outline.bam
:display: Created output of type ParasiteBuffer
:text(warning): Unknown TextGraphic: badge-0-0
:text(warning): Unknown TextGraphic: badge-0-0
:text(warning): Unknown TextGraphic: badge-0-0
:display: Created output of type ParasiteBuffer
:display: Created output of type ParasiteBuffer
:display: Created output of type ParasiteBuffer
:display: Created output of type ParasiteBuffer
:display: Created output of type ParasiteBuffer
:display: Created output of type ParasiteBuffer
:display: Created output of type ParasiteBuffer
:display: Created output of type ParasiteBuffer
:display: Created output of type ParasiteBuffer
:display: Created output of type ParasiteBuffer
:display: Created output of type ParasiteBuffer
:display: Created output of type ParasiteBuffer
:display: Created output of type ParasiteBuffer
:display: Created output of type ParasiteBuffer
:display: Created output of type ParasiteBuffer
:display: Created output of type ParasiteBuffer
:display: Created output of type ParasiteBuffer
:display: Created output of type ParasiteBuffer
:display: Created output of type ParasiteBuffer
:display: Created output of type ParasiteBuffer
:display: Created output of type ParasiteBuffer
:display: Created output of type ParasiteBuffer
:display: Created output of type ParasiteBuffer
:display: Created output of type ParasiteBuffer
:display: Created output of type ParasiteBuffer
:display: Created output of type ParasiteBuffer
:display: Created output of type ParasiteBuffer
:display: Created output of type ParasiteBuffer
:display: Created output of type ParasiteBuffer
:display: Created output of type ParasiteBuffer
:display: Created output of type ParasiteBuffer
:display: Created output of type ParasiteBuffer
:display: Created output of type ParasiteBuffer
:display: Created output of type ParasiteBuffer
:display: Created output of type ParasiteBuffer
:display: Created output of type ParasiteBuffer
:display: Created output of type ParasiteBuffer
:display: Created output of type ParasiteBuffer
:display: Created output of type ParasiteBuffer
:display: Created output of type ParasiteBuffer
:display: Created output of type ParasiteBuffer
:display: Created output of type ParasiteBuffer
:display: Created output of type ParasiteBuffer
:display: Created output of type ParasiteBuffer
:display: Created output of type ParasiteBuffer
:display:windisplay: begin QueryPerformanceFrequency
:display:windisplay: QueryPerformanceFrequency: 14318180
:display:windisplay: CPU frequency: 3917810071
:display:windisplay: start CPU ID
:display:windisplay: end CPU ID
:display:windisplay: 3 CPU cores, with 6 logical processors.
:text(warning): Unknown TextGraphic: badge-0-0
:text(warning): Unknown TextGraphic: badge-0-0
:text(warning): Unknown TextGraphic: badge-0-0
:text(warning): Unknown TextGraphic: badge-0-0
:text(warning): Unknown TextGraphic: badge-0-0
:text(warning): Unknown TextGraphic: badge-0-0
:text(warning): Unknown TextGraphic: badge-0-0
:text(warning): Unknown TextGraphic: badge-0-0
:text(warning): Unknown TextGraphic: badge-0-0
:text(warning): Unknown TextGraphic: badge-0-0
:display: Created output of type ParasiteBuffer
:display:gsg:glgsg: reloading texture rooster with mipmaps
:text(warning): Unknown TextGraphic: badge-0-0
:display:gsg:glgsg: reloading texture effectHoleD with mipmaps
:display:gsg:glgsg: reloading texture effectRedShockwave with mipmaps
:display:gsg:glgsg: reloading texture effectHoleD with mipmaps
:display:gsg:glgsg: reloading texture effectHoleD with mipmaps
:display:gsg:glgsg: reloading texture effectHoleD with mipmaps
:display:gsg:glgsg: reloading texture effectRedShockwave with mipmaps
:display:gsg:glgsg: reloading texture effectHoleD with mipmaps
:display:gsg:glgsg: reloading texture effectHoleD with mipmaps
:display:gsg:glgsg: reloading texture particleSmoke with mipmaps
:display:gsg:glgsg: reloading texture particleRockShower with mipmaps
:display:gsg:glgsg: reloading texture particleRockShower with mipmaps
:display:gsg:glgsg: reloading texture particleSmoke with mipmaps
:display:gsg:glgsg: reloading texture female_face_dark_a with mipmaps
:display:gsg:glgsg: reloading texture pirate_female_palette_1lmla_1 with mipmaps
:display:gsg:glgsg: reloading texture pirate_female_palette_4amla_1 with mipmaps
:display:gsg:glgsg: reloading texture FP_mi_body_cauc with mipmaps
:display:gsg:glgsg: reloading texture FP_pant_skirt_slip with mipmaps
:display:gsg:glgsg: reloading texture FP_corset_low_ribs with mipmaps
:display:gsg:glgsg: reloading texture FP_belt_sash_goldbuckle with mipmaps
:display:gsg:glgsg: reloading texture female_face_cauc_a with mipmaps
:display:gsg:glgsg: reloading texture pirate_female_palette_2tmla_1 with mipmaps
:display:gsg:glgsg: reloading texture tattoo_face_color_mothersday_flower_lg with mipmaps
:display:gsg:glgsg: reloading texture tattoo_chest_mono_skullcrossbones with mipmaps
:display:gsg:glgsg: reloading texture tattoo_arm_mono_hawaiian with mipmaps
:display:gsg:glgsg: reloading texture tattoo_arm_mono_hawaiian with mipmaps
:display:gsg:glgsg: reloading texture tattoo_chest_mono_skullcrossbones with mipmaps
:display:gsg:glgsg: reloading texture tattoo_arm_mono_hawaiian with mipmaps
:display:gsg:glgsg: reloading texture tattoo_arm_mono_hawaiian with mipmaps
:display:gsg:glgsg: reloading texture tattoo_chest_mono_skullcrossbones with mipmaps
:display:gsg:glgsg: reloading texture pirate_female_palette_3cmla_1 with mipmaps
:display:gsg:glgsg: reloading texture pirate_female_palette_3cmla_1 with mipmaps
:display:gsg:glgsg: reloading texture pirate_female_palette_3cmla_1 with mipmaps
:display:gsg:glgsg: reloading texture pirate_female_palette_3cmla_1 with mipmaps
:display:gsg:glgsg: reloading texture pirate_female_palette_3cmla_1 with mipmaps
:display:gsg:glgsg: reloading texture pirate_female_palette_3cmla_1 with mipmaps
:display:gsg:glgsg: reloading texture pirate_female_palette_3cmla_1 with mipmaps
:display:gsg:glgsg: reloading texture pirate_female_palette_3cmla_1 with mipmaps
:display:gsg:glgsg: reloading texture pirate_female_palette_3cmla_1 with mipmaps
:display:gsg:glgsg: reloading texture pirate_female_palette_3cmla_1 with mipmaps
Assertion failed: !is_empty() at line 1838 of c:\nirai\panda3d\panda\src\pgraph\nodePath.I
:text(warning): Unknown TextGraphic: badge-0-0
:display: Created output of type ParasiteBuffer
:display:gsg:glgsg: reloading texture PM_shirt_tanktop_sweatstained with mipmaps
:display:gsg:glgsg: reloading texture PM_shoe_tall_boots_TanWithFlap with mipmaps
:display:gsg:glgsg: reloading texture PM_shirt_tanktop_sweatstained with mipmaps
:display:gsg:glgsg: reloading texture PM_shirt_tanktop_sweatstained with mipmaps
:display:gsg:glgsg: reloading texture PM_pant_long_pants_untucked_onetone with mipmaps
:display:gsg:glgsg: reloading texture PM_pant_long_pants_tucked_LeatherGoldButtons with mipmaps
:display:gsg:glgsg: reloading texture PM_shoe_eitc_boots_assassin with mipmaps
:display:gsg:glgsg: reloading texture PM_shirt_tanktop_sweatstained with mipmaps
:display:gsg:glgsg: reloading texture PM_shoe_tall_boots_TanWithFlap with mipmaps
:display:gsg:glgsg: reloading texture PM_shirt_tanktop_sweatstained with mipmaps
:display:gsg:glgsg: reloading texture PM_shirt_tanktop_sweatstained with mipmaps
:display:gsg:glgsg: reloading texture PM_pant_long_pants_untucked_onetone with mipmaps
:display:gsg:glgsg: reloading texture PM_shirt_shared_cloth_plain2 with mipmaps
:display:gsg:glgsg: reloading texture PM_vest_long_closed_intermediate_outfit with mipmaps
:display:gsg:glgsg: reloading texture PM_belt_buckle_ovalgold_01 with mipmaps
:display:gsg:glgsg: reloading texture PM_coat_long_fabric_leatherbelt with mipmaps
:display:gsg:glgsg: reloading texture PM_belt_strap_brownleather_01 with mipmaps
:display:gsg:glgsg: reloading texture hat_barossa_style_hat_brown_purple_feather with mipmaps
:display:gsg:glgsg: reloading texture hat_barossa_style_hat_brown_purple_feather_feather with mipmaps
:display:gsg:glgsg: reloading texture PM_pant_long_pants_tucked_LeatherGoldButtons with mipmaps
:display:gsg:glgsg: reloading texture PM_shoe_eitc_boots_assassin with mipmaps
:display:gsg:glgsg: reloading texture PM_shirt_tanktop_sweatstained with mipmaps
:display:gsg:glgsg: reloading texture PM_shoe_tall_boots_TanWithFlap with mipmaps
:display:gsg:glgsg: reloading texture PM_shirt_tanktop_sweatstained with mipmaps
:display:gsg:glgsg: reloading texture PM_shirt_tanktop_sweatstained with mipmaps
:display:gsg:glgsg: reloading texture PM_pant_long_pants_untucked_onetone with mipmaps
:display:gsg:glgsg: reloading texture PM_shirt_shared_cloth_plain2 with mipmaps
:display:gsg:glgsg: reloading texture PM_vest_long_closed_intermediate_outfit with mipmaps
:display:gsg:glgsg: reloading texture PM_belt_buckle_ovalgold_01 with mipmaps
:display:gsg:glgsg: reloading texture PM_coat_long_fabric_leatherbelt with mipmaps
:display:gsg:glgsg: reloading texture PM_belt_strap_brownleather_01 with mipmaps
:display:gsg:glgsg: reloading texture hat_barossa_style_hat_brown_purple_feather with mipmaps
:display:gsg:glgsg: reloading texture PM_pant_long_pants_tucked_leathergoldbuttons_nopatch with mipmaps
:display:gsg:glgsg: reloading texture PM_shoe_tall_boots_TanWithFlap with mipmaps
:display:gsg:glgsg: reloading texture PM_shirt_shared_cloth_browncollar with mipmaps
:display:gsg:glgsg: reloading texture PM_vest_long_closed_yellowgreen_stripes with mipmaps
:display:gsg:glgsg: reloading texture PM_coat_long_afro with mipmaps
:display:gsg:glgsg: reloading texture hat_bandanna_full_blue_patches with mipmaps
:display:gsg:glgsg: reloading texture hat_barossa_style_hat_brown_purple_feather_feather with mipmaps
:display: Created output of type ParasiteBuffer
:display: Created output of type ParasiteBuffer
:display: Created output of type ParasiteBuffer
:display: Created output of type ParasiteBuffer
:display: Created output of type ParasiteBuffer
:display: Created output of type ParasiteBuffer
:display: Created output of type ParasiteBuffer
:display: Created output of type ParasiteBuffer
:display: Created output of type ParasiteBuffer
:display: Created output of type ParasiteBuffer
:display: Created output of type ParasiteBuffer
:display: Created output of type ParasiteBuffer
:display: Created output of type ParasiteBuffer
:display: Created output of type ParasiteBuffer
:display: Created output of type ParasiteBuffer
:display: Created output of type ParasiteBuffer
Assertion failed: !is_empty() at line 1838 of c:\nirai\panda3d\panda\src\pgraph\nodePath.I
:display: Created output of type ParasiteBuffer
:text(warning): Unknown TextGraphic: badge-0-0
:text(warning): Unknown TextGraphic: badge-0-0
:text(warning): Unknown TextGraphic: badge-0-0
:text(warning): Unknown TextGraphic: badge-0-0
:text(warning): Unknown TextGraphic: badge-0-0
:text(warning): Unknown TextGraphic: badge-0-0
:text(warning): Unknown TextGraphic: badge-0-0
:text(warning): Unknown TextGraphic: badge-0-0
:text(warning): Unknown TextGraphic: badge-0-0
:text(warning): Unknown TextGraphic: badge-0-0
:text(warning): Unknown TextGraphic: badge-0-0
:text(warning): Unknown TextGraphic: badge-0-0
:text(warning): Unknown TextGraphic: badge-0-0
:display: Created output of type ParasiteBuffer
:display:gsg:glgsg: reloading texture FP_pant_skirt_layered with mipmaps
:display:gsg:glgsg: reloading texture FP_gypsy_dress_b with mipmaps
:display:gsg:glgsg: reloading texture PM_belt_strap_square_silver_blueleather with mipmaps
:display:gsg:glgsg: reloading texture PM_belt_buckle_square_silver_blueleather with mipmaps
:display:gsg:glgsg: reloading texture PM_coat_long_braids_embroidery with mipmaps
:display:gsg:glgsg: reloading texture PM_shoe_tall_boots_brown_laces with mipmaps
:display:gsg:glgsg: reloading texture hat_beanie_plain with mipmaps
Assertion failed: !is_empty() at line 1838 of c:\nirai\panda3d\panda\src\pgraph\nodePath.I
:audio(error): Cannot open file: audio/sfx_fire_loop.ogg
:audio(error): Could not open audio audio/sfx_fire_loop.ogg
:audio(error): Cannot open file: audio/sfx_fire_loop.ogg
:audio(error): Could not open audio audio/sfx_fire_loop.ogg
:audio(error): Cannot open file: audio/sfx_fire_loop.ogg
:audio(error): Could not open audio audio/sfx_fire_loop.ogg
:audio(error): Cannot open file: audio/sfx_fire_loop.ogg
:audio(error): Could not open audio audio/sfx_fire_loop.ogg
:audio(error): Cannot open file: audio/sfx_fire_loop.ogg
:audio(error): Could not open audio audio/sfx_fire_loop.ogg
:audio(error): Cannot open file: audio/sfx_fire_loop.ogg
:audio(error): Could not open audio audio/sfx_fire_loop.ogg
:audio(error): Cannot open file: audio/sfx_fire_loop.ogg
:audio(error): Could not open audio audio/sfx_fire_loop.ogg
:audio(error): Cannot open file: audio/sfx_fire_loop.ogg
:audio(error): Could not open audio audio/sfx_fire_loop.ogg
:audio(error): Cannot open file: audio/sfx_fire_loop.ogg
:audio(error): Could not open audio audio/sfx_fire_loop.ogg
:audio(error): Cannot open file: audio/sfx_fire_loop.ogg
:audio(error): Could not open audio audio/sfx_fire_loop.ogg
:audio(error): Cannot open file: audio/sfx_fire_loop.ogg
:audio(error): Could not open audio audio/sfx_fire_loop.ogg
:audio(error): Cannot open file: audio/sfx_fire_loop.ogg
:audio(error): Could not open audio audio/sfx_fire_loop.ogg
:audio(error): Cannot open file: audio/sfx_fire_loop.ogg
:audio(error): Could not open audio audio/sfx_fire_loop.ogg
:audio(error): Cannot open file: audio/sfx_fire_loop.ogg
:audio(error): Could not open audio audio/sfx_fire_loop.ogg
:audio(error): Cannot open file: audio/sfx_fire_loop.ogg
:audio(error): Could not open audio audio/sfx_fire_loop.ogg
:audio(error): Cannot open file: audio/sfx_fire_loop.ogg
:audio(error): Could not open audio audio/sfx_fire_loop.ogg
:audio(error): Cannot open file: audio/sfx_fire_loop.ogg
:audio(error): Could not open audio audio/sfx_fire_loop.ogg
:audio(error): Cannot open file: audio/sfx_fire_loop.ogg
:audio(error): Could not open audio audio/sfx_fire_loop.ogg
:display: Created output of type ParasiteBuffer
:display:gsg:glgsg: reloading texture particleSparkle with mipmaps
:display:gsg:glgsg: reloading texture particleFire2 with mipmaps
:display:gsg:glgsg: reloading texture particleSparkle with mipmaps
:display:gsg:glgsg: reloading texture particleGunSmoke with mipmaps
:display:gsg:glgsg: reloading texture particleGunSmoke with mipmaps
:display:gsg:glgsg: reloading texture hat_eitc with mipmaps
:display:gsg:glgsg: reloading texture PM_eitc with mipmaps
:display:gsg:glgsg: reloading texture hat_eitc with mipmaps
:display:gsg:glgsg: reloading texture PM_eitc with mipmaps
:display:gsg:glgsg: reloading texture PM_eitc with mipmaps
:display:gsg:glgsg: reloading texture hat_eitc with mipmaps
:display:gsg:glgsg: reloading texture hat_eitc with mipmaps
:display:gsg:glgsg: reloading texture PM_eitc with mipmaps
:display:gsg:glgsg: reloading texture PM_eitc with mipmaps
:display:gsg:glgsg: reloading texture hat_eitc with mipmaps
:display:gsg:glgsg: reloading texture hat_eitc with mipmaps
:display:gsg:glgsg: reloading texture PM_eitc with mipmaps
:display:gsg:glgsg: reloading texture hat_eitc with mipmaps
:display:gsg:glgsg: reloading texture PM_eitc with mipmaps
:display:gsg:glgsg: reloading texture PM_eitc with mipmaps
:display:gsg:glgsg: reloading texture hat_eitc with mipmaps
:display:gsg:glgsg: reloading texture hat_eitc with mipmaps
:display:gsg:glgsg: reloading texture PM_eitc with mipmaps
:display:gsg:glgsg: reloading texture PM_eitc with mipmaps
:display:gsg:glgsg: reloading texture hat_eitc with mipmaps
:display:gsg:glgsg: reloading texture hat_eitc with mipmaps
:display:gsg:glgsg: reloading texture PM_eitc with mipmaps
:display:gsg:glgsg: reloading texture PM_eitc with mipmaps
:display:gsg:glgsg: reloading texture hat_eitc with mipmaps
:display:gsg:glgsg: reloading texture hat_eitc with mipmaps
:display:gsg:glgsg: reloading texture PM_eitc with mipmaps
:display:gsg:glgsg: reloading texture PM_eitc with mipmaps
:display:gsg:glgsg: reloading texture hat_eitc with mipmaps
:display:gsg:glgsg: reloading texture PM_belt_sash_bluegold with mipmaps
:display:gsg:glgsg: reloading texture PM_pant_shorts_3buckle with mipmaps
:display:gsg:glgsg: reloading texture pir_t_hnd_swd_cutlass_a with mipmaps
:display:gsg:glgsg: reloading texture weapons_palette_3cmla_1 with mipmaps
:display:gsg:glgsg: reloading texture hand_held_palette_3cmla_1 with mipmaps
:display:gsg:glgsg: reloading texture pir_t_efx_msc_lavaSplash with mipmaps
:display:gsg:glgsg: reloading texture pir_t_hnd_gun_musket_a with mipmaps
:display:gsg:glgsg: reloading texture effectWindBlur with mipmaps
:display:gsg:glgsg: reloading texture effectWindBlur with mipmaps
:display:gsg:glgsg: reloading texture effectWindBlur with mipmaps
:display:gsg:glgsg: reloading texture particleSparkles with mipmaps
:display:gsg:glgsg: reloading texture pir_t_hnd_knf_dirk_a with mipmaps
:display: Created output of type ParasiteBuffer
:display:gsg:glgsg: reloading texture effectShockwave1 with mipmaps
:display:gsg:glgsg: reloading texture swordtrail_lines with mipmaps
:display:gsg:glgsg: reloading texture effectHitSplatA with mipmaps
:display:gsg:glgsg: reloading texture particleGlow with mipmaps
:display:gsg:glgsg: reloading texture effectHitSplatA with mipmaps
:display:gsg:glgsg: reloading texture particleGlow with mipmaps
:display:gsg:glgsg: reloading texture effectHitSplatA with mipmaps
:display:gsg:glgsg: reloading texture props_shop_doctor_palette_3cmla_1 with mipmaps
:display:gsg:glgsg: reloading texture effectFlashRays with mipmaps
:display: Created output of type ParasiteBuffer
Assertion failed: !is_empty() at line 1838 of c:\nirai\panda3d\panda\src\pgraph\nodePath.I
