Wed Feb 08 11:12:50 2017: TLOPO_GAMESERVER = gs-3.piratesonline.co
Wed Feb 08 11:12:50 2017: TLOPO_PLAYCOOKIE = 26e69557abb0b70e81518516ab95d4b8
Wed Feb 08 11:12:50 2017: PLocalizer: Running in language: English
Wed Feb 08 11:12:50 2017: PiratesStart: Starting the game.
Wed Feb 08 11:12:55 2017: :PiratesStart: getDriverVendor NVIDIA Corporation
Wed Feb 08 11:12:55 2017: :PiratesStart: getDriverRenderer GeForce GTX 1060 3GB/PCIe/SSE2
Wed Feb 08 11:12:55 2017: :PiratesStart: getDriverVersion 4.5.0 NVIDIA 375.86
Wed Feb 08 11:12:55 2017: serverVersion:  tlopo-beta-v1.3.7
Wed Feb 08 11:12:56 2017: Initializing quest ladders...
Wed Feb 08 11:15:05 2017: Cannot configure initialisation option "scale" for DirectFrame
Wed Feb 08 11:15:07 2017: setActiveQuest: c3r2r2r10r2r2.1remedy
Wed Feb 08 11:16:53 2017: setActiveQuest: c3r2r2r10r2.3plunderRum
Wed Feb 08 11:16:55 2017: presentQuestReset None
Wed Feb 08 11:26:58 2017: setActiveQuest: c3r2r2r10r3.1visitOrinda
Wed Feb 08 11:27:01 2017: presentQuestReset None
Wed Feb 08 11:30:51 2017: setActiveQuest: c3r2r2r10r3.2captureAltheaNew
Wed Feb 08 11:30:54 2017: presentQuestReset None
Wed Feb 08 11:35:13 2017: setActiveQuest: c3r2r2r10r3.3maroonAlthea
Wed Feb 08 11:35:46 2017: setActiveQuest: c3r2r2r10r3.6deliverBracelet
Wed Feb 08 11:36:42 2017: setActiveQuest: c3r2r2r10r4.1visitLucinda
Wed Feb 08 11:36:44 2017: presentQuestReset None
Wed Feb 08 11:37:45 2017: setActiveQuest: c3r2r2r10r4.1stolenVoodoo
Wed Feb 08 11:37:52 2017: presentQuestReset None
Wed Feb 08 11:54:32 2017: setActiveQuest: c3r2r2r10r4.3recoverRareItem
Wed Feb 08 11:54:34 2017: presentQuestReset None
SL handshake with gs-3.piratesonline.co:7969
:downloader: [11F69A4C] begin CONNECT [ s://gs-3.piratesonline.co:7969 ]
Assertion failed: !is_empty() at line 1838 of c:\nirai\panda3d\panda\src\pgraph\nodePath.I
:downloader: Server certificate is pre-approved.
:downloader: [11F69A4C] Self-signed certificate from gs-3.piratesonline.co:7969
:prc(warning): changing type for ConfigVariable want-avatar-shadows from int to bool.
:prc(warning): changing type for ConfigVariable want-shaders from int to bool.
:prc(warning): changing type for ConfigVariable want-water-reflection from int to bool.
:text: Loading font /c/Program Files (x86)/TLOPO/resources/phase_2/models/fonts/BriosoPro_bold_outline.bam
:display: Created output of type ParasiteBuffer
Assertion failed: !is_empty() at line 1838 of c:\nirai\panda3d\panda\src\pgraph\nodePath.I
:text: Loading font /c/Program Files (x86)/TLOPO/resources/phase_2/models/fonts/BardiT_outline.bam
:display: Created output of type ParasiteBuffer
:text(warning): Unknown TextGraphic: badge-0-0
:text(warning): Unknown TextGraphic: badge-0-0
:text(warning): Unknown TextGraphic: badge-0-0
:display:windisplay: begin QueryPerformanceFrequency
:display:windisplay: QueryPerformanceFrequency: 14318180
:display:windisplay: CPU frequency: 3917808744
:display:windisplay: start CPU ID
:display:windisplay: end CPU ID
:display:windisplay: 3 CPU cores, with 6 logical processors.
:text(warning): Unknown TextGraphic: badge-0-0
:text(warning): Unknown TextGraphic: badge-0-0
:text(warning): Unknown TextGraphic: badge-0-0
:text(warning): Unknown TextGraphic: badge-0-0
:text(warning): Unknown TextGraphic: badge-0-0
:text(warning): Unknown TextGraphic: badge-0-0
:text(warning): Unknown TextGraphic: badge-0-0
:text(warning): Unknown TextGraphic: badge-0-0
:text(warning): Unknown TextGraphic: badge-0-0
:text(warning): Unknown TextGraphic: badge-0-0
:text(warning): Unknown TextGraphic: badge-0-0
:text(warning): Unknown TextGraphic: badge-0-0
:display: Created output of type ParasiteBuffer
:display:gsg:glgsg: reloading texture inventory_palette_3cmla_1 with mipmaps
:display:gsg:glgsg: reloading texture treasure_chest_palette_3cmla_1 with mipmaps
:display:gsg:glgsg: reloading texture chicken with mipmaps
:display:gsg:glgsg: reloading texture alligator_undead with mipmaps
Assertion failed: !is_empty() at line 1838 of c:\nirai\panda3d\panda\src\pgraph\nodePath.I
:display: Created output of type ParasiteBuffer
:display:gsg:glgsg: reloading texture pupilHazel with mipmaps
:display:gsg:glgsg: reloading texture PM_coat_long_cloth_lighttrim with mipmaps
:display:gsg:glgsg: reloading texture pupilHazel with mipmaps
:display:gsg:glgsg: reloading texture PM_coat_long_cloth_lighttrim with mipmaps
:display:gsg:glgsg: reloading texture PM_shirt_nosleeves_ties with mipmaps
:display:gsg:glgsg: reloading texture PM_shirt_nosleeves_ties with mipmaps
:display:gsg:glgsg: reloading texture PM_pant_shorts_1buttonflap with mipmaps
:interval(warning): CInterval::priv_finalize() called for LerpColorScaleInterval-645 in state final.
:interval(warning): CLerpNodePathInterval::priv_step() called for LerpColorScaleInterval-645 in state final.
:interval(warning): CInterval::priv_finalize() called for LerpScaleInterval-644 in state final.
:interval(warning): CLerpNodePathInterval::priv_step() called for LerpScaleInterval-644 in state final.
:interval(warning): CInterval::priv_finalize() called for LerpPosInterval-643 in state final.
:interval(warning): CLerpNodePathInterval::priv_step() called for LerpPosInterval-643 in state final.
:display: Created output of type ParasiteBuffer
Assertion failed: !is_empty() at line 1838 of c:\nirai\panda3d\panda\src\pgraph\nodePath.I
:display: Created output of type ParasiteBuffer
:text(warning): Unknown TextGraphic: badge-0-0
:text(warning): Unknown TextGraphic: badge-0-0
:text(warning): Unknown TextGraphic: badge-0-0
:text(warning): Unknown TextGraphic: badge-0-0
:text(warning): Unknown TextGraphic: badge-0-0
:text(warning): Unknown TextGraphic: badge-0-0
:text(warning): Unknown TextGraphic: badge-0-0
:text(warning): Unknown TextGraphic: badge-0-0
:text(warning): Unknown TextGraphic: badge-0-0
:text(warning): Unknown TextGraphic: badge-0-0
:display:gsg:glgsg: reloading texture PM_pant_apron with mipmaps
:display:gsg:glgsg: reloading texture PM_belt_buckle_oval with mipmaps
:display:gsg:glgsg: reloading texture PM_shirt_apron with mipmaps
:display:gsg:glgsg: reloading texture PM_pant_apron with mipmaps
:display:gsg:glgsg: reloading texture PM_belt_strap_oval with mipmaps
:display:gsg:glgsg: reloading texture hand_held_palette_3cmla_1 with mipmaps
:display:gsg:glgsg: reloading texture PM_belt_strap_zombie with mipmaps
:display:gsg:glgsg: reloading texture PM_shirt_shared_cloth_plain2 with mipmaps
:display:gsg:glgsg: reloading texture PM_shoe_tall_boots_black_furtop with mipmaps
:display:gsg:glgsg: reloading texture PM_belt_buckle_square_zombie with mipmaps
:display:gsg:glgsg: reloading texture PM_coat_short_dark_stringtiesback with mipmaps
:display:gsg:glgsg: reloading texture PM_shirt_shared_cloth_plain2 with mipmaps
:display:gsg:glgsg: reloading texture PM_hat_captain_baron with mipmaps
:display:gsg:glgsg: reloading texture prop_aztec_coin with mipmaps
:display:gsg:glgsg: reloading texture feather with mipmaps
:display:gsg:glgsg: reloading texture tattoo_face_color_eye_01 with mipmaps
:display:gsg:glgsg: reloading texture tattoo_chest_mono_tribal_yakuza with mipmaps
:display:gsg:glgsg: reloading texture tattoo_chest_mono_tribal_yakuza with mipmaps
:loader(error): Couldn't load file models/char/mp_coin_flip_into_look.bam: not found on model path (currently: "resources;resources/phase_6;resources/phase_5;resources/phase_4;resources/phase_3;resources/phase_2;resources;resources/phase_2;resources/phase_3;resources/phase_4;resources/phase_5")
:loader(error): Couldn't load file models/char/mp_coin_flip_into_look.bam: not found on model path (currently: "resources;resources/phase_6;resources/phase_5;resources/phase_4;resources/phase_3;resources/phase_2;resources;resources/phase_2;resources/phase_3;resources/phase_4;resources/phase_5")
:loader(error): Couldn't load file models/char/mp_coin_flip_into_look.bam: not found on model path (currently: "resources;resources/phase_6;resources/phase_5;resources/phase_4;resources/phase_3;resources/phase_2;resources;resources/phase_2;resources/phase_3;resources/phase_4;resources/phase_5")
:display: Created output of type ParasiteBuffer
:display: Created output of type ParasiteBuffer
:display: Created output of type ParasiteBuffer
:display: Created output of type ParasiteBuffer
:display: Created output of type ParasiteBuffer
:display: Created output of type ParasiteBuffer
:display: Created output of type ParasiteBuffer
:display: Created output of type ParasiteBuffer
:display: Created output of type ParasiteBuffer
:display: Created output of type ParasiteBuffer
:display: Created output of type ParasiteBuffer
:display: Created output of type ParasiteBuffer
:display: Created output of type ParasiteBuffer
:display: Created output of type ParasiteBuffer
:display: Created output of type ParasiteBuffer
:display: Created output of type ParasiteBuffer
:display: Created output of type ParasiteBuffer
:display: Created output of type ParasiteBuffer
:display: Created output of type ParasiteBuffer
:display: Created output of type ParasiteBuffer
:display: Created output of type ParasiteBuffer
:display: Created output of type ParasiteBuffer
:display: Created output of type ParasiteBuffer
:display: Created output of type ParasiteBuffer
:display: Created output of type ParasiteBuffer
:display: Created output of type ParasiteBuffer
:display: Created output of type ParasiteBuffer
:display: Created output of type ParasiteBuffer
:display: Created output of type ParasiteBuffer
:display: Created output of type ParasiteBuffer
:display: Created output of type ParasiteBuffer
:loader(error): Couldn't load file models/char/mp_coin_flip_outof_look.bam: not found on model path (currently: "resources;resources/phase_6;resources/phase_5;resources/phase_4;resources/phase_3;resources/phase_2;resources;resources/phase_2;resources/phase_3;resources/phase_4;resources/phase_5")
:loader(error): Couldn't load file models/char/mp_coin_flip_outof_look.bam: not found on model path (currently: "resources;resources/phase_6;resources/phase_5;resources/phase_4;resources/phase_3;resources/phase_2;resources;resources/phase_2;resources/phase_3;resources/phase_4;resources/phase_5")
:loader(error): Couldn't load file models/char/mp_coin_flip_outof_look.bam: not found on model path (currently: "resources;resources/phase_6;resources/phase_5;resources/phase_4;resources/phase_3;resources/phase_2;resources;resources/phase_2;resources/phase_3;resources/phase_4;resources/phase_5")
Assertion failed: !is_empty() at line 1838 of c:\nirai\panda3d\panda\src\pgraph\nodePath.I
:text(warning): Unknown TextGraphic: badge-0-0
:text(warning): Unknown TextGraphic: badge-0-0
:text(warning): Unknown TextGraphic: badge-0-0
:text(warning): Unknown TextGraphic: badge-0-0
:text(warning): Unknown TextGraphic: badge-0-0
:text(warning): Unknown TextGraphic: badge-0-0
:text(warning): Unknown TextGraphic: badge-0-0
:text(warning): Unknown TextGraphic: badge-0-0
:text(warning): Unknown TextGraphic: badge-0-0
:text(warning): Unknown TextGraphic: badge-0-0
:text(warning): Unknown TextGraphic: badge-0-0
:text(warning): Unknown TextGraphic: badge-0-0
:text(warning): Unknown TextGraphic: badge-0-0
:text(warning): Unknown TextGraphic: badge-0-0
:text(warning): Unknown TextGraphic: badge-0-0
:text(warning): Unknown TextGraphic: badge-0-0
:text(warning): Unknown TextGraphic: badge-0-0
:text(warning): Unknown TextGraphic: badge-0-0
:text(warning): Unknown TextGraphic: badge-0-0
:text(warning): Unknown TextGraphic: badge-0-0
:text(warning): Unknown TextGraphic: badge-0-0
:text(warning): Unknown TextGraphic: badge-0-0
:text(warning): Unknown TextGraphic: badge-0-0
:text(warning): Unknown TextGraphic: badge-0-0
:text(warning): Unknown TextGraphic: badge-0-0
:text(warning): Unknown TextGraphic: badge-0-0
:text(warning): Unknown TextGraphic: badge-0-0
:text(warning): Unknown TextGraphic: badge-0-0
:text(warning): Unknown TextGraphic: badge-0-0
:text(warning): Unknown TextGraphic: badge-0-0
:text(warning): Unknown TextGraphic: badge-0-0
:text(warning): Unknown TextGraphic: badge-0-0
:text(warning): Unknown TextGraphic: badge-0-0
:text(warning): Unknown TextGraphic: badge-0-0
:text(warning): Unknown TextGraphic: badge-0-0
:text(warning): Unknown TextGraphic: badge-0-0
:text(warning): Unknown TextGraphic: badge-0-0
:text(warning): Unknown TextGraphic: badge-0-0
:text(warning): Unknown TextGraphic: badge-0-0
:text(warning): Unknown TextGraphic: badge-0-0
:text(warning): Unknown TextGraphic: badge-0-0
:text(warning): Unknown TextGraphic: badge-0-0
:text(warning): Unknown TextGraphic: badge-0-0
:text(warning): Unknown TextGraphic: badge-0-0
:text(warning): Unknown TextGraphic: badge-0-0
:text(warning): Unknown TextGraphic: badge-0-0
:text(warning): Unknown TextGraphic: badge-0-0
:text(warning): Unknown TextGraphic: badge-0-0
:text(warning): Unknown TextGraphic: badge-0-0
:text(warning): Unknown TextGraphic: badge-0-0
:display: Created output of type ParasiteBuffer
:display:gsg:glgsg: reloading texture particleSmoke with mipmaps
:display:gsg:glgsg: reloading texture particleSmoke with mipmaps
:display:gsg:glgsg: reloading texture ship_arms_props_palette_3cmla_1 with mipmaps
:display:gsg:glgsg: reloading texture particleSpark with mipmaps
:display:gsg:glgsg: reloading texture ship_arms_props_palette_3cmla_1 with mipmaps
:display:gsg:glgsg: reloading texture particleSpark with mipmaps
:display:gsg:glgsg: reloading texture effects2_palette_3cmla_1 with mipmaps
:display:gsg:glgsg: reloading texture effects2_palette_3cmla_1 with mipmaps
:display:gsg:glgsg: reloading texture particleSplash with mipmaps
:display:gsg:glgsg: reloading texture particleSplash with mipmaps
:display:gsg:glgsg: reloading texture particleFire2 with mipmaps
:display:gsg:glgsg: reloading texture particleFire2 with mipmaps
:display:gsg:glgsg: reloading texture ship_arms_props_palette_4amla_1 with mipmaps
:display:gsg:glgsg: reloading texture swoosh with mipmaps
:display:gsg:glgsg: reloading texture ship_arms_props_palette_4amla_1 with mipmaps
:display:gsg:glgsg: reloading texture swoosh with mipmaps
:display:gsg:glgsg: reloading texture water_ripple3 with mipmaps
:display:gsg:glgsg: reloading texture water_ripple3 with mipmaps
:text(warning): Unknown TextGraphic: badge-0-0
:text(warning): Unknown TextGraphic: badge-0-0
:interval(warning): CLerpNodePathInterval::priv_initialize() called for LerpColorScaleInterval-1850 in state started.
:interval(warning): CLerpNodePathInterval::priv_step() called for LerpColorScaleInterval-1850 in state final.
:text(warning): Unknown TextGraphic: badge-0-0
:text(warning): Unknown TextGraphic: badge-0-0
:text(warning): Unknown TextGraphic: badge-0-0
:text(warning): Unknown TextGraphic: badge-0-0
:text(warning): Unknown TextGraphic: badge-0-0
:text(warning): Unknown TextGraphic: badge-0-0
:text(warning): Unknown TextGraphic: badge-0-0
:text(warning): Unknown TextGraphic: badge-0-0
:text(warning): Unknown TextGraphic: badge-0-0
:text(warning): Unknown TextGraphic: badge-0-0
:text(warning): Unknown TextGraphic: badge-0-0
:text(warning): Unknown TextGraphic: badge-0-0
:text(warning): Unknown TextGraphic: badge-0-0
:text(warning): Unknown TextGraphic: badge-0-0
:text(warning): Unknown TextGraphic: badge-0-0
:text(warning): Unknown TextGraphic: badge-0-0
:text(warning): Unknown TextGraphic: badge-0-0
:text(warning): Unknown TextGraphic: badge-0-0
:text(warning): Unknown TextGraphic: badge-0-0
:text(warning): Unknown TextGraphic: badge-0-0
:text(warning): Unknown TextGraphic: badge-0-0
:text(warning): Unknown TextGraphic: badge-0-0
:text(warning): Unknown TextGraphic: badge-0-0
:text(warning): Unknown TextGraphic: badge-0-0
:text(warning): Unknown TextGraphic: badge-0-0
:text(warning): Unknown TextGraphic: badge-0-0
:text(warning): Unknown TextGraphic: badge-0-0
:text(warning): Unknown TextGraphic: badge-0-0
:interval(warning): CLerpNodePathInterval::priv_initialize() called for LerpColorScaleInterval-2151 in state started.
:interval(warning): CLerpNodePathInterval::priv_step() called for LerpColorScaleInterval-2151 in state final.
:text(warning): Unknown TextGraphic: badge-0-0
:text(warning): Unknown TextGraphic: badge-0-0
:text(warning): Unknown TextGraphic: badge-0-0
:text(warning): Unknown TextGraphic: badge-0-0
:text(warning): Unknown TextGraphic: badge-0-0
:text(warning): Unknown TextGraphic: badge-0-0
:text(warning): Unknown TextGraphic: badge-0-0
:text(warning): Unknown TextGraphic: badge-0-0
:text(warning): Unknown TextGraphic: badge-0-0
:text(warning): Unknown TextGraphic: badge-0-0
:text(warning): Unknown TextGraphic: badge-0-0
:text(warning): Unknown TextGraphic: badge-0-0
:display:gsg:glgsg: reloading texture shadow_merchant with mipmaps
:display:gsg:glgsg: reloading texture effectWindBlur with mipmaps
:display:gsg:glgsg: reloading texture effectWindBlur with mipmaps
:display:gsg:glgsg: reloading texture effectWindBlur with mipmaps
:display:gsg:glgsg: reloading texture effectWindBlur with mipmaps
:display:gsg:glgsg: reloading texture effectWindBlur with mipmaps
:display:gsg:glgsg: reloading texture effectWindBlur with mipmaps
:display:gsg:glgsg: reloading texture effectWindBlur with mipmaps
:text(warning): Unknown TextGraphic: badge-0-0
:text(warning): Unknown TextGraphic: badge-0-0
Assertion failed: !is_empty() at line 1838 of c:\nirai\panda3d\panda\src\pgraph\nodePath.I
:text(warning): Unknown TextGraphic: badge-0-0
:text(warning): Unknown TextGraphic: badge-0-0
:text(warning): Unknown TextGraphic: badge-0-0
:text(warning): Unknown TextGraphic: badge-0-0
:text(warning): Unknown TextGraphic: badge-0-0
:text(warning): Unknown TextGraphic: badge-0-0
:text(warning): Unknown TextGraphic: badge-0-0
:text(warning): Unknown TextGraphic: badge-0-0
:text(warning): Unknown TextGraphic: badge-0-0
:text(warning): Unknown TextGraphic: badge-0-0
:text(warning): Unknown TextGraphic: badge-0-0
:display: Created output of type ParasiteBuffer
:display:gsg:glgsg: reloading texture props_shop_bsmith_palette_3cmla_1 with mipmaps
:display: Created output of type ParasiteBuffer
:display:gsg:glgsg: reloading texture particleVolcanoSmoke with mipmaps
Assertion failed: !is_empty() at line 1838 of c:\nirai\panda3d\panda\src\pgraph\nodePath.I
:display: Created output of type ParasiteBuffer
:interval(warning): CInterval::priv_finalize() called for LerpColorScaleInterval-2814 in state final.
:interval(warning): CLerpNodePathInterval::priv_step() called for LerpColorScaleInterval-2814 in state final.
:interval(warning): CInterval::priv_finalize() called for LerpScaleInterval-2813 in state final.
:interval(warning): CLerpNodePathInterval::priv_step() called for LerpScaleInterval-2813 in state final.
:interval(warning): CInterval::priv_finalize() called for LerpPosInterval-2812 in state final.
:interval(warning): CLerpNodePathInterval::priv_step() called for LerpPosInterval-2812 in state final.
:display: Created output of type ParasiteBuffer
Assertion failed: !is_empty() at line 1838 of c:\nirai\panda3d\panda\src\pgraph\nodePath.I
:display: Created output of type ParasiteBuffer
:text(warning): Unknown TextGraphic: badge-0-0
:text(warning): Unknown TextGraphic: badge-0-0
:text(warning): Unknown TextGraphic: badge-0-0
:text(warning): Unknown TextGraphic: badge-0-0
:text(warning): Unknown TextGraphic: badge-0-0
:display:gsg:glgsg: reloading texture pir_t_hnd_gun_musket_d with mipmaps
:text(warning): Unknown TextGraphic: badge-0-0
:text(warning): Unknown TextGraphic: badge-0-0
:text(warning): Unknown TextGraphic: badge-0-0
:text(warning): Unknown TextGraphic: badge-0-0
:text(warning): Unknown TextGraphic: badge-0-0
:display:gsg:glgsg: reloading texture inventory_palette_3cmla_1 with mipmaps
Assertion failed: !is_empty() at line 1838 of c:\nirai\panda3d\panda\src\pgraph\nodePath.I
:display: Created output of type ParasiteBuffer
:interval(warning): CInterval::priv_finalize() called for LerpPosInterval-3366 in state final.
:interval(warning): CLerpNodePathInterval::priv_step() called for LerpPosInterval-3366 in state final.
:interval(warning): CInterval::priv_finalize() called for LerpColorScaleInterval-3945 in state final.
:interval(warning): CLerpNodePathInterval::priv_step() called for LerpColorScaleInterval-3945 in state final.
:interval(warning): CInterval::priv_finalize() called for LerpScaleInterval-3944 in state final.
:interval(warning): CLerpNodePathInterval::priv_step() called for LerpScaleInterval-3944 in state final.
:interval(warning): CInterval::priv_finalize() called for LerpPosInterval-3943 in state final.
:interval(warning): CLerpNodePathInterval::priv_step() called for LerpPosInterval-3943 in state final.
Assertion failed: !is_empty() at line 1838 of c:\nirai\panda3d\panda\src\pgraph\nodePath.I
:text(warning): Unknown TextGraphic: badge-0-0
:text(warning): Unknown TextGraphic: badge-0-0
:text(warning): Unknown TextGraphic: badge-0-0
:text(warning): Unknown TextGraphic: badge-0-0
:text(warning): Unknown TextGraphic: badge-0-0
:text(warning): Unknown TextGraphic: badge-0-0
:text(warning): Unknown TextGraphic: badge-0-0
:text(warning): Unknown TextGraphic: badge-0-0
:text(warning): Unknown TextGraphic: badge-0-0
:text(warning): Unknown TextGraphic: badge-0-0
:text(warning): Unknown TextGraphic: badge-0-0
:text(warning): Unknown TextGraphic: badge-0-0
:text(warning): Unknown TextGraphic: badge-0-0
:text(warning): Unknown TextGraphic: badge-0-0
:text(warning): Unknown TextGraphic: badge-0-0
:text(warning): Unknown TextGraphic: badge-0-0
:text(warning): Unknown TextGraphic: badge-0-0
:text(warning): Unknown TextGraphic: badge-0-0
:text(warning): Unknown TextGraphic: badge-0-0
:text(warning): Unknown TextGraphic: badge-0-0
:text(warning): Unknown TextGraphic: badge-0-0
:text(warning): Unknown TextGraphic: badge-0-0
:text(warning): Unknown TextGraphic: badge-0-0
:text(warning): Unknown TextGraphic: badge-0-0
:text(warning): Unknown TextGraphic: badge-0-0
:text(warning): Unknown TextGraphic: badge-0-0
:text(warning): Unknown TextGraphic: badge-0-0
:text(warning): Unknown TextGraphic: badge-0-0
:text(warning): Unknown TextGraphic: badge-0-0
:text(warning): Unknown TextGraphic: badge-0-0
:text(warning): Unknown TextGraphic: badge-0-0
:text(warning): Unknown TextGraphic: badge-0-0
:text(warning): Unknown TextGraphic: badge-0-0
:text(warning): Unknown TextGraphic: badge-0-0
:text(warning): Unknown TextGraphic: badge-0-0
:text(warning): Unknown TextGraphic: badge-0-0
:text(warning): Unknown TextGraphic: badge-0-0
:text(warning): Unknown TextGraphic: badge-0-0
:text(warning): Unknown TextGraphic: badge-0-0
:text(warning): Unknown TextGraphic: badge-0-0
:text(warning): Unknown TextGraphic: badge-0-0
:text(warning): Unknown TextGraphic: badge-0-0
:text(warning): Unknown TextGraphic: badge-0-0
:text(warning): Unknown TextGraphic: badge-0-0
:text(warning): Unknown TextGraphic: badge-0-0
:text(warning): Unknown TextGraphic: badge-0-0
:text(warning): Unknown TextGraphic: badge-0-0
:text(warning): Unknown TextGraphic: badge-0-0
:display: Created output of type ParasiteBuffer
:text(warning): Unknown TextGraphic: badge-0-0
:text(warning): Unknown TextGraphic: badge-0-0
:text(warning): Unknown TextGraphic: badge-0-0
:text(warning): Unknown TextGraphic: badge-0-0
:text(warning): Unknown TextGraphic: badge-0-0
:text(warning): Unknown TextGraphic: badge-0-0
:text(warning): Unknown TextGraphic: badge-0-0
:text(warning): Unknown TextGraphic: badge-0-0
:text(warning): Unknown TextGraphic: badge-0-0
:text(warning): Unknown TextGraphic: badge-0-0
:text(warning): Unknown TextGraphic: badge-0-0
:text(warning): Unknown TextGraphic: badge-0-0
:text(warning): Unknown TextGraphic: badge-0-0
:text(warning): Unknown TextGraphic: badge-0-0
:text(warning): Unknown TextGraphic: badge-0-0
:text(warning): Unknown TextGraphic: badge-0-0
:text(warning): Unknown TextGraphic: badge-0-0
:text(warning): Unknown TextGraphic: badge-0-0
:text(warning): Unknown TextGraphic: badge-0-0
:text(warning): Unknown TextGraphic: badge-0-0
:text(warning): Unknown TextGraphic: badge-0-0
:text(warning): Unknown TextGraphic: badge-0-0
:text(warning): Unknown TextGraphic: badge-0-0
:text(warning): Unknown TextGraphic: badge-0-0
:text(warning): Unknown TextGraphic: badge-0-0
:text(warning): Unknown TextGraphic: badge-0-0
:text(warning): Unknown TextGraphic: badge-0-0
:text(warning): Unknown TextGraphic: badge-0-0
:text(warning): Unknown TextGraphic: badge-0-0
:text(warning): Unknown TextGraphic: badge-0-0
:text(warning): Unknown TextGraphic: badge-0-0
:text(warning): Unknown TextGraphic: badge-0-0
:text(warning): Unknown TextGraphic: badge-0-0
:text(warning): Unknown TextGraphic: badge-0-0
:text(warning): Unknown TextGraphic: badge-0-0
:text(warning): Unknown TextGraphic: badge-0-0
:text(warning): Unknown TextGraphic: badge-0-0
:text(warning): Unknown TextGraphic: badge-0-0
:display:gsg:glgsg: reloading texture particleRockShower with mipmaps
:display:gsg:glgsg: reloading texture particleRockShower with mipmaps
:text(warning): Unknown TextGraphic: badge-0-0
:text(warning): Unknown TextGraphic: badge-0-0
:text(warning): Unknown TextGraphic: badge-0-0
:text(warning): Unknown TextGraphic: badge-0-0
:text(warning): Unknown TextGraphic: badge-0-0
:text(warning): Unknown TextGraphic: badge-0-0
:text(warning): Unknown TextGraphic: badge-0-0
:text(warning): Unknown TextGraphic: badge-0-0
:text(warning): Unknown TextGraphic: badge-0-0
:text(warning): Unknown TextGraphic: badge-0-0
:text(warning): Unknown TextGraphic: badge-0-0
:text(warning): Unknown TextGraphic: badge-0-0
:text(warning): Unknown TextGraphic: badge-0-0
:text(warning): Unknown TextGraphic: badge-0-0
:text(warning): Unknown TextGraphic: badge-0-0
:text(warning): Unknown TextGraphic: badge-0-0
:display:gsg:glgsg: reloading texture effectHoleD with mipmaps
:display:gsg:glgsg: reloading texture effectHoleD with mipmaps
:text(warning): Unknown TextGraphic: badge-0-0
:text(warning): Unknown TextGraphic: badge-0-0
:text(warning): Unknown TextGraphic: badge-0-0
:text(warning): Unknown TextGraphic: badge-0-0
:text(warning): Unknown TextGraphic: badge-0-0
:text(warning): Unknown TextGraphic: badge-0-0
:text(warning): Unknown TextGraphic: badge-0-0
:text(warning): Unknown TextGraphic: badge-0-0
:text(warning): Unknown TextGraphic: badge-0-0
:text(warning): Unknown TextGraphic: badge-0-0
:text(warning): Unknown TextGraphic: badge-0-0
:text(warning): Unknown TextGraphic: badge-0-0
:text(warning): Unknown TextGraphic: badge-0-0
:text(warning): Unknown TextGraphic: badge-0-0
:text(warning): Unknown TextGraphic: badge-0-0
:text(warning): Unknown TextGraphic: badge-0-0
:text(warning): Unknown TextGraphic: badge-0-0
:text(warning): Unknown TextGraphic: badge-0-0
:text(warning): Unknown TextGraphic: badge-0-0
:text(warning): Unknown TextGraphic: badge-0-0
:display:gsg:glgsg: reloading texture effectRedShockwave with mipmaps
:display:gsg:glgsg: reloading texture effectRedShockwave with mipmaps
:text(warning): Unknown TextGraphic: badge-0-0
:text(warning): Unknown TextGraphic: badge-0-0
:interval(warning): CLerpNodePathInterval::priv_initialize() called for LerpColorScaleInterval-4579 in state started.
:interval(warning): CLerpNodePathInterval::priv_step() called for LerpColorScaleInterval-4579 in state final.
Assertion failed: !is_empty() at line 1838 of c:\nirai\panda3d\panda\src\pgraph\nodePath.I
:text(warning): Unknown TextGraphic: badge-0-0
:text(warning): Unknown TextGraphic: badge-0-0
:text(warning): Unknown TextGraphic: badge-0-0
:text(warning): Unknown TextGraphic: badge-0-0
:text(warning): Unknown TextGraphic: badge-0-0
:text(warning): Unknown TextGraphic: badge-0-0
:text(warning): Unknown TextGraphic: badge-0-0
:text(warning): Unknown TextGraphic: badge-0-0
:text(warning): Unknown TextGraphic: badge-0-0
:display: Created output of type ParasiteBuffer
:display: Created output of type ParasiteBuffer
:display: Created output of type ParasiteBuffer
:display:gsg:glgsg: reloading texture world_map_base with mipmaps
Assertion failed: !is_empty() at line 1838 of c:\nirai\panda3d\panda\src\pgraph\nodePath.I
:text(warning): Unknown TextGraphic: badge-0-0
:text(warning): Unknown TextGraphic: badge-0-0
:text(warning): Unknown TextGraphic: badge-0-0
:text(warning): Unknown TextGraphic: badge-0-0
:text(warning): Unknown TextGraphic: badge-0-0
:text(warning): Unknown TextGraphic: badge-0-0
:text(warning): Unknown TextGraphic: badge-0-0
:text(warning): Unknown TextGraphic: badge-0-0
:text(warning): Unknown TextGraphic: badge-0-0
:text(warning): Unknown TextGraphic: badge-0-0
:display: Created output of type ParasiteBuffer
:interval(warning): CInterval::priv_finalize() called for LerpColorScaleInterval-4919 in state final.
:interval(warning): CLerpNodePathInterval::priv_step() called for LerpColorScaleInterval-4919 in state final.
:interval(warning): CInterval::priv_finalize() called for LerpScaleInterval-4918 in state final.
:interval(warning): CLerpNodePathInterval::priv_step() called for LerpScaleInterval-4918 in state final.
:interval(warning): CInterval::priv_finalize() called for LerpPosInterval-4917 in state final.
:interval(warning): CLerpNodePathInterval::priv_step() called for LerpPosInterval-4917 in state final.
:display: Created output of type ParasiteBuffer
Assertion failed: !is_empty() at line 1838 of c:\nirai\panda3d\panda\src\pgraph\nodePath.I
:text(warning): Unknown TextGraphic: badge-0-0
:text(warning): Unknown TextGraphic: badge-0-0
:text(warning): Unknown TextGraphic: badge-0-0
:text(warning): Unknown TextGraphic: badge-0-0
:text(warning): Unknown TextGraphic: badge-0-0
:text(warning): Unknown TextGraphic: badge-0-0
:display: Created output of type ParasiteBuffer
:display:gsg:glgsg: reloading texture PM_belt_sash_celticbuckle with mipmaps
:interval(warning): CInterval::priv_finalize() called for LerpColorScaleInterval-5123 in state final.
:interval(warning): CLerpNodePathInterval::priv_step() called for LerpColorScaleInterval-5123 in state final.
:interval(warning): CInterval::priv_finalize() called for LerpScaleInterval-5122 in state final.
:interval(warning): CLerpNodePathInterval::priv_step() called for LerpScaleInterval-5122 in state final.
:interval(warning): CInterval::priv_finalize() called for LerpPosInterval-5121 in state final.
:interval(warning): CLerpNodePathInterval::priv_step() called for LerpPosInterval-5121 in state final.
:display: Created output of type ParasiteBuffer
:display: Created output of type ParasiteBuffer
:display:gsg:glgsg: reloading texture jr_crew_palette_3cmla_1 with mipmaps
:display:gsg:glgsg: reloading texture jr_crew_palette_3cmla_1 with mipmaps
:display:gsg:glgsg: reloading texture jr_crew_palette_3cmla_1 with mipmaps
:display:gsg:glgsg: reloading texture pir_t_hnd_knf_dirk_a with mipmaps
:display:gsg:glgsg: reloading texture jr_crew_palette_3cmla_1 with mipmaps
:display:gsg:glgsg: reloading texture pir_t_hnd_knf_dirk_a with mipmaps
:display:gsg:glgsg: reloading texture jr_crew_palette_3cmla_1 with mipmaps
:display:gsg:glgsg: reloading texture pir_t_hnd_knf_dirk_a with mipmaps
:display:gsg:glgsg: reloading texture jr_crew_palette_3cmla_1 with mipmaps
:display:gsg:glgsg: reloading texture pir_t_hnd_knf_dirk_a with mipmaps
:display:gsg:glgsg: reloading texture jr_crew_palette_3cmla_1 with mipmaps
:display:gsg:glgsg: reloading texture pir_t_hnd_knf_dirk_a with mipmaps
:display:gsg:glgsg: reloading texture jr_crew_palette_3cmla_1 with mipmaps
Assertion failed: !is_empty() at line 1838 of c:\nirai\panda3d\panda\src\pgraph\nodePath.I
:display: Created output of type ParasiteBuffer
:text(warning): Unknown TextGraphic: badge-0-0
:display:gsg:glgsg: reloading texture PM_shirt_tanktop_buttons with mipmaps
:display:gsg:glgsg: reloading texture PM_shirt_tanktop_buttons with mipmaps
:display:gsg:glgsg: reloading texture PM_shirt_tanktop_buttons with mipmaps
:display:gsg:glgsg: reloading texture PM_pant_long_pants_tucked_leather_buttonfront with mipmaps
:display:gsg:glgsg: reloading texture hat_tricorn_black_skull with mipmaps
:display:gsg:glgsg: reloading texture PM_coat_long_french with mipmaps
:display: Created output of type ParasiteBuffer
:display: Created output of type ParasiteBuffer
:display: Created output of type ParasiteBuffer
:display: Created output of type ParasiteBuffer
:display: Created output of type ParasiteBuffer
:display:gsg:glgsg: reloading texture hat_eitc with mipmaps
:display:gsg:glgsg: reloading texture hat_eitc with mipmaps
:display:gsg:glgsg: reloading texture hat_eitc with mipmaps
:display:gsg:glgsg: reloading texture hat_eitc with mipmaps
:display:gsg:glgsg: reloading texture hat_eitc with mipmaps
:display:gsg:glgsg: reloading texture hat_eitc with mipmaps
:display:gsg:glgsg: reloading texture hat_eitc with mipmaps
:display:gsg:glgsg: reloading texture hat_eitc with mipmaps
:display:gsg:glgsg: reloading texture hat_eitc with mipmaps
:display:gsg:glgsg: reloading texture hat_eitc with mipmaps
:display:gsg:glgsg: reloading texture hat_eitc with mipmaps
:display:gsg:glgsg: reloading texture hat_eitc with mipmaps
:display:gsg:glgsg: reloading texture hat_eitc with mipmaps
:display:gsg:glgsg: reloading texture hat_eitc with mipmaps
:display:gsg:glgsg: reloading texture hat_eitc with mipmaps
:display:gsg:glgsg: reloading texture hat_eitc with mipmaps
:display:gsg:glgsg: reloading texture hat_eitc with mipmaps
:display:gsg:glgsg: reloading texture hat_eitc with mipmaps
:display:gsg:glgsg: reloading texture hat_eitc with mipmaps
:display:gsg:glgsg: reloading texture props_furniture_palette_4amla_1 with mipmaps
:text(warning): pop_properties encountered without preceding push_properties.
:text(warning): pop_properties encountered without preceding push_properties.
:text(warning): pop_properties encountered without preceding push_properties.
:text(warning): pop_properties encountered without preceding push_properties.
:display:gsg:glgsg: reloading texture effectVoodooShockwave with mipmaps
:display:gsg:glgsg: reloading texture particleGlow with mipmaps
:display:gsg:glgsg: reloading texture effectHitSplatA with mipmaps
:text(warning): pop_properties encountered without preceding push_properties.
:text(warning): pop_properties encountered without preceding push_properties.
:text(warning): pop_properties encountered without preceding push_properties.
:text(warning): pop_properties encountered without preceding push_properties.
:display:gsg:glgsg: reloading texture particleWasp_1 with mipmaps
:display:gsg:glgsg: reloading texture particleWasp_0 with mipmaps
:display:gsg:glgsg: reloading texture particleWasp_2 with mipmaps
:text(warning): pop_properties encountered without preceding push_properties.
:text(warning): pop_properties encountered without preceding push_properties.
:text(warning): pop_properties encountered without preceding push_properties.
:text(warning): pop_properties encountered without preceding push_properties.
:text(warning): pop_properties encountered without preceding push_properties.
:text(warning): pop_properties encountered without preceding push_properties.
:text(warning): pop_properties encountered without preceding push_properties.
:text(warning): pop_properties encountered without preceding push_properties.
:text(warning): pop_properties encountered without preceding push_properties.
:text(warning): pop_properties encountered without preceding push_properties.
:text(warning): pop_properties encountered without preceding push_properties.
:text(warning): pop_properties encountered without preceding push_properties.
:text(warning): pop_properties encountered without preceding push_properties.
:text(warning): pop_properties encountered without preceding push_properties.
:text(warning): pop_properties encountered without preceding push_properties.
:text(warning): pop_properties encountered without preceding push_properties.
:text(warning): pop_properties encountered without preceding push_properties.
:text(warning): pop_properties encountered without preceding push_properties.
:display: Created output of type ParasiteBuffer
:display: Created output of type ParasiteBuffer
:text(warning): pop_properties encountered without preceding push_properties.
:text(warning): pop_properties encountered without preceding push_properties.
:text(warning): pop_properties encountered without preceding push_properties.
:text(warning): pop_properties encountered without preceding push_properties.
:text(warning): pop_properties encountered without preceding push_properties.
:display:gsg:glgsg: reloading texture swordtrail_lines with mipmaps
:text(warning): pop_properties encountered without preceding push_properties.
:text(warning): pop_properties encountered without preceding push_properties.
:text(warning): pop_properties encountered without preceding push_properties.
:text(warning): pop_properties encountered without preceding push_properties.
:text(warning): pop_properties encountered without preceding push_properties.
:text(warning): pop_properties encountered without preceding push_properties.
:text(warning): pop_properties encountered without preceding push_properties.
:text(warning): pop_properties encountered without preceding push_properties.
:display:gsg:glgsg: reloading texture pir_t_hnd_trs_bag with mipmaps
:text(warning): pop_properties encountered without preceding push_properties.
:text(warning): pop_properties encountered without preceding push_properties.
:text(warning): pop_properties encountered without preceding push_properties.
:text(warning): pop_properties encountered without preceding push_properties.
:text(warning): pop_properties encountered without preceding push_properties.
:text(warning): pop_properties encountered without preceding push_properties.
:text(warning): pop_properties encountered without preceding push_properties.
:text(warning): pop_properties encountered without preceding push_properties.
:text(warning): pop_properties encountered without preceding push_properties.
:display:gsg:glgsg: reloading texture weapons_palette_2tmla_1 with mipmaps
:text(warning): pop_properties encountered without preceding push_properties.
:text(warning): pop_properties encountered without preceding push_properties.
:text(warning): pop_properties encountered without preceding push_properties.
:text(warning): pop_properties encountered without preceding push_properties.
:text(warning): pop_properties encountered without preceding push_properties.
:text(warning): pop_properties encountered without preceding push_properties.
:text(warning): pop_properties encountered without preceding push_properties.
:display:gsg:glgsg: reloading texture effectYellowGlowRing with mipmaps
:display:gsg:glgsg: reloading texture effectSkull with mipmaps
:text(warning): pop_properties encountered without preceding push_properties.
:text(warning): pop_properties encountered without preceding push_properties.
:text(warning): pop_properties encountered without preceding push_properties.
:text(warning): pop_properties encountered without preceding push_properties.
:text(warning): pop_properties encountered without preceding push_properties.
:text(warning): pop_properties encountered without preceding push_properties.
:text(warning): pop_properties encountered without preceding push_properties.
:text(warning): pop_properties encountered without preceding push_properties.
:text(warning): pop_properties encountered without preceding push_properties.
:text(warning): pop_properties encountered without preceding push_properties.
:text(warning): pop_properties encountered without preceding push_properties.
:text(warning): pop_properties encountered without preceding push_properties.
:text(warning): pop_properties encountered without preceding push_properties.
:text(warning): pop_properties encountered without preceding push_properties.
:text(warning): pop_properties encountered without preceding push_properties.
:text(warning): pop_properties encountered without preceding push_properties.
:text(warning): pop_properties encountered without preceding push_properties.
:text(warning): pop_properties encountered without preceding push_properties.
:text(warning): pop_properties encountered without preceding push_properties.
:text(warning): pop_properties encountered without preceding push_properties.
:text(warning): pop_properties encountered without preceding push_properties.
:text(warning): pop_properties encountered without preceding push_properties.
:text(warning): pop_properties encountered without preceding push_properties.
:text(warning): pop_properties encountered without preceding push_properties.
:text(warning): pop_properties encountered without preceding push_properties.
:text(warning): pop_properties encountered without preceding push_properties.
:text(warning): pop_properties encountered without preceding push_properties.
:text(warning): pop_properties encountered without preceding push_properties.
:text(warning): pop_properties encountered without preceding push_properties.
:text(warning): pop_properties encountered without preceding push_properties.
:text(warning): pop_properties encountered without preceding push_properties.
:text(warning): pop_properties encountered without preceding push_properties.
:text(warning): pop_properties encountered without preceding push_properties.
:text(warning): pop_properties encountered without preceding push_properties.
:text(warning): pop_properties encountered without preceding push_properties.
:text(warning): pop_properties encountered without preceding push_properties.
:text(warning): pop_properties encountered without preceding push_properties.
:text(warning): pop_properties encountered without preceding push_properties.
:text(warning): pop_properties encountered without preceding push_properties.
:text(warning): pop_properties encountered without preceding push_properties.
:text(warning): pop_properties encountered without preceding push_properties.
:text(warning): pop_properties encountered without preceding push_properties.
:text(warning): pop_properties encountered without preceding push_properties.
:text(warning): pop_properties encountered without preceding push_properties.
:text(warning): pop_properties encountered without preceding push_properties.
:text(warning): pop_properties encountered without preceding push_properties.
:text(warning): pop_properties encountered without preceding push_properties.
:text(warning): pop_properties encountered without preceding push_properties.
:text(warning): pop_properties encountered without preceding push_properties.
:text(warning): pop_properties encountered without preceding push_properties.
:text(warning): pop_properties encountered without preceding push_properties.
:text(warning): pop_properties encountered without preceding push_properties.
:text(warning): pop_properties encountered without preceding push_properties.
:text(warning): pop_properties encountered without preceding push_properties.
:text(warning): pop_properties encountered without preceding push_properties.
:text(warning): pop_properties encountered without preceding push_properties.
:text(warning): pop_properties encountered without preceding push_properties.
:text(warning): pop_properties encountered without preceding push_properties.
:text(warning): pop_properties encountered without preceding push_properties.
:text(warning): pop_properties encountered without preceding push_properties.
:text(warning): pop_properties encountered without preceding push_properties.
:text(warning): pop_properties encountered without preceding push_properties.
:text(warning): pop_properties encountered without preceding push_properties.
:text(warning): pop_properties encountered without preceding push_properties.
:text(warning): pop_properties encountered without preceding push_properties.
:text(warning): pop_properties encountered without preceding push_properties.
:text(warning): pop_properties encountered without preceding push_properties.
:text(warning): pop_properties encountered without preceding push_properties.
:text(warning): pop_properties encountered without preceding push_properties.
:text(warning): pop_properties encountered without preceding push_properties.
:text(warning): pop_properties encountered without preceding push_properties.
:text(warning): pop_properties encountered without preceding push_properties.
:text(warning): pop_properties encountered without preceding push_properties.
:text(warning): pop_properties encountered without preceding push_properties.
:text(warning): pop_properties encountered without preceding push_properties.
:text(warning): pop_properties encountered without preceding push_properties.
:text(warning): pop_properties encountered without preceding push_properties.
:text(warning): pop_properties encountered without preceding push_properties.
:text(warning): pop_properties encountered without preceding push_properties.
:text(warning): pop_properties encountered without preceding push_properties.
:text(warning): pop_properties encountered without preceding push_properties.
:display: Created output of type ParasiteBuffer
:text(warning): pop_properties encountered without preceding push_properties.
:text(warning): pop_properties encountered without preceding push_properties.
:text(warning): pop_properties encountered without preceding push_properties.
:text(warning): pop_properties encountered without preceding push_properties.
:text(warning): pop_properties encountered without preceding push_properties.
:text(warning): pop_properties encountered without preceding push_properties.
:text(warning): pop_properties encountered without preceding push_properties.
:text(warning): pop_properties encountered without preceding push_properties.
:text(warning): pop_properties encountered without preceding push_properties.
:text(warning): pop_properties encountered without preceding push_properties.
:text(warning): pop_properties encountered without preceding push_properties.
:text(warning): pop_properties encountered without preceding push_properties.
:text(warning): pop_properties encountered without preceding push_properties.
:text(warning): pop_properties encountered without preceding push_properties.
:text(warning): pop_properties encountered without preceding push_properties.
:text(warning): pop_properties encountered without preceding push_properties.
:text(warning): pop_properties encountered without preceding push_properties.
:text(warning): pop_properties encountered without preceding push_properties.
:text(warning): pop_properties encountered without preceding push_properties.
:text(warning): pop_properties encountered without preceding push_properties.
:text(warning): pop_properties encountered without preceding push_properties.
:text(warning): pop_properties encountered without preceding push_properties.
:text(warning): pop_properties encountered without preceding push_properties.
:text(warning): pop_properties encountered without preceding push_properties.
:text(warning): pop_properties encountered without preceding push_properties.
:text(warning): pop_properties encountered without preceding push_properties.
:text(warning): pop_properties encountered without preceding push_properties.
:text(warning): pop_properties encountered without preceding push_properties.
:text(warning): pop_properties encountered without preceding push_properties.
:text(warning): pop_properties encountered without preceding push_properties.
:text(warning): pop_properties encountered without preceding push_properties.
:text(warning): pop_properties encountered without preceding push_properties.
:text(warning): pop_properties encountered without preceding push_properties.
:display:gsg:glgsg: reloading texture pir_t_hnd_swd_broadsword_b with mipmaps
:text(warning): pop_properties encountered without preceding push_properties.
:text(warning): pop_properties encountered without preceding push_properties.
:text(warning): pop_properties encountered without preceding push_properties.
:text(warning): pop_properties encountered without preceding push_properties.
:text(warning): pop_properties encountered without preceding push_properties.
:text(warning): pop_properties encountered without preceding push_properties.
:text(warning): pop_properties encountered without preceding push_properties.
:text(warning): pop_properties encountered without preceding push_properties.
:text(warning): pop_properties encountered without preceding push_properties.
:text(warning): pop_properties encountered without preceding push_properties.
:text(warning): pop_properties encountered without preceding push_properties.
:text(warning): pop_properties encountered without preceding push_properties.
:text(warning): pop_properties encountered without preceding push_properties.
:text(warning): pop_properties encountered without preceding push_properties.
:text(warning): pop_properties encountered without preceding push_properties.
:display: Created output of type ParasiteBuffer
:display: Created output of type ParasiteBuffer
:display: Created output of type ParasiteBuffer
:display: Created output of type ParasiteBuffer
:text(warning): pop_properties encountered without preceding push_properties.
:text(warning): pop_properties encountered without preceding push_properties.
:text(warning): pop_properties encountered without preceding push_properties.
:text(warning): pop_properties encountered without preceding push_properties.
:text(warning): pop_properties encountered without preceding push_properties.
:text(warning): pop_properties encountered without preceding push_properties.
:text(warning): pop_properties encountered without preceding push_properties.
:text(warning): pop_properties encountered without preceding push_properties.
:text(warning): pop_properties encountered without preceding push_properties.
:text(warning): pop_properties encountered without preceding push_properties.
:text(warning): pop_properties encountered without preceding push_properties.
:text(warning): pop_properties encountered without preceding push_properties.
:text(warning): pop_properties encountered without preceding push_properties.
:text(warning): pop_properties encountered without preceding push_properties.
:text(warning): pop_properties encountered without preceding push_properties.
:display:gsg:glgsg: reloading texture clouds_heavy with mipmaps
:display:gsg:glgsg: reloading texture clouds_heavy with mipmaps
:text(warning): pop_properties encountered without preceding push_properties.
:text(warning): pop_properties encountered without preceding push_properties.
:text(warning): pop_properties encountered without preceding push_properties.
:text(warning): pop_properties encountered without preceding push_properties.
:text(warning): pop_properties encountered without preceding push_properties.
:text(warning): pop_properties encountered without preceding push_properties.
:text(warning): pop_properties encountered without preceding push_properties.
:text(warning): pop_properties encountered without preceding push_properties.
:text(warning): pop_properties encountered without preceding push_properties.
:text(warning): pop_properties encountered without preceding push_properties.
:text(warning): pop_properties encountered without preceding push_properties.
:text(warning): pop_properties encountered without preceding push_properties.
:text(warning): pop_properties encountered without preceding push_properties.
:text(warning): pop_properties encountered without preceding push_properties.
:text(warning): pop_properties encountered without preceding push_properties.
:text(warning): pop_properties encountered without preceding push_properties.
:text(warning): pop_properties encountered without preceding push_properties.
:text(warning): pop_properties encountered without preceding push_properties.
:text(warning): pop_properties encountered without preceding push_properties.
:text(warning): pop_properties encountered without preceding push_properties.
:text(warning): pop_properties encountered without preceding push_properties.
:display: Created output of type ParasiteBuffer
:display: Created output of type ParasiteBuffer
:display: Created output of type ParasiteBuffer
:display: Created output of type ParasiteBuffer
:display: Created output of type ParasiteBuffer
:display: Created output of type ParasiteBuffer
:display: Created output of type ParasiteBuffer
:display: Created output of type ParasiteBuffer
:display: Created output of type ParasiteBuffer
:text(warning): pop_properties encountered without preceding push_properties.
:text(warning): pop_properties encountered without preceding push_properties.
:text(warning): pop_properties encountered without preceding push_properties.
:text(warning): pop_properties encountered without preceding push_properties.
:text(warning): pop_properties encountered without preceding push_properties.
:text(warning): pop_properties encountered without preceding push_properties.
:text(warning): pop_properties encountered without preceding push_properties.
:text(warning): pop_properties encountered without preceding push_properties.
:text(warning): pop_properties encountered without preceding push_properties.
:text(warning): pop_properties encountered without preceding push_properties.
:text(warning): pop_properties encountered without preceding push_properties.
:text(warning): pop_properties encountered without preceding push_properties.
:text(warning): pop_properties encountered without preceding push_properties.
:text(warning): pop_properties encountered without preceding push_properties.
:text(warning): pop_properties encountered without preceding push_properties.
:text(warning): pop_properties encountered without preceding push_properties.
:text(warning): pop_properties encountered without preceding push_properties.
:text(warning): pop_properties encountered without preceding push_properties.
:text(warning): pop_properties encountered without preceding push_properties.
:text(warning): pop_properties encountered without preceding push_properties.
:text(warning): pop_properties encountered without preceding push_properties.
:text(warning): pop_properties encountered without preceding push_properties.
:text(warning): pop_properties encountered without preceding push_properties.
:text(warning): pop_properties encountered without preceding push_properties.
:text(warning): pop_properties encountered without preceding push_properties.
:text(warning): pop_properties encountered without preceding push_properties.
:text(warning): pop_properties encountered without preceding push_properties.
:text(warning): pop_properties encountered without preceding push_properties.
:text(warning): pop_properties encountered without preceding push_properties.
:text(warning): pop_properties encountered without preceding push_properties.
:text(warning): pop_properties encountered without preceding push_properties.
:text(warning): pop_properties encountered without preceding push_properties.
:text(warning): pop_properties encountered without preceding push_properties.
:text(warning): pop_properties encountered without preceding push_properties.
:text(warning): pop_properties encountered without preceding push_properties.
:text(warning): pop_properties encountered without preceding push_properties.
:text(warning): pop_properties encountered without preceding push_properties.
:text(warning): pop_properties encountered without preceding push_properties.
:text(warning): pop_properties encountered without preceding push_properties.
:text(warning): pop_properties encountered without preceding push_properties.
:display: Created output of type ParasiteBuffer
:display: Created output of type ParasiteBuffer
:text(warning): pop_properties encountered without preceding push_properties.
:text(warning): pop_properties encountered without preceding push_properties.
:text(warning): pop_properties encountered without preceding push_properties.
:text(warning): pop_properties encountered without preceding push_properties.
:text(warning): pop_properties encountered without preceding push_properties.
:text(warning): pop_properties encountered without preceding push_properties.
:text(warning): pop_properties encountered without preceding push_properties.
:text(warning): pop_properties encountered without preceding push_properties.
:text(warning): pop_properties encountered without preceding push_properties.
:text(warning): pop_properties encountered without preceding push_properties.
:text(warning): pop_properties encountered without preceding push_properties.
:text(warning): pop_properties encountered without preceding push_properties.
:text(warning): pop_properties encountered without preceding push_properties.
:text(warning): pop_properties encountered without preceding push_properties.
:text(warning): pop_properties encountered without preceding push_properties.
:text(warning): pop_properties encountered without preceding push_properties.
:text(warning): pop_properties encountered without preceding push_properties.
:text(warning): pop_properties encountered without preceding push_properties.
:text(warning): pop_properties encountered without preceding push_properties.
:text(warning): pop_properties encountered without preceding push_properties.
:text(warning): pop_properties encountered without preceding push_properties.
Assertion failed: !is_empty() at line 1838 of c:\nirai\panda3d\panda\src\pgraph\nodePath.I
:display: Created output of type ParasiteBuffer
:text(warning): Unknown TextGraphic: badge-0-0
:text(warning): Unknown TextGraphic: badge-0-0
:text(warning): Unknown TextGraphic: badge-0-0
:text(warning): Unknown TextGraphic: badge-0-0
:text(warning): Unknown TextGraphic: badge-0-0
:text(warning): Unknown TextGraphic: badge-0-0
:text(warning): Unknown TextGraphic: badge-0-0
:text(warning): Unknown TextGraphic: badge-0-0
:text(warning): Unknown TextGraphic: badge-0-0
:text(warning): Unknown TextGraphic: badge-0-0
:text(warning): Unknown TextGraphic: badge-0-0
:interval(warning): CInterval::priv_finalize() called for LerpColorScaleInterval-8737 in state final.
:interval(warning): CLerpNodePathInterval::priv_step() called for LerpColorScaleInterval-8737 in state final.
:interval(warning): CInterval::priv_finalize() called for LerpScaleInterval-8736 in state final.
:interval(warning): CLerpNodePathInterval::priv_step() called for LerpScaleInterval-8736 in state final.
:interval(warning): CInterval::priv_finalize() called for LerpPosInterval-8735 in state final.
:interval(warning): CLerpNodePathInterval::priv_step() called for LerpPosInterval-8735 in state final.
:display: Created output of type ParasiteBuffer
Assertion failed: !is_empty() at line 1838 of c:\nirai\panda3d\panda\src\pgraph\nodePath.I
:display: Created output of type ParasiteBuffer
:text(warning): pop_properties encountered without preceding push_properties.
:text(warning): pop_properties encountered without preceding push_properties.
:text(warning): pop_properties encountered without preceding push_properties.
:text(warning): pop_properties encountered without preceding push_properties.
:text(warning): pop_properties encountered without preceding push_properties.
:text(warning): pop_properties encountered without preceding push_properties.
:text(warning): pop_properties encountered without preceding push_properties.
:text(warning): pop_properties encountered without preceding push_properties.
:text(warning): pop_properties encountered without preceding push_properties.
:text(warning): pop_properties encountered without preceding push_properties.
:text(warning): pop_properties encountered without preceding push_properties.
:audio(error): Cannot open file: audio/sfx_scorp_attack_both.ogg
:audio(error): Could not open audio audio/sfx_scorp_attack_both.ogg
:text(warning): pop_properties encountered without preceding push_properties.
:text(warning): pop_properties encountered without preceding push_properties.
:text(warning): pop_properties encountered without preceding push_properties.
:text(warning): pop_properties encountered without preceding push_properties.
:text(warning): pop_properties encountered without preceding push_properties.
:text(warning): pop_properties encountered without preceding push_properties.
:text(warning): pop_properties encountered without preceding push_properties.
:text(warning): pop_properties encountered without preceding push_properties.
:text(warning): pop_properties encountered without preceding push_properties.
:text(warning): pop_properties encountered without preceding push_properties.
:text(warning): pop_properties encountered without preceding push_properties.
:display:gsg:glgsg: reloading texture effectShockwave1 with mipmaps
:text(warning): pop_properties encountered without preceding push_properties.
:text(warning): pop_properties encountered without preceding push_properties.
:text(warning): pop_properties encountered without preceding push_properties.
:text(warning): pop_properties encountered without preceding push_properties.
:text(warning): pop_properties encountered without preceding push_properties.
:text(warning): pop_properties encountered without preceding push_properties.
:text(warning): pop_properties encountered without preceding push_properties.
:text(warning): pop_properties encountered without preceding push_properties.
:text(warning): pop_properties encountered without preceding push_properties.
:text(warning): pop_properties encountered without preceding push_properties.
:text(warning): pop_properties encountered without preceding push_properties.
:text(warning): pop_properties encountered without preceding push_properties.
:text(warning): pop_properties encountered without preceding push_properties.
:text(warning): pop_properties encountered without preceding push_properties.
:text(warning): pop_properties encountered without preceding push_properties.
:text(warning): pop_properties encountered without preceding push_properties.
:text(warning): pop_properties encountered without preceding push_properties.
:text(warning): pop_properties encountered without preceding push_properties.
:text(warning): pop_properties encountered without preceding push_properties.
:text(warning): pop_properties encountered without preceding push_properties.
:text(warning): pop_properties encountered without preceding push_properties.
:text(warning): pop_properties encountered without preceding push_properties.
:display:gsg:glgsg: reloading texture Jolly_skull with mipmaps
:text(warning): pop_properties encountered without preceding push_properties.
:text(warning): pop_properties encountered without preceding push_properties.
:text(warning): pop_properties encountered without preceding push_properties.
:text(warning): pop_properties encountered without preceding push_properties.
:text(warning): pop_properties encountered without preceding push_properties.
:text(warning): pop_properties encountered without preceding push_properties.
:text(warning): pop_properties encountered without preceding push_properties.
:text(warning): pop_properties encountered without preceding push_properties.
:text(warning): pop_properties encountered without preceding push_properties.
:text(warning): pop_properties encountered without preceding push_properties.
:text(warning): pop_properties encountered without preceding push_properties.
:text(warning): pop_properties encountered without preceding push_properties.
:text(warning): pop_properties encountered without preceding push_properties.
:text(warning): pop_properties encountered without preceding push_properties.
:text(warning): pop_properties encountered without preceding push_properties.
:linmath(warning): Tried to invert singular LMatrix3.
:text(warning): pop_properties encountered without preceding push_properties.
:text(warning): pop_properties encountered without preceding push_properties.
:text(warning): pop_properties encountered without preceding push_properties.
:text(warning): pop_properties encountered without preceding push_properties.
:text(warning): pop_properties encountered without preceding push_properties.
:text(warning): pop_properties encountered without preceding push_properties.
:text(warning): pop_properties encountered without preceding push_properties.
:text(warning): pop_properties encountered without preceding push_properties.
:text(warning): pop_properties encountered without preceding push_properties.
:text(warning): pop_properties encountered without preceding push_properties.
:text(warning): pop_properties encountered without preceding push_properties.
:text(warning): pop_properties encountered without preceding push_properties.
:text(warning): pop_properties encountered without preceding push_properties.
:text(warning): pop_properties encountered without preceding push_properties.
:text(warning): pop_properties encountered without preceding push_properties.
:text(warning): pop_properties encountered without preceding push_properties.
:text(warning): pop_properties encountered without preceding push_properties.
:text(warning): pop_properties encountered without preceding push_properties.
:text(warning): pop_properties encountered without preceding push_properties.
:text(warning): pop_properties encountered without preceding push_properties.
:text(warning): pop_properties encountered without preceding push_properties.
:display: Created output of type ParasiteBuffer
:display: Created output of type ParasiteBuffer
:display: Created output of type ParasiteBuffer
:text(warning): pop_properties encountered without preceding push_properties.
:text(warning): pop_properties encountered without preceding push_properties.
:text(warning): pop_properties encountered without preceding push_properties.
:text(warning): pop_properties encountered without preceding push_properties.
:text(warning): pop_properties encountered without preceding push_properties.
:text(warning): pop_properties encountered without preceding push_properties.
:text(warning): pop_properties encountered without preceding push_properties.
:text(warning): pop_properties encountered without preceding push_properties.
:text(warning): pop_properties encountered without preceding push_properties.
:text(warning): pop_properties encountered without preceding push_properties.
:text(warning): pop_properties encountered without preceding push_properties.
:text(warning): pop_properties encountered without preceding push_properties.
:text(warning): pop_properties encountered without preceding push_properties.
:text(warning): pop_properties encountered without preceding push_properties.
:text(warning): pop_properties encountered without preceding push_properties.
:text(warning): pop_properties encountered without preceding push_properties.
:text(warning): pop_properties encountered without preceding push_properties.
:text(warning): pop_properties encountered without preceding push_properties.
:text(warning): pop_properties encountered without preceding push_properties.
:text(warning): pop_properties encountered without preceding push_properties.
:text(warning): pop_properties encountered without preceding push_properties.
:text(warning): pop_properties encountered without preceding push_properties.
:text(warning): pop_properties encountered without preceding push_properties.
:text(warning): pop_properties encountered without preceding push_properties.
:display:gsg:glgsg: reloading texture swordtrail_lines with mipmaps
:display: Created output of type ParasiteBuffer
Assertion failed: !is_empty() at line 1838 of c:\nirai\panda3d\panda\src\pgraph\nodePath.I
:text(warning): Unknown TextGraphic: badge-0-0
:text(warning): Unknown TextGraphic: badge-0-0
:text(warning): Unknown TextGraphic: badge-0-0
:text(warning): Unknown TextGraphic: badge-0-0
:display: Created output of type ParasiteBuffer
:text(warning): Unknown TextGraphic: badge-0-0
Assertion failed: !is_empty() at line 1838 of c:\nirai\panda3d\panda\src\pgraph\nodePath.I
:text(warning): Unknown TextGraphic: badge-0-0
:text(warning): Unknown TextGraphic: badge-0-0
:text(warning): Unknown TextGraphic: badge-0-0
:text(warning): Unknown TextGraphic: badge-0-0
:text(warning): Unknown TextGraphic: badge-0-0
:text(warning): Unknown TextGraphic: badge-0-0
:text(warning): Unknown TextGraphic: badge-0-0
:text(warning): Unknown TextGraphic: badge-0-0
:text(warning): Unknown TextGraphic: badge-0-0
:text(warning): Unknown TextGraphic: badge-0-0
:text(warning): Unknown TextGraphic: badge-0-0
:text(warning): Unknown TextGraphic: badge-0-0
:text(warning): Unknown TextGraphic: badge-0-0
:text(warning): Unknown TextGraphic: badge-0-0
:text(warning): Unknown TextGraphic: badge-0-0
:text(warning): Unknown TextGraphic: badge-0-0
:text(warning): Unknown TextGraphic: badge-0-0
:text(warning): Unknown TextGraphic: badge-0-0
:text(warning): Unknown TextGraphic: badge-0-0
:text(warning): Unknown TextGraphic: badge-0-0
:text(warning): Unknown TextGraphic: badge-0-0
:text(warning): Unknown TextGraphic: badge-0-0
:text(warning): Unknown TextGraphic: badge-0-0
:text(warning): Unknown TextGraphic: badge-0-0
:text(warning): Unknown TextGraphic: badge-0-0
:text(warning): Unknown TextGraphic: badge-0-0
:text(warning): Unknown TextGraphic: badge-0-0
:text(warning): Unknown TextGraphic: badge-0-0
:text(warning): Unknown TextGraphic: badge-0-0
:text(warning): Unknown TextGraphic: badge-0-0
:text(warning): Unknown TextGraphic: badge-0-0
:text(warning): Unknown TextGraphic: badge-0-0
:text(warning): Unknown TextGraphic: badge-0-0
:text(warning): Unknown TextGraphic: badge-0-0
:text(warning): Unknown TextGraphic: badge-0-0
:text(warning): Unknown TextGraphic: badge-0-0
:text(warning): Unknown TextGraphic: badge-0-0
:text(warning): Unknown TextGraphic: badge-0-0
:text(warning): Unknown TextGraphic: badge-0-0
:text(warning): Unknown TextGraphic: badge-0-0
:text(warning): Unknown TextGraphic: badge-0-0
:text(warning): Unknown TextGraphic: badge-0-0
:text(warning): Unknown TextGraphic: badge-0-0
:text(warning): Unknown TextGraphic: badge-0-0
:text(warning): Unknown TextGraphic: badge-0-0
:text(warning): Unknown TextGraphic: badge-0-0
:text(warning): Unknown TextGraphic: badge-0-0
:text(warning): Unknown TextGraphic: badge-0-0
:text(warning): Unknown TextGraphic: badge-0-0
:text(warning): Unknown TextGraphic: badge-0-0
:text(warning): Unknown TextGraphic: badge-0-0
:text(warning): Unknown TextGraphic: badge-0-0
:text(warning): Unknown TextGraphic: badge-0-0
:text(warning): Unknown TextGraphic: badge-0-0
:text(warning): Unknown TextGraphic: badge-0-0
:text(warning): Unknown TextGraphic: badge-0-0
:text(warning): Unknown TextGraphic: badge-0-0
:text(warning): Unknown TextGraphic: badge-0-0
:text(warning): Unknown TextGraphic: badge-0-0
:display: Created output of type ParasiteBuffer
:text(warning): Unknown TextGraphic: badge-0-0
:text(warning): Unknown TextGraphic: badge-0-0
:text(warning): Unknown TextGraphic: badge-0-0
:text(warning): Unknown TextGraphic: badge-0-0
:text(warning): Unknown TextGraphic: badge-0-0
:text(warning): Unknown TextGraphic: badge-0-0
:text(warning): Unknown TextGraphic: badge-0-0
:text(warning): Unknown TextGraphic: badge-0-0
:text(warning): Unknown TextGraphic: badge-0-0
:text(warning): Unknown TextGraphic: badge-0-0
:text(warning): Unknown TextGraphic: badge-0-0
:text(warning): Unknown TextGraphic: badge-0-0
:text(warning): Unknown TextGraphic: badge-0-0
:text(warning): Unknown TextGraphic: badge-0-0
:text(warning): Unknown TextGraphic: badge-0-0
:text(warning): Unknown TextGraphic: badge-0-0
:text(warning): Unknown TextGraphic: badge-0-0
:text(warning): Unknown TextGraphic: badge-0-0
:text(warning): Unknown TextGraphic: badge-0-0
:text(warning): Unknown TextGraphic: badge-0-0
:text(warning): Unknown TextGraphic: badge-0-0
:text(warning): Unknown TextGraphic: badge-0-0
:text(warning): Unknown TextGraphic: badge-0-0
:text(warning): Unknown TextGraphic: badge-0-0
:text(warning): Unknown TextGraphic: badge-0-0
:text(warning): Unknown TextGraphic: badge-0-0
:text(warning): Unknown TextGraphic: badge-0-0
:text(warning): Unknown TextGraphic: badge-0-0
:text(warning): Unknown TextGraphic: badge-0-0
:text(warning): Unknown TextGraphic: badge-0-0
:text(warning): Unknown TextGraphic: badge-0-0
:text(warning): Unknown TextGraphic: badge-0-0
:text(warning): Unknown TextGraphic: badge-0-0
:text(warning): Unknown TextGraphic: badge-0-0
:text(warning): Unknown TextGraphic: badge-0-0
:text(warning): Unknown TextGraphic: badge-0-0
:interval(warning): CLerpNodePathInterval::priv_initialize() called for LerpColorScaleInterval-11572 in state started.
:interval(warning): CLerpNodePathInterval::priv_step() called for LerpColorScaleInterval-11572 in state final.
:text(warning): Unknown TextGraphic: badge-0-0
:text(warning): Unknown TextGraphic: badge-0-0
:text(warning): Unknown TextGraphic: badge-0-0
:text(warning): Unknown TextGraphic: badge-0-0
:text(warning): Unknown TextGraphic: badge-0-0
:text(warning): Unknown TextGraphic: badge-0-0
:interval(warning): CLerpNodePathInterval::priv_initialize() called for LerpColorScaleInterval-11731 in state started.
:interval(warning): CLerpNodePathInterval::priv_step() called for LerpColorScaleInterval-11731 in state final.
:text(warning): Unknown TextGraphic: badge-0-0
:text(warning): Unknown TextGraphic: badge-0-0
:interval(warning): CLerpNodePathInterval::priv_initialize() called for LerpColorScaleInterval-11803 in state started.
:interval(warning): CLerpNodePathInterval::priv_step() called for LerpColorScaleInterval-11803 in state final.
:text(warning): Unknown TextGraphic: badge-0-0
:text(warning): Unknown TextGraphic: badge-0-0
:interval(warning): CLerpNodePathInterval::priv_initialize() called for LerpColorScaleInterval-11970 in state started.
:interval(warning): CLerpNodePathInterval::priv_step() called for LerpColorScaleInterval-11970 in state final.
:text(warning): Unknown TextGraphic: badge-0-0
:text(warning): Unknown TextGraphic: badge-0-0
:interval(warning): CLerpNodePathInterval::priv_initialize() called for LerpColorScaleInterval-12084 in state started.
:interval(warning): CLerpNodePathInterval::priv_step() called for LerpColorScaleInterval-12084 in state final.
:text(warning): Unknown TextGraphic: badge-0-0
:text(warning): Unknown TextGraphic: badge-0-0
:interval(warning): CLerpNodePathInterval::priv_initialize() called for LerpColorScaleInterval-12183 in state started.
:interval(warning): CLerpNodePathInterval::priv_step() called for LerpColorScaleInterval-12183 in state final.
:text(warning): Unknown TextGraphic: badge-0-0
:text(warning): Unknown TextGraphic: badge-0-0
:text(warning): Unknown TextGraphic: badge-0-0
:text(warning): Unknown TextGraphic: badge-0-0
:interval(warning): CLerpNodePathInterval::priv_initialize() called for LerpColorScaleInterval-12239 in state started.
:interval(warning): CLerpNodePathInterval::priv_step() called for LerpColorScaleInterval-12239 in state final.
:text(warning): Unknown TextGraphic: badge-0-0
:text(warning): Unknown TextGraphic: badge-0-0
:interval(warning): CLerpNodePathInterval::priv_initialize() called for LerpColorScaleInterval-12264 in state started.
:interval(warning): CLerpNodePathInterval::priv_step() called for LerpColorScaleInterval-12264 in state final.
:text(warning): Unknown TextGraphic: badge-0-0
:text(warning): Unknown TextGraphic: badge-0-0
:text(warning): Unknown TextGraphic: badge-0-0
:text(warning): Unknown TextGraphic: badge-0-0
:text(warning): Unknown TextGraphic: badge-0-0
:text(warning): Unknown TextGraphic: badge-0-0
:display:gsg:glgsg: reloading texture effectFlareRing with mipmaps
:display:gsg:glgsg: reloading texture effectFlareRing with mipmaps
:text(warning): Unknown TextGraphic: badge-0-0
:text(warning): Unknown TextGraphic: badge-0-0
:display:gsg:glgsg: reloading texture particleWhiteGlow with mipmaps
:display:gsg:glgsg: reloading texture particleWhiteGlow with mipmaps
:interval(warning): CLerpNodePathInterval::priv_initialize() called for LerpColorScaleInterval-12344 in state started.
:interval(warning): CLerpNodePathInterval::priv_step() called for LerpColorScaleInterval-12344 in state final.
:text(warning): Unknown TextGraphic: badge-0-0
:text(warning): Unknown TextGraphic: badge-0-0
:text(warning): Unknown TextGraphic: badge-0-0
:text(warning): Unknown TextGraphic: badge-0-0
:text(warning): Unknown TextGraphic: badge-0-0
:text(warning): Unknown TextGraphic: badge-0-0
:text(warning): Unknown TextGraphic: badge-0-0
:text(warning): Unknown TextGraphic: badge-0-0
:interval(warning): CLerpNodePathInterval::priv_initialize() called for LerpColorScaleInterval-12633 in state started.
:interval(warning): CLerpNodePathInterval::priv_step() called for LerpColorScaleInterval-12633 in state final.
:text(warning): Unknown TextGraphic: badge-0-0
:text(warning): Unknown TextGraphic: badge-0-0
:text(warning): Unknown TextGraphic: badge-0-0
:text(warning): Unknown TextGraphic: badge-0-0
:text(warning): Unknown TextGraphic: badge-0-0
:text(warning): Unknown TextGraphic: badge-0-0
:text(warning): Unknown TextGraphic: badge-0-0
:text(warning): Unknown TextGraphic: badge-0-0
:text(warning): Unknown TextGraphic: badge-0-0
:text(warning): Unknown TextGraphic: badge-0-0
:text(warning): Unknown TextGraphic: badge-0-0
:text(warning): Unknown TextGraphic: badge-0-0
:text(warning): Unknown TextGraphic: badge-0-0
:text(warning): Unknown TextGraphic: badge-0-0
:text(warning): Unknown TextGraphic: badge-0-0
:text(warning): Unknown TextGraphic: badge-0-0
:text(warning): Unknown TextGraphic: badge-0-0
:text(warning): Unknown TextGraphic: badge-0-0
:text(warning): Unknown TextGraphic: badge-0-0
:text(warning): Unknown TextGraphic: badge-0-0
:text(warning): Unknown TextGraphic: badge-0-0
:text(warning): Unknown TextGraphic: badge-0-0
:text(warning): Unknown TextGraphic: badge-0-0
:text(warning): Unknown TextGraphic: badge-0-0
:text(warning): Unknown TextGraphic: badge-0-0
:text(warning): Unknown TextGraphic: badge-0-0
:text(warning): Unknown TextGraphic: badge-0-0
:text(warning): Unknown TextGraphic: badge-0-0
:text(warning): Unknown TextGraphic: badge-0-0
:text(warning): Unknown TextGraphic: badge-0-0
:text(warning): Unknown TextGraphic: badge-0-0
:text(warning): Unknown TextGraphic: badge-0-0
:text(warning): Unknown TextGraphic: badge-0-0
:text(warning): Unknown TextGraphic: badge-0-0
:text(warning): Unknown TextGraphic: badge-0-0
:text(warning): Unknown TextGraphic: badge-0-0
:text(warning): Unknown TextGraphic: badge-0-0
:text(warning): Unknown TextGraphic: badge-0-0
:text(warning): Unknown TextGraphic: badge-0-0
:text(warning): Unknown TextGraphic: badge-0-0
:text(warning): Unknown TextGraphic: badge-0-0
:text(warning): Unknown TextGraphic: badge-0-0
:text(warning): Unknown TextGraphic: badge-0-0
:text(warning): Unknown TextGraphic: badge-0-0
:text(warning): Unknown TextGraphic: badge-0-0
:text(warning): Unknown TextGraphic: badge-0-0
:text(warning): Unknown TextGraphic: badge-0-0
:text(warning): Unknown TextGraphic: badge-0-0
:display:gsg:glgsg: reloading texture FP_pant_short_pants_advanced_outfit with mipmaps
:display:gsg:glgsg: reloading texture FP_belt_strap_ties with mipmaps
:display:gsg:glgsg: reloading texture FP_pant_short_pants_advanced_outfit with mipmaps
:display:gsg:glgsg: reloading texture FP_belt_strap_ties with mipmaps
:display:gsg:glgsg: reloading texture FP_belt_buckle_pattern with mipmaps
:display:gsg:glgsg: reloading texture FP_corset_low_bountyhunter with mipmaps
:display:gsg:glgsg: reloading texture PM_coat_long_braidsandfloralpattern with mipmaps
:display:gsg:glgsg: reloading texture PM_coat_long_braidsandfloralpattern with mipmaps
:text(warning): Unknown TextGraphic: badge-0-0
:text(warning): Unknown TextGraphic: badge-0-0
:interval(warning): CLerpNodePathInterval::priv_initialize() called for LerpColorScaleInterval-13235 in state started.
:interval(warning): CLerpNodePathInterval::priv_step() called for LerpColorScaleInterval-13235 in state final.
:text(warning): Unknown TextGraphic: badge-0-0
:text(warning): Unknown TextGraphic: badge-0-0
:interval(warning): CLerpNodePathInterval::priv_initialize() called for LerpColorScaleInterval-13406 in state started.
:interval(warning): CLerpNodePathInterval::priv_step() called for LerpColorScaleInterval-13406 in state final.
:text(warning): Unknown TextGraphic: badge-0-0
:text(warning): Unknown TextGraphic: badge-0-0
:text(warning): Unknown TextGraphic: badge-0-0
:text(warning): Unknown TextGraphic: badge-0-0
:text(warning): Unknown TextGraphic: badge-0-0
:text(warning): Unknown TextGraphic: badge-0-0
:text(warning): Unknown TextGraphic: badge-0-0
:text(warning): Unknown TextGraphic: badge-0-0
:interval(warning): CLerpNodePathInterval::priv_initialize() called for LerpColorScaleInterval-13643 in state started.
:interval(warning): CLerpNodePathInterval::priv_step() called for LerpColorScaleInterval-13643 in state final.
