Fri Feb 10 20:53:58 2017: TLOPO_GAMESERVER = gs-1.piratesonline.co
Fri Feb 10 20:53:58 2017: TLOPO_PLAYCOOKIE = 61a5a1645fb96da29af13aaf257ac331
Fri Feb 10 20:53:58 2017: PLocalizer: Running in language: English
Fri Feb 10 20:53:58 2017: PiratesStart: Starting the game.
Fri Feb 10 20:54:02 2017: :PiratesStart: getDriverVendor NVIDIA Corporation
Fri Feb 10 20:54:02 2017: :PiratesStart: getDriverRenderer GeForce GTX 1060 3GB/PCIe/SSE2
Fri Feb 10 20:54:02 2017: :PiratesStart: getDriverVersion 4.5.0 NVIDIA 376.53
Fri Feb 10 20:54:02 2017: serverVersion:  tlopo-beta-v1.3.8
Fri Feb 10 20:54:03 2017: Initializing quest ladders...
Fri Feb 10 20:55:22 2017: Traceback (most recent call last):
Fri Feb 10 20:55:22 2017:   File "direct.distributed.ConnectionRepository", line 609, in readerPollUntilEmpty
Fri Feb 10 20:55:22 2017:   File "direct.distributed.ConnectionRepository", line 616, in readerPollOnce
Fri Feb 10 20:55:22 2017:   File "otp.distributed.OTPClientRepository", line 1606, in handleDatagram
Fri Feb 10 20:55:22 2017:   File "otp.distributed.OTPClientRepository", line 1491, in handleMessageType
Fri Feb 10 20:55:22 2017:   File "otp.distributed.OTPClientRepository", line 1761, in handleGenerateWithRequiredOwner
Fri Feb 10 20:55:22 2017:   File "otp.distributed.OTPClientRepository", line 1777, in generateWithRequiredOwner
Fri Feb 10 20:55:22 2017:   File "pirates.quest.DistributedQuestOV", line 20, in __init__
Fri Feb 10 20:55:22 2017:   File "pirates.quest.DistributedQuest", line 64, in __init__
Fri Feb 10 20:55:22 2017: NameError: global name 'localAvatar' is not defined
Fri Feb 10 20:55:22 2017: :TaskManager: TaskManager.destroy()
s://gs-1.piratesonline.co:7969 ]
Assertion failed: !is_empty() at line 1838 of c:\nirai\panda3d\panda\src\pgraph\nodePath.I
:downloader: Server certificate is pre-approved.
:downloader: [1E891144] Self-signed certificate from gs-1.piratesonline.co:7969
:prc(warning): changing type for ConfigVariable want-avatar-shadows from int to bool.
:prc(warning): changing type for ConfigVariable want-shaders from int to bool.
:prc(warning): changing type for ConfigVariable want-water-reflection from int to bool.
:text: Loading font /c/Program Files (x86)/TLOPO/resources/phase_2/models/fonts/BriosoPro_bold_outline.bam
:display: Created output of type ParasiteBuffer
Assertion failed: !is_empty() at line 1838 of c:\nirai\panda3d\panda\src\pgraph\nodePath.I
:task(error): Exception occurred in PythonTask readerPollTask-352877744
