Tue Feb 07 15:29:43 2017: TLOPO_GAMESERVER = gs-3.piratesonline.co
Tue Feb 07 15:29:43 2017: TLOPO_PLAYCOOKIE = aa102f9b7cece464f2dca6964d0f1c45
Tue Feb 07 15:29:43 2017: PLocalizer: Running in language: English
Tue Feb 07 15:29:43 2017: PiratesStart: Starting the game.
Tue Feb 07 15:29:47 2017: :PiratesStart: getDriverVendor NVIDIA Corporation
Tue Feb 07 15:29:47 2017: :PiratesStart: getDriverRenderer GeForce GTX 1060 3GB/PCIe/SSE2
Tue Feb 07 15:29:47 2017: :PiratesStart: getDriverVersion 4.5.0 NVIDIA 375.86
Tue Feb 07 15:29:48 2017: serverVersion:  tlopo-beta-v1.3.7
Tue Feb 07 15:29:49 2017: Initializing quest ladders...
Tue Feb 07 15:30:36 2017: Cannot configure initialisation option "scale" for DirectFrame
Tue Feb 07 15:30:37 2017: setActiveQuest: dd1.recoveriron
Tue Feb 07 15:39:17 2017: setActiveQuest: c3r2r2r8r3.3deliverEggs
Tue Feb 07 15:39:20 2017: presentQuestReset None
Tue Feb 07 15:39:46 2017: setActiveQuest:
Tue Feb 07 15:39:50 2017: setActiveQuest: c3r2r2r8r3.3deliverEggs
Tue Feb 07 15:40:02 2017: setActiveQuest: c3r2r2r8r3.4visitJune
Tue Feb 07 15:40:04 2017: presentQuestReset None
Tue Feb 07 15:40:56 2017: setActiveQuest: dd1.recovercopper
Tue Feb 07 15:41:02 2017: presentQuestReset None
Tue Feb 07 15:41:15 2017: setActiveQuest: c3r2r2r8r3.4visitJune
Tue Feb 07 15:41:48 2017: setActiveQuest: c3r2r2r8r5.1visitLucinda
Tue Feb 07 15:41:50 2017: presentQuestReset None
Tue Feb 07 15:42:32 2017: setActiveQuest: c3r2r2r8r5.1necklaceMaterials
Tue Feb 07 15:42:34 2017: presentQuestReset None
.co:7969 ]
:display: Created output of type ParasiteBuffer
:downloader: [13AA597C] Could not establish SSL handshake with gs-3.piratesonline.co:7969
:downloader: [1F7CE074] begin CONNECT [ s://gs-3.piratesonline.co:7969 ]
Assertion failed: !is_empty() at line 1838 of c:\nirai\panda3d\panda\src\pgraph\nodePath.I
:downloader: Server certificate is pre-approved.
:downloader: [1F7CE074] Self-signed certificate from gs-3.piratesonline.co:7969
:prc(warning): changing type for ConfigVariable want-avatar-shadows from int to bool.
:prc(warning): changing type for ConfigVariable want-shaders from int to bool.
:prc(warning): changing type for ConfigVariable want-water-reflection from int to bool.
:text: Loading font /c/Program Files (x86)/TLOPO/resources/phase_2/models/fonts/BriosoPro_bold_outline.bam
:display: Created output of type ParasiteBuffer
Assertion failed: !is_empty() at line 1838 of c:\nirai\panda3d\panda\src\pgraph\nodePath.I
:text: Loading font /c/Program Files (x86)/TLOPO/resources/phase_2/models/fonts/BardiT_outline.bam
:display: Created output of type ParasiteBuffer
:text(warning): Unknown TextGraphic: badge-0-0
:text(warning): Unknown TextGraphic: badge-0-0
:display:windisplay: begin QueryPerformanceFrequency
:display:windisplay: QueryPerformanceFrequency: 14318180
:display:windisplay: CPU frequency: 3917810171
:display:windisplay: start CPU ID
:display:windisplay: end CPU ID
:display:windisplay: 3 CPU cores, with 6 logical processors.
:text(warning): Unknown TextGraphic: badge-0-0
:text(warning): Unknown TextGraphic: badge-0-0
:display: Created output of type ParasiteBuffer
:display:gsg:glgsg: reloading texture pir_t_hnd_gun_musket_a with mipmaps
:display: Created output of type ParasiteBuffer
:display: Created output of type ParasiteBuffer
:display: Created output of type ParasiteBuffer
:display: Created output of type ParasiteBuffer
:display: Created output of type ParasiteBuffer
:display: Created output of type ParasiteBuffer
:display: Created output of type ParasiteBuffer
:display: Created output of type ParasiteBuffer
:display: Created output of type ParasiteBuffer
:display: Created output of type ParasiteBuffer
:display: Created output of type ParasiteBuffer
:display: Created output of type ParasiteBuffer
:display: Created output of type ParasiteBuffer
:display: Created output of type ParasiteBuffer
:display: Created output of type ParasiteBuffer
:display: Created output of type ParasiteBuffer
:display: Created output of type ParasiteBuffer
:display: Created output of type ParasiteBuffer
:display: Created output of type ParasiteBuffer
:display: Created output of type ParasiteBuffer
:display: Created output of type ParasiteBuffer
Assertion failed: !is_empty() at line 1838 of c:\nirai\panda3d\panda\src\pgraph\nodePath.I
:text(warning): Unknown TextGraphic: badge-0-0
:text(warning): Unknown TextGraphic: badge-0-0
:text(warning): Unknown TextGraphic: badge-0-0
:text(warning): Unknown TextGraphic: badge-0-0
:text(warning): Unknown TextGraphic: badge-0-0
:text(warning): Unknown TextGraphic: badge-0-0
:text(warning): Unknown TextGraphic: badge-0-0
:text(warning): Unknown TextGraphic: badge-0-0
:text(warning): Unknown TextGraphic: badge-0-0
:text(warning): Unknown TextGraphic: badge-0-0
:text(warning): Unknown TextGraphic: badge-0-0
:text(warning): Unknown TextGraphic: badge-0-0
:text(warning): Unknown TextGraphic: badge-0-0
:text(warning): Unknown TextGraphic: badge-0-0
:text(warning): Unknown TextGraphic: badge-0-0
:text(warning): Unknown TextGraphic: badge-0-0
:text(warning): Unknown TextGraphic: badge-0-0
:text(warning): Unknown TextGraphic: badge-0-0
:text(warning): Unknown TextGraphic: badge-0-0
:text(warning): Unknown TextGraphic: badge-0-0
:text(warning): Unknown TextGraphic: badge-0-0
:text(warning): Unknown TextGraphic: badge-0-0
:text(warning): Unknown TextGraphic: badge-0-0
:text(warning): Unknown TextGraphic: badge-0-0
:text(warning): Unknown TextGraphic: badge-0-0
:text(warning): Unknown TextGraphic: badge-0-0
:text(warning): Unknown TextGraphic: badge-0-0
:text(warning): Unknown TextGraphic: badge-0-0
:text(warning): Unknown TextGraphic: badge-0-0
:text(warning): Unknown TextGraphic: badge-0-0
:display: Created output of type ParasiteBuffer
:text(warning): Unknown TextGraphic: badge-0-0
:text(warning): Unknown TextGraphic: badge-0-0
:display:gsg:glgsg: reloading texture particleSmoke with mipmaps
:display:gsg:glgsg: reloading texture particleSmoke with mipmaps
:display:gsg:glgsg: reloading texture particleRockShower with mipmaps
:display:gsg:glgsg: reloading texture particleRockShower with mipmaps
:text(warning): Unknown TextGraphic: badge-0-0
:text(warning): Unknown TextGraphic: badge-0-0
:text(warning): Unknown TextGraphic: badge-0-0
:text(warning): Unknown TextGraphic: badge-0-0
:display:gsg:glgsg: reloading texture effectHoleD with mipmaps
:display:gsg:glgsg: reloading texture effectHoleD with mipmaps
:display:gsg:glgsg: reloading texture ship_arms_props_palette_3cmla_1 with mipmaps
:display:gsg:glgsg: reloading texture particleSpark with mipmaps
:display:gsg:glgsg: reloading texture ship_arms_props_palette_3cmla_1 with mipmaps
:display:gsg:glgsg: reloading texture particleSpark with mipmaps
:display:gsg:glgsg: reloading texture effects2_palette_3cmla_1 with mipmaps
:display:gsg:glgsg: reloading texture effects2_palette_3cmla_1 with mipmaps
:display:gsg:glgsg: reloading texture particleSplash with mipmaps
:display:gsg:glgsg: reloading texture particleSplash with mipmaps
:text(warning): Unknown TextGraphic: badge-0-0
:text(warning): Unknown TextGraphic: badge-0-0
:display:gsg:glgsg: reloading texture particleFire2 with mipmaps
:display:gsg:glgsg: reloading texture particleFire2 with mipmaps
:text(warning): Unknown TextGraphic: badge-0-0
:text(warning): Unknown TextGraphic: badge-0-0
:display:gsg:glgsg: reloading texture water_ripple3 with mipmaps
:display:gsg:glgsg: reloading texture water_ripple3 with mipmaps
:text(warning): Unknown TextGraphic: badge-0-0
:text(warning): Unknown TextGraphic: badge-0-0
:interval(warning): CLerpNodePathInterval::priv_initialize() called for LerpColorScaleInterval-517 in state started.
:interval(warning): CLerpNodePathInterval::priv_step() called for LerpColorScaleInterval-517 in state final.
:text(warning): Unknown TextGraphic: badge-0-0
:text(warning): Unknown TextGraphic: badge-0-0
:interval(warning): CLerpNodePathInterval::priv_initialize() called for LerpColorScaleInterval-585 in state started.
:interval(warning): CLerpNodePathInterval::priv_step() called for LerpColorScaleInterval-585 in state final.
:text(warning): Unknown TextGraphic: badge-0-0
:text(warning): Unknown TextGraphic: badge-0-0
:text(warning): Unknown TextGraphic: badge-0-0
:text(warning): Unknown TextGraphic: badge-0-0
:interval(warning): CLerpNodePathInterval::priv_initialize() called for LerpColorScaleInterval-719 in state started.
:interval(warning): CLerpNodePathInterval::priv_step() called for LerpColorScaleInterval-719 in state final.
:display:gsg:glgsg: reloading texture ship_arms_props_palette_4amla_1 with mipmaps
:display:gsg:glgsg: reloading texture swoosh with mipmaps
:display:gsg:glgsg: reloading texture ship_arms_props_palette_4amla_1 with mipmaps
:display:gsg:glgsg: reloading texture swoosh with mipmaps
:display:gsg:glgsg: reloading texture effectWindBlur with mipmaps
:display:gsg:glgsg: reloading texture effectWindBlur with mipmaps
:display:gsg:glgsg: reloading texture effectWindBlur with mipmaps
:display:gsg:glgsg: reloading texture effectWindBlur with mipmaps
:display:gsg:glgsg: reloading texture effectWindBlur with mipmaps
:display:gsg:glgsg: reloading texture effectWindBlur with mipmaps
:text(warning): Unknown TextGraphic: badge-0-0
:text(warning): Unknown TextGraphic: badge-0-0
:text(warning): Unknown TextGraphic: badge-0-0
:text(warning): Unknown TextGraphic: badge-0-0
:text(warning): Unknown TextGraphic: badge-0-0
:text(warning): Unknown TextGraphic: badge-0-0
:text(warning): Unknown TextGraphic: badge-0-0
:text(warning): Unknown TextGraphic: badge-0-0
:text(warning): Unknown TextGraphic: badge-0-0
:text(warning): Unknown TextGraphic: badge-0-0
:text(warning): Unknown TextGraphic: badge-0-0
:text(warning): Unknown TextGraphic: badge-0-0
:text(warning): Unknown TextGraphic: badge-0-0
:text(warning): Unknown TextGraphic: badge-0-0
:text(warning): Unknown TextGraphic: badge-0-0
:text(warning): Unknown TextGraphic: badge-0-0
:text(warning): Unknown TextGraphic: badge-0-0
:text(warning): Unknown TextGraphic: badge-0-0
:text(warning): Unknown TextGraphic: badge-0-0
:text(warning): Unknown TextGraphic: badge-0-0
:text(warning): Unknown TextGraphic: badge-0-0
:text(warning): Unknown TextGraphic: badge-0-0
:text(warning): Unknown TextGraphic: badge-0-0
:text(warning): Unknown TextGraphic: badge-0-0
:text(warning): Unknown TextGraphic: badge-0-0
:text(warning): Unknown TextGraphic: badge-0-0
:text(warning): Unknown TextGraphic: badge-0-0
:text(warning): Unknown TextGraphic: badge-0-0
:display:gsg:glgsg: reloading texture shadow_warship with mipmaps
:text(warning): Unknown TextGraphic: badge-0-0
:text(warning): Unknown TextGraphic: badge-0-0
:text(warning): Unknown TextGraphic: badge-0-0
:text(warning): Unknown TextGraphic: badge-0-0
:interval(warning): CLerpNodePathInterval::priv_initialize() called for LerpColorScaleInterval-1216 in state started.
:interval(warning): CLerpNodePathInterval::priv_step() called for LerpColorScaleInterval-1216 in state final.
:text(warning): Unknown TextGraphic: badge-0-0
:text(warning): Unknown TextGraphic: badge-0-0
:interval(warning): CLerpNodePathInterval::priv_initialize() called for LerpColorScaleInterval-1260 in state started.
:interval(warning): CLerpNodePathInterval::priv_step() called for LerpColorScaleInterval-1260 in state final.
:interval(warning): CLerpNodePathInterval::priv_initialize() called for LerpColorScaleInterval-1433 in state started.
:interval(warning): CLerpNodePathInterval::priv_step() called for LerpColorScaleInterval-1433 in state final.
:text(warning): Unknown TextGraphic: badge-0-0
:text(warning): Unknown TextGraphic: badge-0-0
:interval(warning): CLerpNodePathInterval::priv_initialize() called for LerpColorScaleInterval-1475 in state started.
:interval(warning): CLerpNodePathInterval::priv_step() called for LerpColorScaleInterval-1475 in state final.
:text(warning): Unknown TextGraphic: badge-0-0
:text(warning): Unknown TextGraphic: badge-0-0
:text(warning): Unknown TextGraphic: badge-0-0
:text(warning): Unknown TextGraphic: badge-0-0
:text(warning): Unknown TextGraphic: badge-0-0
:text(warning): Unknown TextGraphic: badge-0-0
:text(warning): Unknown TextGraphic: badge-0-0
:text(warning): Unknown TextGraphic: badge-0-0
:text(warning): Unknown TextGraphic: badge-0-0
:text(warning): Unknown TextGraphic: badge-0-0
:interval(warning): CLerpNodePathInterval::priv_initialize() called for LerpColorScaleInterval-1641 in state started.
:interval(warning): CLerpNodePathInterval::priv_step() called for LerpColorScaleInterval-1641 in state final.
:text(warning): Unknown TextGraphic: badge-0-0
:text(warning): Unknown TextGraphic: badge-0-0
:text(warning): Unknown TextGraphic: badge-0-0
:text(warning): Unknown TextGraphic: badge-0-0
:text(warning): Unknown TextGraphic: badge-0-0
:text(warning): Unknown TextGraphic: badge-0-0
:interval(warning): CLerpNodePathInterval::priv_initialize() called for LerpColorScaleInterval-1755 in state started.
:interval(warning): CLerpNodePathInterval::priv_step() called for LerpColorScaleInterval-1755 in state final.
:text(warning): Unknown TextGraphic: badge-0-0
:text(warning): Unknown TextGraphic: badge-0-0
:display:gsg:glgsg: reloading texture ships_static_a_palette_3cmla_3_swp_3 with mipmaps
:display:gsg:glgsg: reloading texture StormCloud with mipmaps
:display:gsg:glgsg: reloading texture ships_static_a_palette_3cmla_3_swp_3 with mipmaps
:display:gsg:glgsg: reloading texture StormCloud with mipmaps
:text(warning): Unknown TextGraphic: badge-0-0
:text(warning): Unknown TextGraphic: badge-0-0
:interval(warning): CLerpNodePathInterval::priv_initialize() called for LerpColorScaleInterval-1887 in state started.
:interval(warning): CLerpNodePathInterval::priv_step() called for LerpColorScaleInterval-1887 in state final.
:text(warning): Unknown TextGraphic: badge-0-0
:text(warning): Unknown TextGraphic: badge-0-0
Assertion failed: !is_empty() at line 1838 of c:\nirai\panda3d\panda\src\pgraph\nodePath.I
:text(warning): Unknown TextGraphic: badge-0-0
:interval(warning): CLerpNodePathInterval::priv_initialize() called for LerpColorScaleInterval-2039 in state started.
:interval(warning): CLerpNodePathInterval::priv_step() called for LerpColorScaleInterval-2039 in state final.
:text(warning): Unknown TextGraphic: badge-0-0
:text(warning): Unknown TextGraphic: badge-0-0
:text(warning): Unknown TextGraphic: badge-0-0
:display: Created output of type ParasiteBuffer
:text(warning): Unknown TextGraphic: badge-0-0
:display:gsg:glgsg: reloading texture PM_pant_long_pants_untucked_leather_plain with mipmaps
:display:gsg:glgsg: reloading texture PM_vest_open_clasp with mipmaps
:display:gsg:glgsg: reloading texture PM_pant_long_pants_untucked_leather_plain with mipmaps
:display:gsg:glgsg: reloading texture PM_vest_open_clasp with mipmaps
:display:gsg:glgsg: reloading texture PM_pant_long_pants_untucked_leather_plain with mipmaps
:display:gsg:glgsg: reloading texture PM_vest_open_clasp with mipmaps
:display:gsg:glgsg: reloading texture props_shop_bsmith_palette_3cmla_1 with mipmaps
:display:gsg:glgsg: reloading texture weapons_palette_3cmla_1 with mipmaps
:display:gsg:glgsg: reloading texture hand_held_palette_3cmla_1 with mipmaps
:display:gsg:glgsg: reloading texture particleVolcanoSmoke with mipmaps
:display:gsg:glgsg: reloading texture prop_aztec_coin with mipmaps
:display:gsg:glgsg: reloading texture PM_shirt_shared_cloth_plain2 with mipmaps
:display:gsg:glgsg: reloading texture PM_shirt_shared_cloth_plain2 with mipmaps
:display:gsg:glgsg: reloading texture PM_shirt_shared_cloth_plain2 with mipmaps
:display:gsg:glgsg: reloading texture PM_shirt_shared_cloth_plain2 with mipmaps
:display:gsg:glgsg: reloading texture FP_gypsy_dress_a with mipmaps
:display:gsg:glgsg: reloading texture FP_shoe_short_boots_celticpattern with mipmaps
:display:gsg:glgsg: reloading texture FP_gypsy_dress_a with mipmaps
:display:gsg:glgsg: reloading texture PM_pant_long_pants_tucked_cotton_leathersidepocket with mipmaps
:display:gsg:glgsg: reloading texture PM_shirt_shared_cloth_plain2 with mipmaps
:display:gsg:glgsg: reloading texture PM_shirt_shared_cloth_plain2 with mipmaps
:display:gsg:glgsg: reloading texture FP_gypsy_dress_a with mipmaps
:display:gsg:glgsg: reloading texture FP_shoe_short_boots_celticpattern with mipmaps
:display:gsg:glgsg: reloading texture FP_gypsy_dress_a with mipmaps
Assertion failed: !is_empty() at line 1838 of c:\nirai\panda3d\panda\src\pgraph\nodePath.I
:display: Created output of type ParasiteBuffer
:display:gsg:glgsg: reloading texture FP_bartender_dress_a with mipmaps
:display:gsg:glgsg: reloading texture FP_shirt_short_sleeve_puffy_smFrontLacing with mipmaps
:display:gsg:glgsg: reloading texture FP_vest_lowcut_clothtwobutton with mipmaps
:display:gsg:glgsg: reloading texture FP_shirt_short_sleeve_puffy_smFrontLacing with mipmaps
:display:gsg:glgsg: reloading texture FP_navy_hat with mipmaps
:display:gsg:glgsg: reloading texture FP_hat_dress_feather with mipmaps
:text(warning): pop_properties encountered without preceding push_properties.
:interval(warning): CInterval::priv_finalize() called for LerpColorScaleInterval-2412 in state final.
:interval(warning): CLerpNodePathInterval::priv_step() called for LerpColorScaleInterval-2412 in state final.
:interval(warning): CInterval::priv_finalize() called for LerpScaleInterval-2411 in state final.
:interval(warning): CLerpNodePathInterval::priv_step() called for LerpScaleInterval-2411 in state final.
:interval(warning): CInterval::priv_finalize() called for LerpPosInterval-2410 in state final.
:interval(warning): CLerpNodePathInterval::priv_step() called for LerpPosInterval-2410 in state final.
Assertion failed: !is_empty() at line 1838 of c:\nirai\panda3d\panda\src\pgraph\nodePath.I
:text(warning): pop_properties encountered without preceding push_properties.
:display: Created output of type ParasiteBuffer
:text(warning): Unknown TextGraphic: badge-0-0
:text(warning): Unknown TextGraphic: badge-0-0
:text(warning): pop_properties encountered without preceding push_properties.
:text(warning): pop_properties encountered without preceding push_properties.
:text(warning): pop_properties encountered without preceding push_properties.
:text(warning): pop_properties encountered without preceding push_properties.
:text(warning): pop_properties encountered without preceding push_properties.
:text(warning): pop_properties encountered without preceding push_properties.
:text(warning): pop_properties encountered without preceding push_properties.
Assertion failed: !is_empty() at line 1838 of c:\nirai\panda3d\panda\src\pgraph\nodePath.I
:display: Created output of type ParasiteBuffer
:text(warning): pop_properties encountered without preceding push_properties.
:text(warning): pop_properties encountered without preceding push_properties.
:text(warning): pop_properties encountered without preceding push_properties.
:interval(warning): CInterval::priv_finalize() called for LerpScaleInterval-2903 in state final.
:interval(warning): CLerpNodePathInterval::priv_step() called for LerpScaleInterval-2903 in state final.
:interval(warning): CInterval::priv_finalize() called for LerpPosInterval-2902 in state final.
:interval(warning): CLerpNodePathInterval::priv_step() called for LerpPosInterval-2902 in state final.
Assertion failed: !is_empty() at line 1838 of c:\nirai\panda3d\panda\src\pgraph\nodePath.I
:display: Created output of type ParasiteBuffer
:text(warning): Unknown TextGraphic: badge-0-0
:text(warning): Unknown TextGraphic: badge-0-0
:display:gsg:glgsg: reloading texture clouds_heavy with mipmaps
:display:gsg:glgsg: reloading texture clouds_heavy with mipmaps
:display:gsg:glgsg: reloading texture clouds_heavy with mipmaps
:display:gsg:glgsg: reloading texture clouds_heavy with mipmaps
:display:gsg:glgsg: reloading texture PM_pant_apron with mipmaps
:display:gsg:glgsg: reloading texture PM_pant_apron with mipmaps
:display:gsg:glgsg: reloading texture PM_shoe_eitc_boots_assassin with mipmaps
:display:gsg:glgsg: reloading texture PM_shirt_apron with mipmaps
Assertion failed: !is_empty() at line 1838 of c:\nirai\panda3d\panda\src\pgraph\nodePath.I
:display: Created output of type ParasiteBuffer
:interval(warning): CInterval::priv_finalize() called for LerpColorScaleInterval-3428 in state final.
:interval(warning): CLerpNodePathInterval::priv_step() called for LerpColorScaleInterval-3428 in state final.
:interval(warning): CInterval::priv_finalize() called for LerpScaleInterval-3427 in state final.
:interval(warning): CLerpNodePathInterval::priv_step() called for LerpScaleInterval-3427 in state final.
:interval(warning): CInterval::priv_finalize() called for LerpPosInterval-3426 in state final.
:interval(warning): CLerpNodePathInterval::priv_step() called for LerpPosInterval-3426 in state final.
Assertion failed: !is_empty() at line 1838 of c:\nirai\panda3d\panda\src\pgraph\nodePath.I
:display: Created output of type ParasiteBuffer
:text(warning): Unknown TextGraphic: badge-0-0
:text(warning): Unknown TextGraphic: badge-0-0
:interval(warning): CInterval::priv_finalize() called for LerpColorScaleInterval-3699 in state final.
:interval(warning): CLerpNodePathInterval::priv_step() called for LerpColorScaleInterval-3699 in state final.
:interval(warning): CInterval::priv_finalize() called for LerpScaleInterval-3698 in state final.
:interval(warning): CLerpNodePathInterval::priv_step() called for LerpScaleInterval-3698 in state final.
:interval(warning): CInterval::priv_finalize() called for LerpPosInterval-3697 in state final.
:interval(warning): CLerpNodePathInterval::priv_step() called for LerpPosInterval-3697 in state final.
:text(warning): Unknown TextGraphic: badge-0-0
:display: Created output of type ParasiteBuffer
:display: Created output of type ParasiteBuffer
:text(warning): Unknown TextGraphic: badge-0-0
Assertion failed: !is_empty() at line 1838 of c:\nirai\panda3d\panda\src\pgraph\nodePath.I
:display: Created output of type ParasiteBuffer
:display:gsg:glgsg: reloading texture alligator_undead with mipmaps
:display:gsg:glgsg: reloading texture treasure_chest_palette_3cmla_1 with mipmaps
Assertion failed: !is_empty() at line 1838 of c:\nirai\panda3d\panda\src\pgraph\nodePath.I
:audio(error): Cannot open file: audio/sfx_fire_loop.ogg
:audio(error): Could not open audio audio/sfx_fire_loop.ogg
:audio(error): Cannot open file: audio/sfx_fire_loop.ogg
:audio(error): Could not open audio audio/sfx_fire_loop.ogg
:audio(error): Cannot open file: audio/sfx_fire_loop.ogg
:audio(error): Could not open audio audio/sfx_fire_loop.ogg
:audio(error): Cannot open file: audio/sfx_fire_loop.ogg
:audio(error): Could not open audio audio/sfx_fire_loop.ogg
:audio(error): Cannot open file: audio/sfx_fire_loop.ogg
:audio(error): Could not open audio audio/sfx_fire_loop.ogg
:audio(error): Cannot open file: audio/sfx_fire_loop.ogg
:audio(error): Could not open audio audio/sfx_fire_loop.ogg
:audio(error): Cannot open file: audio/sfx_fire_loop.ogg
:audio(error): Could not open audio audio/sfx_fire_loop.ogg
:audio(error): Cannot open file: audio/sfx_fire_loop.ogg
:audio(error): Could not open audio audio/sfx_fire_loop.ogg
:audio(error): Cannot open file: audio/sfx_fire_loop.ogg
:audio(error): Could not open audio audio/sfx_fire_loop.ogg
:audio(error): Cannot open file: audio/sfx_fire_loop.ogg
:audio(error): Could not open audio audio/sfx_fire_loop.ogg
:audio(error): Cannot open file: audio/sfx_fire_loop.ogg
:audio(error): Could not open audio audio/sfx_fire_loop.ogg
:audio(error): Cannot open file: audio/sfx_fire_loop.ogg
:audio(error): Could not open audio audio/sfx_fire_loop.ogg
:audio(error): Cannot open file: audio/sfx_fire_loop.ogg
:audio(error): Could not open audio audio/sfx_fire_loop.ogg
:audio(error): Cannot open file: audio/sfx_fire_loop.ogg
:audio(error): Could not open audio audio/sfx_fire_loop.ogg
:audio(error): Cannot open file: audio/sfx_fire_loop.ogg
:audio(error): Could not open audio audio/sfx_fire_loop.ogg
:audio(error): Cannot open file: audio/sfx_fire_loop.ogg
:audio(error): Could not open audio audio/sfx_fire_loop.ogg
:audio(error): Cannot open file: audio/sfx_fire_loop.ogg
:audio(error): Could not open audio audio/sfx_fire_loop.ogg
:audio(error): Cannot open file: audio/sfx_fire_loop.ogg
:audio(error): Could not open audio audio/sfx_fire_loop.ogg
:audio(error): Cannot open file: audio/sfx_fire_loop.ogg
:audio(error): Could not open audio audio/sfx_fire_loop.ogg
:audio(error): Cannot open file: audio/sfx_fire_loop.ogg
:audio(error): Could not open audio audio/sfx_fire_loop.ogg
:display: Created output of type ParasiteBuffer
:display:gsg:glgsg: reloading texture particleSparkle with mipmaps
:display:gsg:glgsg: reloading texture particleSparkle with mipmaps
:display:gsg:glgsg: reloading texture particleGunSmoke with mipmaps
:display:gsg:glgsg: reloading texture particleGunSmoke with mipmaps
Assertion failed: !is_empty() at line 1838 of c:\nirai\panda3d\panda\src\pgraph\nodePath.I
