Sat Feb 04 17:02:14 2017: TLOPO_GAMESERVER = gs-3.piratesonline.co
Sat Feb 04 17:02:14 2017: TLOPO_PLAYCOOKIE = e04355f45e2587f3bf0d9863bbe38a4b
Sat Feb 04 17:02:14 2017: PLocalizer: Running in language: English
Sat Feb 04 17:02:14 2017: PiratesStart: Starting the game.
Sat Feb 04 17:02:23 2017: :PiratesStart: getDriverVendor NVIDIA Corporation
Sat Feb 04 17:02:23 2017: :PiratesStart: getDriverRenderer GeForce GTX 1060 3GB/PCIe/SSE2
Sat Feb 04 17:02:23 2017: :PiratesStart: getDriverVersion 4.5.0 NVIDIA 375.86
Sat Feb 04 17:02:23 2017: serverVersion:  tlopo-beta-v1.3.7
Sat Feb 04 17:02:24 2017: Initializing quest ladders...
Sat Feb 04 17:05:22 2017: Traceback (most recent call last):
Sat Feb 04 17:05:22 2017:   File "direct.distributed.ConnectionRepository", line 609, in readerPollUntilEmpty
Sat Feb 04 17:05:22 2017:   File "direct.distributed.ConnectionRepository", line 616, in readerPollOnce
Sat Feb 04 17:05:22 2017:   File "otp.distributed.OTPClientRepository", line 1606, in handleDatagram
Sat Feb 04 17:05:22 2017:   File "otp.distributed.OTPClientRepository", line 1491, in handleMessageType
Sat Feb 04 17:05:22 2017:   File "otp.distributed.OTPClientRepository", line 1761, in handleGenerateWithRequiredOwner
Sat Feb 04 17:05:22 2017:   File "otp.distributed.OTPClientRepository", line 1777, in generateWithRequiredOwner
Sat Feb 04 17:05:22 2017:   File "pirates.quest.DistributedQuestOV", line 20, in __init__
Sat Feb 04 17:05:22 2017:   File "pirates.quest.DistributedQuest", line 64, in __init__
Sat Feb 04 17:05:22 2017: NameError: global name 'localAvatar' is not defined
Sat Feb 04 17:05:22 2017: :TaskManager: TaskManager.destroy()
-3.piratesonline.co:7969 ]
:downloader: Server certificate is pre-approved.
:downloader: [213FF01C] Self-signed certificate from gs-3.piratesonline.co:7969
:display: Created output of type ParasiteBuffer
:display: Created output of type ParasiteBuffer
:display: Created output of type ParasiteBuffer
:display: Created output of type ParasiteBuffer
:shader: Reading shader file: /c/Program Files (x86)/TLOPO/resources/phase_2/models/sea/water008_20.cg
:shader(warning): Parameter tex_0_d: use of a texture suffix is deprecated.
:shader(warning): Parameter tex_0_bb: use of a texture suffix is deprecated.
:shader(warning): Parameter tex_0_low2: use of a texture suffix is deprecated.
:display:gsg:glgsg: reloading texture oceanWater2-low2 with mipmaps
:display: Created output of type ParasiteBuffer
:display: Created output of type ParasiteBuffer
:text: Loading font /c/Program Files (x86)/TLOPO/resources/phase_2/models/fonts/BriosoPro_bold_outline.bam
:text: Loading font /c/Program Files (x86)/TLOPO/resources/phase_2/models/fonts/BardiT_outline.bam
:display: Created output of type ParasiteBuffer
:display:gsg:glgsg: reloading texture male_face_asian_a with mipmaps
:display:gsg:glgsg: reloading texture pupilHazel with mipmaps
:display:gsg:glgsg: reloading texture pupilBlue with mipmaps
:display:gsg:glgsg: reloading texture pupilLightBrown with mipmaps
:display:gsg:glgsg: reloading texture pupilGreen with mipmaps
:display:gsg:glgsg: reloading texture PM_pant_long_pants_tucked_cotton_leathersidepocket with mipmaps
:display:gsg:glgsg: reloading texture PM_shoe_tall_boots_leatherlower with mipmaps
:display:gsg:glgsg: reloading texture PM_shirt_nosleeves_centerseam with mipmaps
:display:gsg:glgsg: reloading texture PM_pant_long_pants_tucked_LeatherGoldButtons with mipmaps
:display:gsg:glgsg: reloading texture PM_shirt_tanktop_stripes with mipmaps
:display:gsg:glgsg: reloading texture PM_shirt_tanktop_stripes with mipmaps
:display:gsg:glgsg: reloading texture PM_shirt_tanktop_plain with mipmaps
:display:gsg:glgsg: reloading texture PM_shirt_tanktop_plain with mipmaps
:display:gsg:glgsg: reloading texture PM_belt_sash_plain with mipmaps
:display:gsg:glgsg: reloading texture PM_vest_open_belts with mipmaps
:display:gsg:glgsg: reloading texture PM_shoe_tall_boots_lace with mipmaps
:task(error): Exception occurred in PythonTask readerPollTask-391271648
